<?xml version="1.0" encoding="UTF-8"?>
<coverage generated="1758216331268" clover="3.2.0">
  <project timestamp="1758216331269" name="All files">
    <metrics statements="1588" coveredstatements="1384" conditionals="252" coveredconditionals="179" methods="87" coveredmethods="63" elements="1927" coveredelements="1626" complexity="0" loc="1588" ncloc="1588" packages="6" files="15" classes="15"/>
    <package name="src">
      <metrics statements="61" coveredstatements="59" conditionals="12" coveredconditionals="10" methods="2" coveredmethods="1"/>
      <file name="App.tsx" path="C:\Git\derby-stat-tracker\src\App.tsx">
        <metrics statements="49" coveredstatements="47" conditionals="12" coveredconditionals="10" methods="2" coveredmethods="1"/>
        <line num="1" count="1" type="stmt"/>
        <line num="2" count="1" type="stmt"/>
        <line num="3" count="1" type="stmt"/>
        <line num="4" count="1" type="stmt"/>
        <line num="5" count="1" type="stmt"/>
        <line num="6" count="1" type="stmt"/>
        <line num="7" count="1" type="stmt"/>
        <line num="8" count="1" type="stmt"/>
        <line num="9" count="1" type="stmt"/>
        <line num="10" count="1" type="stmt"/>
        <line num="11" count="1" type="stmt"/>
        <line num="12" count="1" type="stmt"/>
        <line num="13" count="1" type="stmt"/>
        <line num="14" count="1" type="stmt"/>
        <line num="19" count="9" type="cond" truecount="1" falsecount="0"/>
        <line num="20" count="9" type="stmt"/>
        <line num="23" count="9" type="stmt"/>
        <line num="26" count="9" type="cond" truecount="0" falsecount="1"/>
        <line num="27" count="0" type="stmt"/>
        <line num="28" count="0" type="cond" truecount="1" falsecount="0"/>
        <line num="30" count="9" type="cond" truecount="1" falsecount="0"/>
        <line num="31" count="1" type="stmt"/>
        <line num="32" count="1" type="stmt"/>
        <line num="33" count="1" type="stmt"/>
        <line num="34" count="1" type="stmt"/>
        <line num="35" count="1" type="stmt"/>
        <line num="36" count="1" type="stmt"/>
        <line num="38" count="1" type="cond" truecount="1" falsecount="0"/>
        <line num="40" count="9" type="cond" truecount="1" falsecount="0"/>
        <line num="41" count="2" type="stmt"/>
        <line num="42" count="2" type="cond" truecount="1" falsecount="0"/>
        <line num="44" count="5" type="stmt"/>
        <line num="45" count="5" type="stmt"/>
        <line num="46" count="5" type="stmt"/>
        <line num="47" count="5" type="stmt"/>
        <line num="48" count="5" type="stmt"/>
        <line num="49" count="5" type="stmt"/>
        <line num="50" count="9" type="cond" truecount="1" falsecount="0"/>
        <line num="51" count="9" type="cond" truecount="1" falsecount="0"/>
        <line num="52" count="9" type="cond" truecount="1" falsecount="0"/>
        <line num="53" count="9" type="cond" truecount="1" falsecount="0"/>
        <line num="54" count="9" type="cond" truecount="0" falsecount="1"/>
        <line num="55" count="9" type="stmt"/>
        <line num="56" count="9" type="stmt"/>
        <line num="57" count="9" type="stmt"/>
        <line num="58" count="9" type="stmt"/>
        <line num="59" count="9" type="stmt"/>
        <line num="61" count="9" type="stmt"/>
        <line num="63" count="1" type="stmt"/>
      </file>
      <file name="main.tsx" path="C:\Git\derby-stat-tracker\src\main.tsx">
        <metrics statements="12" coveredstatements="12" conditionals="0" coveredconditionals="0" methods="0" coveredmethods="0"/>
        <line num="1" count="1" type="stmt"/>
        <line num="2" count="1" type="stmt"/>
        <line num="3" count="1" type="stmt"/>
        <line num="4" count="1" type="stmt"/>
        <line num="5" count="1" type="stmt"/>
        <line num="7" count="1" type="stmt"/>
        <line num="8" count="1" type="stmt"/>
        <line num="9" count="1" type="stmt"/>
        <line num="10" count="1" type="stmt"/>
        <line num="11" count="1" type="stmt"/>
        <line num="12" count="1" type="stmt"/>
        <line num="13" count="1" type="stmt"/>
      </file>
    </package>
    <package name="src.components">
      <metrics statements="1377" coveredstatements="1208" conditionals="220" coveredconditionals="154" methods="74" coveredmethods="53"/>
      <file name="Auth.tsx" path="C:\Git\derby-stat-tracker\src\components\Auth.tsx">
        <metrics statements="78" coveredstatements="78" conditionals="23" coveredconditionals="21" methods="5" coveredmethods="5"/>
        <line num="1" count="1" type="stmt"/>
        <line num="9" count="1" type="cond" truecount="1" falsecount="0"/>
        <line num="10" count="134" type="stmt"/>
        <line num="11" count="134" type="stmt"/>
        <line num="12" count="134" type="stmt"/>
        <line num="13" count="134" type="stmt"/>
        <line num="14" count="134" type="stmt"/>
        <line num="16" count="134" type="cond" truecount="1" falsecount="0"/>
        <line num="17" count="4" type="stmt"/>
        <line num="18" count="4" type="stmt"/>
        <line num="19" count="4" type="stmt"/>
        <line num="21" count="4" type="stmt"/>
        <line num="22" count="4" type="stmt"/>
        <line num="23" count="4" type="cond" truecount="1" falsecount="0"/>
        <line num="24" count="1" type="stmt"/>
        <line num="25" count="1" type="stmt"/>
        <line num="26" count="1" type="stmt"/>
        <line num="27" count="1" type="stmt"/>
        <line num="28" count="1" type="cond" truecount="0" falsecount="1"/>
        <line num="29" count="1" type="stmt"/>
        <line num="30" count="4" type="cond" truecount="1" falsecount="0"/>
        <line num="31" count="3" type="stmt"/>
        <line num="32" count="3" type="stmt"/>
        <line num="33" count="3" type="stmt"/>
        <line num="34" count="3" type="stmt"/>
        <line num="35" count="3" type="cond" truecount="2" falsecount="0"/>
        <line num="36" count="2" type="stmt"/>
        <line num="37" count="2" type="stmt"/>
        <line num="38" count="4" type="cond" truecount="1" falsecount="0"/>
        <line num="39" count="1" type="cond" truecount="0" falsecount="1"/>
        <line num="40" count="4" type="stmt"/>
        <line num="41" count="4" type="stmt"/>
        <line num="42" count="4" type="stmt"/>
        <line num="43" count="4" type="stmt"/>
        <line num="45" count="134" type="stmt"/>
        <line num="46" count="134" type="stmt"/>
        <line num="47" count="134" type="stmt"/>
        <line num="48" count="134" type="cond" truecount="2" falsecount="0"/>
        <line num="50" count="134" type="stmt"/>
        <line num="51" count="134" type="stmt"/>
        <line num="52" count="134" type="stmt"/>
        <line num="53" count="134" type="stmt"/>
        <line num="54" count="134" type="stmt"/>
        <line num="55" count="134" type="stmt"/>
        <line num="56" count="134" type="stmt"/>
        <line num="57" count="134" type="stmt"/>
        <line num="58" count="134" type="cond" truecount="1" falsecount="0"/>
        <line num="59" count="134" type="stmt"/>
        <line num="60" count="134" type="stmt"/>
        <line num="61" count="134" type="stmt"/>
        <line num="63" count="134" type="stmt"/>
        <line num="64" count="134" type="stmt"/>
        <line num="65" count="134" type="stmt"/>
        <line num="66" count="134" type="stmt"/>
        <line num="67" count="134" type="stmt"/>
        <line num="68" count="134" type="stmt"/>
        <line num="69" count="134" type="stmt"/>
        <line num="70" count="134" type="cond" truecount="1" falsecount="0"/>
        <line num="71" count="134" type="stmt"/>
        <line num="72" count="134" type="stmt"/>
        <line num="73" count="134" type="stmt"/>
        <line num="75" count="134" type="stmt"/>
        <line num="76" count="134" type="cond" truecount="4" falsecount="0"/>
        <line num="77" count="134" type="stmt"/>
        <line num="78" count="134" type="stmt"/>
        <line num="80" count="134" type="cond" truecount="1" falsecount="0"/>
        <line num="82" count="134" type="stmt"/>
        <line num="83" count="134" type="cond" truecount="2" falsecount="0"/>
        <line num="84" count="134" type="stmt"/>
        <line num="85" count="134" type="stmt"/>
        <line num="86" count="134" type="cond" truecount="1" falsecount="0"/>
        <line num="87" count="134" type="stmt"/>
        <line num="89" count="134" type="cond" truecount="2" falsecount="0"/>
        <line num="90" count="134" type="stmt"/>
        <line num="91" count="134" type="stmt"/>
        <line num="92" count="134" type="stmt"/>
        <line num="93" count="134" type="stmt"/>
        <line num="95" count="134" type="stmt"/>
      </file>
      <file name="Bouts.tsx" path="C:\Git\derby-stat-tracker\src\components\Bouts.tsx">
        <metrics statements="382" coveredstatements="318" conditionals="53" coveredconditionals="28" methods="25" coveredmethods="15"/>
        <line num="1" count="1" type="stmt"/>
        <line num="2" count="1" type="stmt"/>
        <line num="4" count="1" type="stmt"/>
        <line num="5" count="1" type="stmt"/>
        <line num="37" count="1" type="cond" truecount="1" falsecount="0"/>
        <line num="38" count="92" type="stmt"/>
        <line num="39" count="92" type="stmt"/>
        <line num="40" count="92" type="stmt"/>
        <line num="41" count="92" type="stmt"/>
        <line num="42" count="92" type="stmt"/>
        <line num="43" count="92" type="stmt"/>
        <line num="44" count="92" type="stmt"/>
        <line num="45" count="92" type="stmt"/>
        <line num="46" count="92" type="stmt"/>
        <line num="47" count="92" type="stmt"/>
        <line num="48" count="92" type="stmt"/>
        <line num="49" count="92" type="stmt"/>
        <line num="50" count="92" type="stmt"/>
        <line num="51" count="92" type="stmt"/>
        <line num="52" count="92" type="stmt"/>
        <line num="53" count="92" type="stmt"/>
        <line num="55" count="92" type="cond" truecount="1" falsecount="0"/>
        <line num="56" count="19" type="stmt"/>
        <line num="57" count="19" type="stmt"/>
        <line num="58" count="19" type="stmt"/>
        <line num="59" count="19" type="stmt"/>
        <line num="63" count="19" type="stmt"/>
        <line num="64" count="19" type="stmt"/>
        <line num="66" count="19" type="cond" truecount="0" falsecount="1"/>
        <line num="67" count="19" type="cond" truecount="0" falsecount="1"/>
        <line num="68" count="19" type="cond" truecount="0" falsecount="1"/>
        <line num="69" count="0" type="stmt"/>
        <line num="70" count="0" type="stmt"/>
        <line num="71" count="19" type="stmt"/>
        <line num="73" count="92" type="cond" truecount="1" falsecount="0"/>
        <line num="74" count="18" type="stmt"/>
        <line num="75" count="18" type="stmt"/>
        <line num="76" count="18" type="stmt"/>
        <line num="77" count="18" type="stmt"/>
        <line num="78" count="18" type="stmt"/>
        <line num="80" count="18" type="cond" truecount="0" falsecount="1"/>
        <line num="81" count="18" type="cond" truecount="0" falsecount="1"/>
        <line num="82" count="18" type="cond" truecount="0" falsecount="1"/>
        <line num="83" count="0" type="stmt"/>
        <line num="84" count="0" type="stmt"/>
        <line num="85" count="18" type="stmt"/>
        <line num="87" count="92" type="cond" truecount="1" falsecount="0"/>
        <line num="88" count="18" type="cond" truecount="1" falsecount="0"/>
        <line num="89" count="18" type="stmt"/>
        <line num="90" count="18" type="stmt"/>
        <line num="91" count="18" type="stmt"/>
        <line num="92" count="18" type="stmt"/>
        <line num="93" count="18" type="stmt"/>
        <line num="94" count="92" type="stmt"/>
        <line num="96" count="92" type="cond" truecount="1" falsecount="0"/>
        <line num="97" count="1" type="stmt"/>
        <line num="98" count="1" type="stmt"/>
        <line num="99" count="1" type="stmt"/>
        <line num="100" count="1" type="stmt"/>
        <line num="101" count="1" type="stmt"/>
        <line num="102" count="1" type="stmt"/>
        <line num="103" count="1" type="stmt"/>
        <line num="104" count="1" type="stmt"/>
        <line num="105" count="1" type="stmt"/>
        <line num="106" count="1" type="stmt"/>
        <line num="107" count="1" type="stmt"/>
        <line num="108" count="1" type="stmt"/>
        <line num="109" count="1" type="stmt"/>
        <line num="111" count="92" type="cond" truecount="1" falsecount="0"/>
        <line num="112" count="1" type="stmt"/>
        <line num="114" count="1" type="cond" truecount="0" falsecount="1"/>
        <line num="115" count="0" type="stmt"/>
        <line num="116" count="0" type="stmt"/>
        <line num="117" count="0" type="stmt"/>
        <line num="119" count="1" type="stmt"/>
        <line num="120" count="1" type="stmt"/>
        <line num="121" count="1" type="stmt"/>
        <line num="122" count="1" type="cond" truecount="0" falsecount="1"/>
        <line num="124" count="0" type="stmt"/>
        <line num="125" count="0" type="stmt"/>
        <line num="126" count="0" type="stmt"/>
        <line num="127" count="0" type="stmt"/>
        <line num="128" count="0" type="stmt"/>
        <line num="129" count="0" type="stmt"/>
        <line num="130" count="1" type="cond" truecount="0" falsecount="1"/>
        <line num="131" count="1" type="cond" truecount="0" falsecount="2"/>
        <line num="132" count="1" type="stmt"/>
        <line num="133" count="1" type="cond" truecount="0" falsecount="1"/>
        <line num="134" count="1" type="stmt"/>
        <line num="136" count="1" type="cond" truecount="0" falsecount="1"/>
        <line num="137" count="0" type="stmt"/>
        <line num="138" count="0" type="stmt"/>
        <line num="139" count="0" type="stmt"/>
        <line num="140" count="0" type="stmt"/>
        <line num="142" count="0" type="stmt"/>
        <line num="143" count="0" type="stmt"/>
        <line num="144" count="0" type="stmt"/>
        <line num="145" count="0" type="stmt"/>
        <line num="146" count="0" type="stmt"/>
        <line num="148" count="0" type="stmt"/>
        <line num="149" count="0" type="stmt"/>
        <line num="151" count="0" type="stmt"/>
        <line num="152" count="0" type="stmt"/>
        <line num="153" count="0" type="stmt"/>
        <line num="154" count="0" type="stmt"/>
        <line num="155" count="0" type="stmt"/>
        <line num="156" count="0" type="stmt"/>
        <line num="157" count="1" type="stmt"/>
        <line num="159" count="92" type="stmt"/>
        <line num="160" count="0" type="stmt"/>
        <line num="161" count="0" type="stmt"/>
        <line num="162" count="0" type="stmt"/>
        <line num="163" count="0" type="stmt"/>
        <line num="164" count="0" type="stmt"/>
        <line num="165" count="0" type="stmt"/>
        <line num="166" count="0" type="stmt"/>
        <line num="167" count="0" type="stmt"/>
        <line num="168" count="0" type="stmt"/>
        <line num="169" count="0" type="stmt"/>
        <line num="170" count="0" type="stmt"/>
        <line num="171" count="0" type="stmt"/>
        <line num="172" count="0" type="stmt"/>
        <line num="174" count="92" type="cond" truecount="1" falsecount="0"/>
        <line num="175" count="1" type="cond" truecount="0" falsecount="1"/>
        <line num="177" count="1" type="stmt"/>
        <line num="178" count="1" type="stmt"/>
        <line num="179" count="1" type="stmt"/>
        <line num="180" count="1" type="stmt"/>
        <line num="181" count="1" type="stmt"/>
        <line num="183" count="1" type="cond" truecount="0" falsecount="1"/>
        <line num="184" count="1" type="stmt"/>
        <line num="185" count="1" type="cond" truecount="0" falsecount="1"/>
        <line num="186" count="0" type="stmt"/>
        <line num="187" count="0" type="stmt"/>
        <line num="188" count="1" type="stmt"/>
        <line num="190" count="92" type="cond" truecount="1" falsecount="0"/>
        <line num="191" count="55" type="stmt"/>
        <line num="192" count="55" type="cond" truecount="0" falsecount="1"/>
        <line num="193" count="55" type="cond" truecount="0" falsecount="1"/>
        <line num="194" count="55" type="stmt"/>
        <line num="195" count="55" type="cond" truecount="0" falsecount="1"/>
        <line num="196" count="55" type="cond" truecount="0" falsecount="1"/>
        <line num="197" count="55" type="stmt"/>
        <line num="198" count="55" type="stmt"/>
        <line num="200" count="92" type="cond" truecount="1" falsecount="0"/>
        <line num="201" count="55" type="stmt"/>
        <line num="202" count="55" type="stmt"/>
        <line num="203" count="55" type="stmt"/>
        <line num="204" count="55" type="stmt"/>
        <line num="205" count="55" type="stmt"/>
        <line num="206" count="55" type="stmt"/>
        <line num="207" count="55" type="stmt"/>
        <line num="208" count="55" type="stmt"/>
        <line num="209" count="55" type="stmt"/>
        <line num="211" count="92" type="cond" truecount="2" falsecount="0"/>
        <line num="212" count="34" type="stmt"/>
        <line num="213" count="34" type="stmt"/>
        <line num="214" count="34" type="stmt"/>
        <line num="215" count="34" type="stmt"/>
        <line num="217" count="34" type="cond" truecount="1" falsecount="0"/>
        <line num="219" count="57" type="stmt"/>
        <line num="220" count="57" type="stmt"/>
        <line num="221" count="57" type="stmt"/>
        <line num="222" count="57" type="stmt"/>
        <line num="223" count="57" type="stmt"/>
        <line num="224" count="57" type="stmt"/>
        <line num="225" count="57" type="stmt"/>
        <line num="226" count="57" type="stmt"/>
        <line num="227" count="57" type="stmt"/>
        <line num="228" count="57" type="cond" truecount="1" falsecount="0"/>
        <line num="230" count="92" type="cond" truecount="2" falsecount="0"/>
        <line num="231" count="92" type="stmt"/>
        <line num="232" count="92" type="stmt"/>
        <line num="234" count="92" type="cond" truecount="1" falsecount="0"/>
        <line num="235" count="1" type="stmt"/>
        <line num="236" count="1" type="stmt"/>
        <line num="237" count="1" type="stmt"/>
        <line num="238" count="1" type="stmt"/>
        <line num="239" count="1" type="stmt"/>
        <line num="240" count="1" type="stmt"/>
        <line num="242" count="1" type="stmt"/>
        <line num="243" count="1" type="stmt"/>
        <line num="246" count="92" type="cond" truecount="1" falsecount="0"/>
        <line num="247" count="22" type="stmt"/>
        <line num="248" count="22" type="cond" truecount="0" falsecount="1"/>
        <line num="249" count="22" type="stmt"/>
        <line num="250" count="22" type="stmt"/>
        <line num="251" count="22" type="stmt"/>
        <line num="252" count="22" type="stmt"/>
        <line num="253" count="22" type="stmt"/>
        <line num="254" count="22" type="stmt"/>
        <line num="255" count="22" type="stmt"/>
        <line num="256" count="22" type="cond" truecount="1" falsecount="0"/>
        <line num="257" count="22" type="stmt"/>
        <line num="259" count="22" type="stmt"/>
        <line num="260" count="22" type="cond" truecount="1" falsecount="0"/>
        <line num="261" count="44" type="stmt"/>
        <line num="262" count="44" type="stmt"/>
        <line num="263" count="44" type="stmt"/>
        <line num="264" count="22" type="stmt"/>
        <line num="265" count="22" type="stmt"/>
        <line num="266" count="22" type="stmt"/>
        <line num="268" count="22" type="stmt"/>
        <line num="269" count="22" type="stmt"/>
        <line num="270" count="22" type="stmt"/>
        <line num="271" count="22" type="stmt"/>
        <line num="272" count="22" type="stmt"/>
        <line num="273" count="22" type="cond" truecount="1" falsecount="0"/>
        <line num="274" count="22" type="stmt"/>
        <line num="276" count="22" type="stmt"/>
        <line num="277" count="22" type="cond" truecount="1" falsecount="0"/>
        <line num="278" count="44" type="stmt"/>
        <line num="279" count="44" type="stmt"/>
        <line num="280" count="44" type="stmt"/>
        <line num="281" count="22" type="stmt"/>
        <line num="282" count="22" type="stmt"/>
        <line num="283" count="22" type="stmt"/>
        <line num="284" count="22" type="stmt"/>
        <line num="286" count="22" type="stmt"/>
        <line num="287" count="22" type="stmt"/>
        <line num="288" count="22" type="stmt"/>
        <line num="289" count="22" type="stmt"/>
        <line num="290" count="22" type="stmt"/>
        <line num="291" count="22" type="stmt"/>
        <line num="292" count="22" type="stmt"/>
        <line num="293" count="22" type="cond" truecount="1" falsecount="0"/>
        <line num="294" count="22" type="stmt"/>
        <line num="295" count="22" type="stmt"/>
        <line num="296" count="22" type="stmt"/>
        <line num="298" count="22" type="stmt"/>
        <line num="299" count="22" type="stmt"/>
        <line num="300" count="22" type="stmt"/>
        <line num="301" count="22" type="stmt"/>
        <line num="302" count="22" type="stmt"/>
        <line num="303" count="22" type="stmt"/>
        <line num="304" count="22" type="cond" truecount="1" falsecount="0"/>
        <line num="305" count="22" type="stmt"/>
        <line num="306" count="22" type="stmt"/>
        <line num="307" count="22" type="stmt"/>
        <line num="308" count="22" type="stmt"/>
        <line num="309" count="22" type="stmt"/>
        <line num="311" count="22" type="stmt"/>
        <line num="312" count="22" type="stmt"/>
        <line num="313" count="22" type="stmt"/>
        <line num="314" count="22" type="stmt"/>
        <line num="315" count="22" type="stmt"/>
        <line num="316" count="22" type="stmt"/>
        <line num="317" count="22" type="stmt"/>
        <line num="318" count="22" type="stmt"/>
        <line num="319" count="22" type="stmt"/>
        <line num="320" count="22" type="stmt"/>
        <line num="321" count="22" type="stmt"/>
        <line num="322" count="22" type="stmt"/>
        <line num="324" count="22" type="stmt"/>
        <line num="325" count="22" type="stmt"/>
        <line num="326" count="22" type="stmt"/>
        <line num="327" count="22" type="stmt"/>
        <line num="328" count="22" type="stmt"/>
        <line num="329" count="22" type="stmt"/>
        <line num="330" count="22" type="stmt"/>
        <line num="331" count="22" type="stmt"/>
        <line num="332" count="22" type="stmt"/>
        <line num="333" count="22" type="stmt"/>
        <line num="334" count="22" type="stmt"/>
        <line num="336" count="22" type="stmt"/>
        <line num="337" count="22" type="stmt"/>
        <line num="338" count="22" type="stmt"/>
        <line num="339" count="22" type="stmt"/>
        <line num="340" count="22" type="stmt"/>
        <line num="341" count="22" type="stmt"/>
        <line num="343" count="22" type="stmt"/>
        <line num="344" count="22" type="stmt"/>
        <line num="345" count="22" type="stmt"/>
        <line num="346" count="22" type="stmt"/>
        <line num="347" count="22" type="stmt"/>
        <line num="348" count="22" type="stmt"/>
        <line num="349" count="22" type="stmt"/>
        <line num="351" count="22" type="stmt"/>
        <line num="352" count="22" type="stmt"/>
        <line num="353" count="22" type="stmt"/>
        <line num="354" count="22" type="stmt"/>
        <line num="355" count="22" type="stmt"/>
        <line num="356" count="22" type="stmt"/>
        <line num="357" count="22" type="stmt"/>
        <line num="358" count="22" type="stmt"/>
        <line num="359" count="22" type="stmt"/>
        <line num="360" count="22" type="stmt"/>
        <line num="362" count="22" type="stmt"/>
        <line num="363" count="22" type="stmt"/>
        <line num="365" count="22" type="stmt"/>
        <line num="366" count="22" type="stmt"/>
        <line num="367" count="22" type="cond" truecount="0" falsecount="1"/>
        <line num="368" count="22" type="stmt"/>
        <line num="369" count="22" type="stmt"/>
        <line num="370" count="22" type="stmt"/>
        <line num="371" count="22" type="stmt"/>
        <line num="374" count="92" type="cond" truecount="1" falsecount="0"/>
        <line num="375" count="2" type="stmt"/>
        <line num="376" count="2" type="stmt"/>
        <line num="377" count="2" type="stmt"/>
        <line num="378" count="2" type="stmt"/>
        <line num="379" count="2" type="stmt"/>
        <line num="380" count="2" type="stmt"/>
        <line num="381" count="2" type="stmt"/>
        <line num="382" count="2" type="stmt"/>
        <line num="384" count="2" type="stmt"/>
        <line num="385" count="2" type="cond" truecount="1" falsecount="0"/>
        <line num="387" count="55" type="stmt"/>
        <line num="388" count="55" type="cond" truecount="1" falsecount="0"/>
        <line num="389" count="55" type="stmt"/>
        <line num="390" count="55" type="stmt"/>
        <line num="391" count="55" type="stmt"/>
        <line num="392" count="55" type="stmt"/>
        <line num="393" count="55" type="stmt"/>
        <line num="394" count="55" type="stmt"/>
        <line num="395" count="55" type="stmt"/>
        <line num="396" count="55" type="stmt"/>
        <line num="397" count="55" type="stmt"/>
        <line num="398" count="55" type="stmt"/>
        <line num="400" count="55" type="stmt"/>
        <line num="401" count="55" type="stmt"/>
        <line num="402" count="55" type="cond" truecount="1" falsecount="0"/>
        <line num="403" count="55" type="stmt"/>
        <line num="404" count="55" type="stmt"/>
        <line num="406" count="55" type="stmt"/>
        <line num="407" count="55" type="stmt"/>
        <line num="408" count="55" type="stmt"/>
        <line num="410" count="55" type="stmt"/>
        <line num="411" count="55" type="stmt"/>
        <line num="412" count="55" type="cond" truecount="0" falsecount="1"/>
        <line num="413" count="0" type="stmt"/>
        <line num="414" count="0" type="stmt"/>
        <line num="415" count="0" type="stmt"/>
        <line num="416" count="0" type="stmt"/>
        <line num="417" count="0" type="stmt"/>
        <line num="418" count="0" type="stmt"/>
        <line num="419" count="0" type="stmt"/>
        <line num="420" count="0" type="stmt"/>
        <line num="422" count="55" type="stmt"/>
        <line num="423" count="55" type="stmt"/>
        <line num="424" count="55" type="stmt"/>
        <line num="425" count="55" type="stmt"/>
        <line num="426" count="55" type="stmt"/>
        <line num="427" count="55" type="stmt"/>
        <line num="429" count="55" type="stmt"/>
        <line num="431" count="55" type="stmt"/>
        <line num="433" count="55" type="stmt"/>
        <line num="434" count="55" type="stmt"/>
        <line num="435" count="55" type="stmt"/>
        <line num="437" count="55" type="stmt"/>
        <line num="438" count="55" type="stmt"/>
        <line num="439" count="55" type="stmt"/>
        <line num="440" count="55" type="stmt"/>
        <line num="441" count="55" type="cond" truecount="0" falsecount="1"/>
        <line num="442" count="0" type="stmt"/>
        <line num="443" count="0" type="stmt"/>
        <line num="444" count="0" type="stmt"/>
        <line num="445" count="0" type="stmt"/>
        <line num="446" count="0" type="stmt"/>
        <line num="447" count="0" type="stmt"/>
        <line num="448" count="0" type="stmt"/>
        <line num="449" count="0" type="stmt"/>
        <line num="451" count="55" type="stmt"/>
        <line num="452" count="55" type="stmt"/>
        <line num="454" count="55" type="stmt"/>
        <line num="455" count="55" type="stmt"/>
        <line num="456" count="55" type="stmt"/>
        <line num="457" count="55" type="stmt"/>
        <line num="458" count="55" type="stmt"/>
        <line num="459" count="55" type="stmt"/>
        <line num="460" count="55" type="stmt"/>
        <line num="461" count="55" type="cond" truecount="0" falsecount="1"/>
        <line num="462" count="0" type="stmt"/>
        <line num="463" count="0" type="stmt"/>
        <line num="464" count="0" type="stmt"/>
        <line num="466" count="55" type="stmt"/>
        <line num="467" count="55" type="stmt"/>
        <line num="468" count="55" type="stmt"/>
        <line num="469" count="55" type="stmt"/>
        <line num="471" count="92" type="stmt"/>
        <line num="473" count="92" type="stmt"/>
        <line num="475" count="1" type="stmt"/>
      </file>
      <file name="ConfigurationError.tsx" path="C:\Git\derby-stat-tracker\src\components\ConfigurationError.tsx">
        <metrics statements="34" coveredstatements="34" conditionals="2" coveredconditionals="2" methods="2" coveredmethods="2"/>
        <line num="1" count="1" type="stmt"/>
        <line num="7" count="1" type="cond" truecount="1" falsecount="0"/>
        <line num="8" count="4" type="stmt"/>
        <line num="9" count="4" type="stmt"/>
        <line num="10" count="4" type="stmt"/>
        <line num="11" count="4" type="stmt"/>
        <line num="12" count="4" type="stmt"/>
        <line num="14" count="4" type="stmt"/>
        <line num="15" count="4" type="stmt"/>
        <line num="16" count="4" type="stmt"/>
        <line num="17" count="4" type="stmt"/>
        <line num="18" count="4" type="stmt"/>
        <line num="19" count="4" type="stmt"/>
        <line num="20" count="4" type="stmt"/>
        <line num="21" count="4" type="stmt"/>
        <line num="22" count="4" type="stmt"/>
        <line num="23" count="4" type="stmt"/>
        <line num="24" count="4" type="stmt"/>
        <line num="25" count="4" type="stmt"/>
        <line num="27" count="4" type="stmt"/>
        <line num="28" count="4" type="stmt"/>
        <line num="29" count="4" type="stmt"/>
        <line num="30" count="4" type="stmt"/>
        <line num="32" count="4" type="stmt"/>
        <line num="33" count="4" type="stmt"/>
        <line num="34" count="4" type="stmt"/>
        <line num="35" count="4" type="cond" truecount="1" falsecount="0"/>
        <line num="36" count="4" type="stmt"/>
        <line num="37" count="4" type="stmt"/>
        <line num="38" count="4" type="stmt"/>
        <line num="40" count="4" type="stmt"/>
        <line num="41" count="4" type="stmt"/>
        <line num="42" count="4" type="stmt"/>
        <line num="44" count="4" type="stmt"/>
      </file>
      <file name="Dashboard.tsx" path="C:\Git\derby-stat-tracker\src\components\Dashboard.tsx">
        <metrics statements="247" coveredstatements="214" conditionals="34" coveredconditionals="24" methods="3" coveredmethods="2"/>
        <line num="1" count="1" type="stmt"/>
        <line num="2" count="1" type="stmt"/>
        <line num="4" count="1" type="stmt"/>
        <line num="5" count="1" type="stmt"/>
        <line num="39" count="1" type="cond" truecount="1" falsecount="0"/>
        <line num="40" count="14" type="stmt"/>
        <line num="41" count="14" type="stmt"/>
        <line num="42" count="14" type="stmt"/>
        <line num="43" count="14" type="stmt"/>
        <line num="44" count="14" type="stmt"/>
        <line num="45" count="14" type="stmt"/>
        <line num="46" count="14" type="stmt"/>
        <line num="47" count="14" type="stmt"/>
        <line num="48" count="14" type="stmt"/>
        <line num="49" count="14" type="stmt"/>
        <line num="51" count="14" type="cond" truecount="1" falsecount="0"/>
        <line num="52" count="9" type="stmt"/>
        <line num="53" count="9" type="stmt"/>
        <line num="56" count="9" type="stmt"/>
        <line num="57" count="9" type="stmt"/>
        <line num="58" count="9" type="stmt"/>
        <line num="69" count="9" type="stmt"/>
        <line num="70" count="9" type="stmt"/>
        <line num="72" count="9" type="cond" truecount="0" falsecount="1"/>
        <line num="75" count="9" type="cond" truecount="1" falsecount="1"/>
        <line num="76" count="14" type="stmt"/>
        <line num="77" count="14" type="stmt"/>
        <line num="79" count="14" type="stmt"/>
        <line num="80" count="14" type="stmt"/>
        <line num="81" count="14" type="stmt"/>
        <line num="82" count="14" type="stmt"/>
        <line num="83" count="14" type="stmt"/>
        <line num="84" count="0" type="stmt"/>
        <line num="85" count="0" type="stmt"/>
        <line num="86" count="0" type="stmt"/>
        <line num="87" count="14" type="stmt"/>
        <line num="88" count="14" type="stmt"/>
        <line num="89" count="9" type="stmt"/>
        <line num="91" count="9" type="stmt"/>
        <line num="94" count="9" type="stmt"/>
        <line num="95" count="9" type="stmt"/>
        <line num="96" count="9" type="stmt"/>
        <line num="97" count="9" type="stmt"/>
        <line num="100" count="9" type="stmt"/>
        <line num="101" count="9" type="cond" truecount="1" falsecount="0"/>
        <line num="102" count="14" type="stmt"/>
        <line num="103" count="14" type="stmt"/>
        <line num="104" count="0" type="stmt"/>
        <line num="105" count="0" type="stmt"/>
        <line num="106" count="0" type="stmt"/>
        <line num="107" count="14" type="stmt"/>
        <line num="108" count="9" type="stmt"/>
        <line num="111" count="9" type="stmt"/>
        <line num="112" count="9" type="stmt"/>
        <line num="113" count="9" type="stmt"/>
        <line num="114" count="9" type="stmt"/>
        <line num="115" count="9" type="cond" truecount="1" falsecount="0"/>
        <line num="117" count="7" type="stmt"/>
        <line num="118" count="7" type="stmt"/>
        <line num="119" count="7" type="stmt"/>
        <line num="120" count="7" type="stmt"/>
        <line num="121" count="7" type="stmt"/>
        <line num="124" count="7" type="stmt"/>
        <line num="125" count="9" type="cond" truecount="1" falsecount="1"/>
        <line num="126" count="21" type="stmt"/>
        <line num="127" count="21" type="stmt"/>
        <line num="128" count="21" type="stmt"/>
        <line num="129" count="9" type="stmt"/>
        <line num="130" count="9" type="cond" truecount="1" falsecount="1"/>
        <line num="131" count="14" type="stmt"/>
        <line num="132" count="14" type="stmt"/>
        <line num="133" count="14" type="stmt"/>
        <line num="134" count="9" type="stmt"/>
        <line num="135" count="9" type="cond" truecount="1" falsecount="0"/>
        <line num="137" count="9" type="stmt"/>
        <line num="138" count="9" type="stmt"/>
        <line num="139" count="9" type="cond" truecount="1" falsecount="0"/>
        <line num="140" count="9" type="cond" truecount="1" falsecount="0"/>
        <line num="141" count="9" type="stmt"/>
        <line num="142" count="9" type="stmt"/>
        <line num="143" count="9" type="stmt"/>
        <line num="145" count="9" type="cond" truecount="1" falsecount="0"/>
        <line num="146" count="2" type="cond" truecount="0" falsecount="1"/>
        <line num="147" count="9" type="stmt"/>
        <line num="148" count="9" type="stmt"/>
        <line num="149" count="9" type="stmt"/>
        <line num="150" count="9" type="stmt"/>
        <line num="152" count="14" type="cond" truecount="1" falsecount="0"/>
        <line num="153" count="9" type="stmt"/>
        <line num="154" count="14" type="stmt"/>
        <line num="156" count="14" type="cond" truecount="1" falsecount="0"/>
        <line num="157" count="9" type="stmt"/>
        <line num="158" count="9" type="stmt"/>
        <line num="159" count="9" type="stmt"/>
        <line num="160" count="9" type="stmt"/>
        <line num="162" count="9" type="cond" truecount="2" falsecount="0"/>
        <line num="164" count="11" type="cond" truecount="1" falsecount="0"/>
        <line num="165" count="1" type="stmt"/>
        <line num="166" count="1" type="stmt"/>
        <line num="167" count="1" type="stmt"/>
        <line num="168" count="1" type="stmt"/>
        <line num="170" count="1" type="cond" truecount="2" falsecount="0"/>
        <line num="172" count="2" type="stmt"/>
        <line num="173" count="2" type="stmt"/>
        <line num="174" count="2" type="stmt"/>
        <line num="175" count="2" type="stmt"/>
        <line num="176" count="2" type="stmt"/>
        <line num="177" count="2" type="stmt"/>
        <line num="180" count="2" type="stmt"/>
        <line num="181" count="2" type="stmt"/>
        <line num="182" count="2" type="stmt"/>
        <line num="183" count="2" type="stmt"/>
        <line num="184" count="2" type="stmt"/>
        <line num="185" count="2" type="stmt"/>
        <line num="186" count="2" type="stmt"/>
        <line num="187" count="2" type="stmt"/>
        <line num="189" count="2" type="stmt"/>
        <line num="190" count="2" type="stmt"/>
        <line num="191" count="2" type="stmt"/>
        <line num="192" count="2" type="stmt"/>
        <line num="193" count="2" type="stmt"/>
        <line num="194" count="2" type="stmt"/>
        <line num="195" count="2" type="stmt"/>
        <line num="197" count="2" type="stmt"/>
        <line num="198" count="2" type="stmt"/>
        <line num="199" count="2" type="stmt"/>
        <line num="200" count="2" type="stmt"/>
        <line num="201" count="2" type="stmt"/>
        <line num="202" count="2" type="stmt"/>
        <line num="203" count="2" type="stmt"/>
        <line num="205" count="2" type="stmt"/>
        <line num="206" count="2" type="stmt"/>
        <line num="207" count="2" type="stmt"/>
        <line num="208" count="2" type="stmt"/>
        <line num="209" count="2" type="stmt"/>
        <line num="210" count="2" type="stmt"/>
        <line num="211" count="2" type="stmt"/>
        <line num="212" count="2" type="stmt"/>
        <line num="213" count="2" type="stmt"/>
        <line num="214" count="2" type="stmt"/>
        <line num="217" count="2" type="stmt"/>
        <line num="218" count="2" type="stmt"/>
        <line num="219" count="2" type="stmt"/>
        <line num="220" count="2" type="stmt"/>
        <line num="221" count="2" type="stmt"/>
        <line num="222" count="2" type="stmt"/>
        <line num="223" count="2" type="stmt"/>
        <line num="225" count="2" type="stmt"/>
        <line num="226" count="2" type="stmt"/>
        <line num="227" count="2" type="stmt"/>
        <line num="228" count="2" type="stmt"/>
        <line num="230" count="2" type="stmt"/>
        <line num="231" count="2" type="stmt"/>
        <line num="232" count="2" type="stmt"/>
        <line num="233" count="2" type="stmt"/>
        <line num="235" count="2" type="stmt"/>
        <line num="236" count="2" type="stmt"/>
        <line num="237" count="2" type="stmt"/>
        <line num="238" count="2" type="stmt"/>
        <line num="239" count="2" type="stmt"/>
        <line num="240" count="2" type="stmt"/>
        <line num="242" count="2" type="stmt"/>
        <line num="244" count="2" type="stmt"/>
        <line num="245" count="2" type="stmt"/>
        <line num="246" count="2" type="cond" truecount="0" falsecount="1"/>
        <line num="247" count="0" type="stmt"/>
        <line num="248" count="0" type="stmt"/>
        <line num="249" count="0" type="cond" truecount="1" falsecount="0"/>
        <line num="251" count="2" type="stmt"/>
        <line num="252" count="2" type="cond" truecount="1" falsecount="0"/>
        <line num="253" count="4" type="stmt"/>
        <line num="254" count="4" type="stmt"/>
        <line num="255" count="4" type="cond" truecount="0" falsecount="1"/>
        <line num="256" count="0" type="stmt"/>
        <line num="257" count="0" type="stmt"/>
        <line num="258" count="0" type="stmt"/>
        <line num="259" count="0" type="stmt"/>
        <line num="260" count="0" type="stmt"/>
        <line num="261" count="0" type="stmt"/>
        <line num="262" count="0" type="stmt"/>
        <line num="263" count="0" type="stmt"/>
        <line num="265" count="4" type="stmt"/>
        <line num="266" count="4" type="stmt"/>
        <line num="267" count="4" type="stmt"/>
        <line num="268" count="4" type="stmt"/>
        <line num="269" count="4" type="stmt"/>
        <line num="270" count="4" type="stmt"/>
        <line num="271" count="4" type="stmt"/>
        <line num="272" count="4" type="stmt"/>
        <line num="273" count="4" type="stmt"/>
        <line num="274" count="4" type="stmt"/>
        <line num="275" count="4" type="stmt"/>
        <line num="276" count="4" type="stmt"/>
        <line num="278" count="4" type="cond" truecount="0" falsecount="1"/>
        <line num="279" count="0" type="stmt"/>
        <line num="280" count="0" type="stmt"/>
        <line num="281" count="0" type="stmt"/>
        <line num="282" count="0" type="stmt"/>
        <line num="283" count="0" type="stmt"/>
        <line num="284" count="0" type="stmt"/>
        <line num="285" count="0" type="stmt"/>
        <line num="286" count="0" type="stmt"/>
        <line num="287" count="0" type="stmt"/>
        <line num="288" count="0" type="stmt"/>
        <line num="289" count="0" type="stmt"/>
        <line num="290" count="0" type="stmt"/>
        <line num="291" count="0" type="stmt"/>
        <line num="294" count="4" type="stmt"/>
        <line num="295" count="4" type="stmt"/>
        <line num="296" count="4" type="stmt"/>
        <line num="297" count="4" type="stmt"/>
        <line num="299" count="4" type="stmt"/>
        <line num="300" count="2" type="stmt"/>
        <line num="301" count="2" type="stmt"/>
        <line num="303" count="14" type="stmt"/>
        <line num="306" count="14" type="stmt"/>
        <line num="307" count="14" type="stmt"/>
        <line num="308" count="14" type="cond" truecount="0" falsecount="1"/>
        <line num="309" count="0" type="stmt"/>
        <line num="310" count="0" type="stmt"/>
        <line num="311" count="0" type="cond" truecount="1" falsecount="0"/>
        <line num="313" count="2" type="stmt"/>
        <line num="314" count="2" type="cond" truecount="1" falsecount="0"/>
        <line num="315" count="10" type="stmt"/>
        <line num="316" count="10" type="stmt"/>
        <line num="317" count="10" type="cond" truecount="1" falsecount="0"/>
        <line num="318" count="10" type="cond" truecount="1" falsecount="0"/>
        <line num="319" count="10" type="cond" truecount="0" falsecount="1"/>
        <line num="320" count="10" type="stmt"/>
        <line num="321" count="10" type="stmt"/>
        <line num="322" count="10" type="stmt"/>
        <line num="323" count="10" type="stmt"/>
        <line num="324" count="10" type="stmt"/>
        <line num="325" count="10" type="stmt"/>
        <line num="326" count="10" type="stmt"/>
        <line num="327" count="10" type="stmt"/>
        <line num="328" count="10" type="stmt"/>
        <line num="329" count="10" type="stmt"/>
        <line num="330" count="10" type="stmt"/>
        <line num="331" count="10" type="stmt"/>
        <line num="332" count="2" type="stmt"/>
        <line num="333" count="2" type="stmt"/>
        <line num="335" count="14" type="stmt"/>
        <line num="336" count="14" type="stmt"/>
        <line num="337" count="14" type="stmt"/>
        <line num="339" count="14" type="stmt"/>
        <line num="341" count="1" type="stmt"/>
      </file>
      <file name="ErrorBoundary.tsx" path="C:\Git\derby-stat-tracker\src\components\ErrorBoundary.tsx">
        <metrics statements="37" coveredstatements="37" conditionals="6" coveredconditionals="6" methods="5" coveredmethods="4"/>
        <line num="1" count="1" type="stmt"/>
        <line num="2" count="1" type="stmt"/>
        <line num="13" count="1" type="cond" truecount="1" falsecount="0"/>
        <line num="14" count="9" type="stmt"/>
        <line num="15" count="9" type="stmt"/>
        <line num="16" count="9" type="stmt"/>
        <line num="18" count="9" type="cond" truecount="1" falsecount="0"/>
        <line num="19" count="8" type="stmt"/>
        <line num="20" count="8" type="stmt"/>
        <line num="22" count="9" type="cond" truecount="1" falsecount="0"/>
        <line num="23" count="4" type="stmt"/>
        <line num="24" count="4" type="stmt"/>
        <line num="26" count="9" type="cond" truecount="1" falsecount="0"/>
        <line num="27" count="17" type="cond" truecount="1" falsecount="0"/>
        <line num="28" count="8" type="stmt"/>
        <line num="29" count="8" type="stmt"/>
        <line num="30" count="8" type="stmt"/>
        <line num="31" count="8" type="stmt"/>
        <line num="32" count="8" type="stmt"/>
        <line num="34" count="8" type="stmt"/>
        <line num="35" count="8" type="stmt"/>
        <line num="36" count="8" type="stmt"/>
        <line num="37" count="8" type="stmt"/>
        <line num="38" count="8" type="stmt"/>
        <line num="39" count="8" type="stmt"/>
        <line num="40" count="8" type="stmt"/>
        <line num="41" count="8" type="stmt"/>
        <line num="42" count="8" type="stmt"/>
        <line num="43" count="8" type="stmt"/>
        <line num="45" count="8" type="stmt"/>
        <line num="46" count="8" type="stmt"/>
        <line num="47" count="8" type="stmt"/>
        <line num="49" count="8" type="cond" truecount="1" falsecount="0"/>
        <line num="51" count="9" type="stmt"/>
        <line num="52" count="17" type="stmt"/>
        <line num="53" count="9" type="stmt"/>
        <line num="55" count="1" type="stmt"/>
      </file>
      <file name="Header.tsx" path="C:\Git\derby-stat-tracker\src\components\Header.tsx">
        <metrics statements="21" coveredstatements="21" conditionals="2" coveredconditionals="2" methods="1" coveredmethods="1"/>
        <line num="1" count="1" type="stmt"/>
        <line num="2" count="1" type="stmt"/>
        <line num="4" count="1" type="cond" truecount="1" falsecount="0"/>
        <line num="5" count="12" type="stmt"/>
        <line num="7" count="12" type="stmt"/>
        <line num="8" count="12" type="stmt"/>
        <line num="9" count="12" type="stmt"/>
        <line num="10" count="12" type="stmt"/>
        <line num="11" count="12" type="stmt"/>
        <line num="12" count="12" type="stmt"/>
        <line num="13" count="12" type="cond" truecount="1" falsecount="0"/>
        <line num="14" count="8" type="stmt"/>
        <line num="15" count="8" type="stmt"/>
        <line num="16" count="8" type="stmt"/>
        <line num="18" count="8" type="stmt"/>
        <line num="19" count="8" type="stmt"/>
        <line num="21" count="12" type="stmt"/>
        <line num="22" count="12" type="stmt"/>
        <line num="23" count="12" type="stmt"/>
        <line num="25" count="12" type="stmt"/>
        <line num="27" count="1" type="stmt"/>
      </file>
      <file name="Navigation.tsx" path="C:\Git\derby-stat-tracker\src\components\Navigation.tsx">
        <metrics statements="37" coveredstatements="37" conditionals="5" coveredconditionals="5" methods="2" coveredmethods="2"/>
        <line num="1" count="1" type="stmt"/>
        <line num="2" count="1" type="stmt"/>
        <line num="11" count="1" type="cond" truecount="1" falsecount="0"/>
        <line num="12" count="9" type="stmt"/>
        <line num="13" count="9" type="stmt"/>
        <line num="14" count="9" type="stmt"/>
        <line num="15" count="9" type="stmt"/>
        <line num="16" count="9" type="stmt"/>
        <line num="17" count="9" type="stmt"/>
        <line num="18" count="9" type="stmt"/>
        <line num="20" count="9" type="stmt"/>
        <line num="21" count="9" type="stmt"/>
        <line num="22" count="9" type="stmt"/>
        <line num="23" count="9" type="cond" truecount="1" falsecount="0"/>
        <line num="24" count="45" type="stmt"/>
        <line num="25" count="45" type="stmt"/>
        <line num="26" count="45" type="cond" truecount="2" falsecount="0"/>
        <line num="27" count="45" type="cond" truecount="1" falsecount="0"/>
        <line num="29" count="45" type="stmt"/>
        <line num="30" count="45" type="stmt"/>
        <line num="31" count="45" type="stmt"/>
        <line num="32" count="45" type="stmt"/>
        <line num="33" count="9" type="stmt"/>
        <line num="34" count="9" type="stmt"/>
        <line num="36" count="9" type="stmt"/>
        <line num="37" count="9" type="stmt"/>
        <line num="38" count="9" type="stmt"/>
        <line num="39" count="9" type="stmt"/>
        <line num="40" count="9" type="stmt"/>
        <line num="41" count="9" type="stmt"/>
        <line num="42" count="9" type="stmt"/>
        <line num="43" count="9" type="stmt"/>
        <line num="44" count="9" type="stmt"/>
        <line num="45" count="9" type="stmt"/>
        <line num="46" count="9" type="stmt"/>
        <line num="48" count="9" type="stmt"/>
        <line num="50" count="1" type="stmt"/>
      </file>
      <file name="Players.tsx" path="C:\Git\derby-stat-tracker\src\components\Players.tsx">
        <metrics statements="350" coveredstatements="314" conditionals="66" coveredconditionals="51" methods="19" coveredmethods="14"/>
        <line num="1" count="1" type="stmt"/>
        <line num="2" count="1" type="stmt"/>
        <line num="4" count="1" type="stmt"/>
        <line num="15" count="1" type="cond" truecount="1" falsecount="0"/>
        <line num="16" count="250" type="stmt"/>
        <line num="17" count="250" type="stmt"/>
        <line num="18" count="250" type="stmt"/>
        <line num="19" count="250" type="stmt"/>
        <line num="20" count="250" type="stmt"/>
        <line num="21" count="250" type="stmt"/>
        <line num="22" count="250" type="stmt"/>
        <line num="23" count="250" type="stmt"/>
        <line num="24" count="250" type="stmt"/>
        <line num="30" count="250" type="stmt"/>
        <line num="31" count="250" type="stmt"/>
        <line num="34" count="250" type="cond" truecount="1" falsecount="0"/>
        <line num="35" count="33" type="stmt"/>
        <line num="36" count="33" type="stmt"/>
        <line num="39" count="33" type="stmt"/>
        <line num="40" count="33" type="stmt"/>
        <line num="41" count="33" type="stmt"/>
        <line num="42" count="33" type="cond" truecount="1" falsecount="0"/>
        <line num="44" count="33" type="cond" truecount="1" falsecount="1"/>
        <line num="45" count="33" type="cond" truecount="0" falsecount="1"/>
        <line num="48" count="33" type="stmt"/>
        <line num="49" count="33" type="stmt"/>
        <line num="50" count="33" type="stmt"/>
        <line num="63" count="33" type="stmt"/>
        <line num="64" count="33" type="cond" truecount="1" falsecount="0"/>
        <line num="66" count="33" type="cond" truecount="1" falsecount="1"/>
        <line num="69" count="33" type="cond" truecount="1" falsecount="1"/>
        <line num="70" count="93" type="stmt"/>
        <line num="71" count="93" type="cond" truecount="1" falsecount="0"/>
        <line num="72" count="93" type="stmt"/>
        <line num="73" count="93" type="stmt"/>
        <line num="74" count="93" type="stmt"/>
        <line num="75" count="93" type="stmt"/>
        <line num="76" count="93" type="stmt"/>
        <line num="77" count="33" type="stmt"/>
        <line num="79" count="33" type="stmt"/>
        <line num="80" count="33" type="cond" truecount="1" falsecount="0"/>
        <line num="81" count="1" type="cond" truecount="0" falsecount="1"/>
        <line num="82" count="33" type="stmt"/>
        <line num="83" count="33" type="stmt"/>
        <line num="84" count="33" type="stmt"/>
        <line num="85" count="33" type="stmt"/>
        <line num="87" count="250" type="cond" truecount="1" falsecount="0"/>
        <line num="88" count="31" type="stmt"/>
        <line num="89" count="250" type="stmt"/>
        <line num="92" count="250" type="cond" truecount="1" falsecount="0"/>
        <line num="93" count="4" type="stmt"/>
        <line num="94" count="4" type="stmt"/>
        <line num="96" count="4" type="cond" truecount="0" falsecount="1"/>
        <line num="97" count="0" type="stmt"/>
        <line num="98" count="0" type="stmt"/>
        <line num="99" count="0" type="stmt"/>
        <line num="101" count="4" type="cond" truecount="0" falsecount="1"/>
        <line num="102" count="0" type="stmt"/>
        <line num="103" count="0" type="stmt"/>
        <line num="104" count="0" type="stmt"/>
        <line num="106" count="4" type="cond" truecount="1" falsecount="0"/>
        <line num="107" count="3" type="stmt"/>
        <line num="108" count="3" type="stmt"/>
        <line num="109" count="3" type="cond" truecount="1" falsecount="0"/>
        <line num="111" count="1" type="stmt"/>
        <line num="112" count="1" type="stmt"/>
        <line num="114" count="1" type="stmt"/>
        <line num="115" count="1" type="stmt"/>
        <line num="116" count="1" type="stmt"/>
        <line num="117" count="1" type="stmt"/>
        <line num="118" count="1" type="stmt"/>
        <line num="119" count="1" type="stmt"/>
        <line num="120" count="1" type="stmt"/>
        <line num="122" count="1" type="cond" truecount="0" falsecount="1"/>
        <line num="125" count="1" type="stmt"/>
        <line num="126" count="1" type="stmt"/>
        <line num="127" count="1" type="stmt"/>
        <line num="128" count="1" type="stmt"/>
        <line num="130" count="1" type="cond" truecount="0" falsecount="1"/>
        <line num="133" count="1" type="stmt"/>
        <line num="134" count="1" type="stmt"/>
        <line num="135" count="1" type="stmt"/>
        <line num="136" count="1" type="cond" truecount="1" falsecount="0"/>
        <line num="137" count="1" type="stmt"/>
        <line num="138" count="1" type="stmt"/>
        <line num="139" count="1" type="stmt"/>
        <line num="140" count="1" type="stmt"/>
        <line num="141" count="1" type="stmt"/>
        <line num="142" count="1" type="stmt"/>
        <line num="143" count="1" type="stmt"/>
        <line num="145" count="1" type="cond" truecount="0" falsecount="1"/>
        <line num="146" count="4" type="cond" truecount="0" falsecount="1"/>
        <line num="148" count="0" type="stmt"/>
        <line num="149" count="0" type="stmt"/>
        <line num="150" count="0" type="stmt"/>
        <line num="151" count="0" type="stmt"/>
        <line num="152" count="0" type="stmt"/>
        <line num="153" count="0" type="stmt"/>
        <line num="154" count="0" type="stmt"/>
        <line num="155" count="0" type="stmt"/>
        <line num="157" count="0" type="stmt"/>
        <line num="160" count="0" type="stmt"/>
        <line num="161" count="0" type="stmt"/>
        <line num="162" count="0" type="stmt"/>
        <line num="163" count="0" type="stmt"/>
        <line num="164" count="0" type="stmt"/>
        <line num="165" count="0" type="stmt"/>
        <line num="166" count="0" type="stmt"/>
        <line num="167" count="0" type="stmt"/>
        <line num="168" count="0" type="stmt"/>
        <line num="169" count="0" type="stmt"/>
        <line num="170" count="0" type="stmt"/>
        <line num="172" count="0" type="stmt"/>
        <line num="173" count="0" type="cond" truecount="1" falsecount="0"/>
        <line num="176" count="1" type="stmt"/>
        <line num="177" count="1" type="stmt"/>
        <line num="178" count="1" type="stmt"/>
        <line num="179" count="1" type="stmt"/>
        <line num="180" count="1" type="stmt"/>
        <line num="181" count="1" type="stmt"/>
        <line num="182" count="1" type="stmt"/>
        <line num="183" count="1" type="stmt"/>
        <line num="184" count="4" type="cond" truecount="0" falsecount="1"/>
        <line num="185" count="0" type="stmt"/>
        <line num="186" count="0" type="stmt"/>
        <line num="187" count="4" type="stmt"/>
        <line num="190" count="250" type="cond" truecount="1" falsecount="0"/>
        <line num="191" count="3" type="cond" truecount="1" falsecount="0"/>
        <line num="192" count="2" type="stmt"/>
        <line num="193" count="2" type="cond" truecount="1" falsecount="0"/>
        <line num="195" count="1" type="stmt"/>
        <line num="196" count="1" type="stmt"/>
        <line num="197" count="1" type="stmt"/>
        <line num="198" count="1" type="stmt"/>
        <line num="199" count="1" type="stmt"/>
        <line num="201" count="3" type="cond" truecount="1" falsecount="1"/>
        <line num="202" count="1" type="stmt"/>
        <line num="203" count="3" type="cond" truecount="0" falsecount="1"/>
        <line num="204" count="0" type="stmt"/>
        <line num="205" count="0" type="stmt"/>
        <line num="206" count="3" type="stmt"/>
        <line num="209" count="250" type="cond" truecount="1" falsecount="0"/>
        <line num="210" count="7" type="stmt"/>
        <line num="211" count="7" type="stmt"/>
        <line num="212" count="7" type="stmt"/>
        <line num="213" count="7" type="stmt"/>
        <line num="214" count="7" type="cond" truecount="1" falsecount="0"/>
        <line num="215" count="7" type="stmt"/>
        <line num="216" count="7" type="stmt"/>
        <line num="217" count="7" type="stmt"/>
        <line num="218" count="7" type="stmt"/>
        <line num="219" count="7" type="stmt"/>
        <line num="220" count="7" type="stmt"/>
        <line num="221" count="7" type="stmt"/>
        <line num="222" count="7" type="stmt"/>
        <line num="225" count="250" type="cond" truecount="1" falsecount="0"/>
        <line num="226" count="3" type="stmt"/>
        <line num="227" count="3" type="stmt"/>
        <line num="228" count="3" type="stmt"/>
        <line num="229" count="3" type="stmt"/>
        <line num="230" count="3" type="stmt"/>
        <line num="231" count="3" type="cond" truecount="0" falsecount="1"/>
        <line num="232" count="3" type="stmt"/>
        <line num="233" count="3" type="stmt"/>
        <line num="234" count="3" type="stmt"/>
        <line num="235" count="3" type="stmt"/>
        <line num="236" count="3" type="stmt"/>
        <line num="237" count="3" type="stmt"/>
        <line num="238" count="3" type="stmt"/>
        <line num="241" count="250" type="cond" truecount="1" falsecount="0"/>
        <line num="242" count="1" type="stmt"/>
        <line num="243" count="1" type="stmt"/>
        <line num="244" count="1" type="cond" truecount="1" falsecount="0"/>
        <line num="245" count="1" type="stmt"/>
        <line num="246" count="1" type="stmt"/>
        <line num="249" count="250" type="stmt"/>
        <line num="250" count="0" type="stmt"/>
        <line num="251" count="0" type="stmt"/>
        <line num="252" count="0" type="stmt"/>
        <line num="253" count="0" type="stmt"/>
        <line num="256" count="250" type="cond" truecount="1" falsecount="0"/>
        <line num="257" count="3" type="stmt"/>
        <line num="258" count="3" type="stmt"/>
        <line num="259" count="3" type="stmt"/>
        <line num="260" count="3" type="stmt"/>
        <line num="261" count="3" type="stmt"/>
        <line num="262" count="3" type="stmt"/>
        <line num="263" count="3" type="stmt"/>
        <line num="264" count="3" type="stmt"/>
        <line num="265" count="3" type="stmt"/>
        <line num="267" count="250" type="cond" truecount="2" falsecount="0"/>
        <line num="268" count="63" type="stmt"/>
        <line num="269" count="63" type="stmt"/>
        <line num="270" count="63" type="stmt"/>
        <line num="271" count="63" type="stmt"/>
        <line num="273" count="63" type="cond" truecount="1" falsecount="0"/>
        <line num="275" count="186" type="stmt"/>
        <line num="276" count="186" type="stmt"/>
        <line num="277" count="186" type="stmt"/>
        <line num="278" count="186" type="stmt"/>
        <line num="279" count="186" type="stmt"/>
        <line num="280" count="186" type="stmt"/>
        <line num="281" count="186" type="cond" truecount="1" falsecount="0"/>
        <line num="282" count="186" type="stmt"/>
        <line num="283" count="186" type="stmt"/>
        <line num="285" count="186" type="stmt"/>
        <line num="286" count="186" type="stmt"/>
        <line num="288" count="186" type="cond" truecount="1" falsecount="0"/>
        <line num="289" count="4" type="stmt"/>
        <line num="290" count="4" type="stmt"/>
        <line num="291" count="4" type="stmt"/>
        <line num="294" count="250" type="cond" truecount="1" falsecount="0"/>
        <line num="295" count="123" type="stmt"/>
        <line num="296" count="123" type="stmt"/>
        <line num="297" count="123" type="cond" truecount="2" falsecount="0"/>
        <line num="299" count="123" type="stmt"/>
        <line num="300" count="123" type="stmt"/>
        <line num="301" count="123" type="stmt"/>
        <line num="302" count="123" type="stmt"/>
        <line num="303" count="123" type="stmt"/>
        <line num="304" count="123" type="stmt"/>
        <line num="305" count="123" type="stmt"/>
        <line num="306" count="123" type="cond" truecount="1" falsecount="0"/>
        <line num="307" count="123" type="stmt"/>
        <line num="308" count="123" type="stmt"/>
        <line num="309" count="123" type="stmt"/>
        <line num="310" count="123" type="stmt"/>
        <line num="312" count="123" type="stmt"/>
        <line num="313" count="123" type="stmt"/>
        <line num="314" count="123" type="stmt"/>
        <line num="315" count="123" type="stmt"/>
        <line num="316" count="123" type="stmt"/>
        <line num="317" count="123" type="stmt"/>
        <line num="318" count="123" type="cond" truecount="1" falsecount="0"/>
        <line num="319" count="123" type="stmt"/>
        <line num="320" count="123" type="stmt"/>
        <line num="321" count="123" type="stmt"/>
        <line num="322" count="123" type="stmt"/>
        <line num="323" count="123" type="stmt"/>
        <line num="325" count="123" type="stmt"/>
        <line num="326" count="123" type="stmt"/>
        <line num="327" count="123" type="stmt"/>
        <line num="328" count="123" type="stmt"/>
        <line num="329" count="123" type="stmt"/>
        <line num="330" count="123" type="stmt"/>
        <line num="331" count="123" type="stmt"/>
        <line num="332" count="123" type="stmt"/>
        <line num="333" count="123" type="stmt"/>
        <line num="335" count="123" type="stmt"/>
        <line num="336" count="123" type="stmt"/>
        <line num="338" count="123" type="cond" truecount="1" falsecount="0"/>
        <line num="339" count="33" type="stmt"/>
        <line num="340" count="33" type="stmt"/>
        <line num="341" count="33" type="stmt"/>
        <line num="342" count="33" type="stmt"/>
        <line num="343" count="33" type="stmt"/>
        <line num="344" count="33" type="stmt"/>
        <line num="346" count="33" type="stmt"/>
        <line num="347" count="33" type="cond" truecount="1" falsecount="0"/>
        <line num="348" count="66" type="stmt"/>
        <line num="349" count="33" type="stmt"/>
        <line num="350" count="33" type="stmt"/>
        <line num="352" count="33" type="stmt"/>
        <line num="353" count="33" type="stmt"/>
        <line num="354" count="33" type="stmt"/>
        <line num="355" count="33" type="stmt"/>
        <line num="356" count="33" type="stmt"/>
        <line num="357" count="33" type="stmt"/>
        <line num="358" count="33" type="stmt"/>
        <line num="360" count="33" type="stmt"/>
        <line num="361" count="33" type="stmt"/>
        <line num="362" count="33" type="stmt"/>
        <line num="363" count="33" type="stmt"/>
        <line num="365" count="33" type="stmt"/>
        <line num="366" count="33" type="stmt"/>
        <line num="367" count="33" type="stmt"/>
        <line num="368" count="33" type="stmt"/>
        <line num="370" count="33" type="stmt"/>
        <line num="371" count="33" type="stmt"/>
        <line num="372" count="33" type="stmt"/>
        <line num="373" count="33" type="stmt"/>
        <line num="374" count="33" type="stmt"/>
        <line num="375" count="33" type="stmt"/>
        <line num="377" count="33" type="stmt"/>
        <line num="379" count="33" type="stmt"/>
        <line num="380" count="33" type="stmt"/>
        <line num="381" count="33" type="stmt"/>
        <line num="382" count="33" type="cond" truecount="1" falsecount="0"/>
        <line num="383" count="33" type="stmt"/>
        <line num="385" count="33" type="stmt"/>
        <line num="386" count="33" type="stmt"/>
        <line num="387" count="33" type="stmt"/>
        <line num="388" count="123" type="stmt"/>
        <line num="390" count="123" type="cond" truecount="1" falsecount="0"/>
        <line num="391" count="90" type="stmt"/>
        <line num="393" count="123" type="stmt"/>
        <line num="395" count="123" type="stmt"/>
        <line num="396" count="123" type="stmt"/>
        <line num="397" count="123" type="cond" truecount="2" falsecount="0"/>
        <line num="398" count="123" type="stmt"/>
        <line num="399" count="123" type="stmt"/>
        <line num="401" count="123" type="stmt"/>
        <line num="402" count="123" type="stmt"/>
        <line num="403" count="123" type="stmt"/>
        <line num="404" count="123" type="stmt"/>
        <line num="407" count="250" type="stmt"/>
        <line num="408" count="250" type="cond" truecount="1" falsecount="0"/>
        <line num="409" count="3" type="stmt"/>
        <line num="410" count="3" type="stmt"/>
        <line num="411" count="3" type="cond" truecount="1" falsecount="0"/>
        <line num="413" count="183" type="cond" truecount="1" falsecount="0"/>
        <line num="414" count="549" type="stmt"/>
        <line num="415" count="549" type="stmt"/>
        <line num="416" count="549" type="stmt"/>
        <line num="417" count="549" type="stmt"/>
        <line num="418" count="549" type="stmt"/>
        <line num="420" count="549" type="stmt"/>
        <line num="421" count="549" type="cond" truecount="1" falsecount="0"/>
        <line num="422" count="549" type="stmt"/>
        <line num="423" count="549" type="stmt"/>
        <line num="424" count="549" type="stmt"/>
        <line num="425" count="549" type="stmt"/>
        <line num="426" count="549" type="stmt"/>
        <line num="427" count="549" type="stmt"/>
        <line num="428" count="549" type="stmt"/>
        <line num="429" count="549" type="cond" truecount="2" falsecount="0"/>
        <line num="430" count="549" type="cond" truecount="2" falsecount="0"/>
        <line num="431" count="549" type="stmt"/>
        <line num="432" count="549" type="stmt"/>
        <line num="433" count="549" type="stmt"/>
        <line num="434" count="549" type="stmt"/>
        <line num="435" count="549" type="stmt"/>
        <line num="437" count="549" type="stmt"/>
        <line num="438" count="549" type="stmt"/>
        <line num="439" count="549" type="stmt"/>
        <line num="440" count="549" type="cond" truecount="1" falsecount="0"/>
        <line num="441" count="549" type="stmt"/>
        <line num="443" count="549" type="stmt"/>
        <line num="444" count="549" type="stmt"/>
        <line num="445" count="549" type="stmt"/>
        <line num="446" count="549" type="cond" truecount="1" falsecount="0"/>
        <line num="447" count="549" type="stmt"/>
        <line num="449" count="549" type="stmt"/>
        <line num="450" count="549" type="stmt"/>
        <line num="451" count="549" type="stmt"/>
        <line num="452" count="183" type="stmt"/>
        <line num="454" count="250" type="stmt"/>
        <line num="455" count="250" type="stmt"/>
        <line num="457" count="250" type="stmt"/>
        <line num="459" count="1" type="stmt"/>
      </file>
      <file name="Teams.tsx" path="C:\Git\derby-stat-tracker\src\components\Teams.tsx">
        <metrics statements="191" coveredstatements="155" conditionals="29" coveredconditionals="15" methods="12" coveredmethods="8"/>
        <line num="1" count="1" type="stmt"/>
        <line num="2" count="1" type="stmt"/>
        <line num="4" count="1" type="stmt"/>
        <line num="6" count="1" type="cond" truecount="1" falsecount="0"/>
        <line num="7" count="53" type="stmt"/>
        <line num="8" count="53" type="stmt"/>
        <line num="9" count="53" type="stmt"/>
        <line num="10" count="53" type="stmt"/>
        <line num="11" count="53" type="stmt"/>
        <line num="12" count="53" type="stmt"/>
        <line num="13" count="53" type="stmt"/>
        <line num="14" count="53" type="stmt"/>
        <line num="15" count="53" type="stmt"/>
        <line num="18" count="53" type="cond" truecount="1" falsecount="0"/>
        <line num="19" count="11" type="stmt"/>
        <line num="20" count="11" type="stmt"/>
        <line num="21" count="11" type="stmt"/>
        <line num="22" count="11" type="stmt"/>
        <line num="23" count="11" type="stmt"/>
        <line num="24" count="11" type="stmt"/>
        <line num="26" count="11" type="cond" truecount="0" falsecount="1"/>
        <line num="27" count="11" type="cond" truecount="0" falsecount="1"/>
        <line num="28" count="11" type="cond" truecount="0" falsecount="1"/>
        <line num="29" count="0" type="stmt"/>
        <line num="30" count="11" type="stmt"/>
        <line num="31" count="11" type="stmt"/>
        <line num="32" count="11" type="stmt"/>
        <line num="33" count="11" type="stmt"/>
        <line num="36" count="53" type="cond" truecount="1" falsecount="0"/>
        <line num="37" count="9" type="stmt"/>
        <line num="38" count="53" type="stmt"/>
        <line num="41" count="53" type="cond" truecount="1" falsecount="0"/>
        <line num="42" count="1" type="stmt"/>
        <line num="43" count="1" type="stmt"/>
        <line num="45" count="1" type="cond" truecount="0" falsecount="1"/>
        <line num="46" count="0" type="stmt"/>
        <line num="47" count="0" type="stmt"/>
        <line num="48" count="0" type="stmt"/>
        <line num="50" count="1" type="stmt"/>
        <line num="51" count="1" type="cond" truecount="0" falsecount="1"/>
        <line num="53" count="0" type="stmt"/>
        <line num="54" count="0" type="stmt"/>
        <line num="55" count="0" type="stmt"/>
        <line num="56" count="0" type="stmt"/>
        <line num="57" count="0" type="stmt"/>
        <line num="58" count="0" type="stmt"/>
        <line num="59" count="0" type="stmt"/>
        <line num="61" count="0" type="stmt"/>
        <line num="62" count="1" type="stmt"/>
        <line num="64" count="1" type="stmt"/>
        <line num="65" count="1" type="stmt"/>
        <line num="66" count="1" type="stmt"/>
        <line num="67" count="1" type="stmt"/>
        <line num="68" count="1" type="stmt"/>
        <line num="69" count="1" type="stmt"/>
        <line num="71" count="1" type="cond" truecount="0" falsecount="1"/>
        <line num="72" count="1" type="stmt"/>
        <line num="75" count="1" type="stmt"/>
        <line num="76" count="1" type="stmt"/>
        <line num="77" count="1" type="stmt"/>
        <line num="78" count="1" type="stmt"/>
        <line num="79" count="1" type="cond" truecount="0" falsecount="1"/>
        <line num="80" count="0" type="stmt"/>
        <line num="81" count="0" type="stmt"/>
        <line num="82" count="1" type="stmt"/>
        <line num="85" count="53" type="cond" truecount="1" falsecount="0"/>
        <line num="86" count="1" type="cond" truecount="0" falsecount="1"/>
        <line num="87" count="0" type="stmt"/>
        <line num="88" count="0" type="stmt"/>
        <line num="90" count="1" type="stmt"/>
        <line num="91" count="1" type="stmt"/>
        <line num="92" count="1" type="stmt"/>
        <line num="93" count="1" type="stmt"/>
        <line num="94" count="1" type="stmt"/>
        <line num="96" count="1" type="cond" truecount="0" falsecount="1"/>
        <line num="97" count="1" type="stmt"/>
        <line num="98" count="1" type="cond" truecount="0" falsecount="1"/>
        <line num="99" count="0" type="stmt"/>
        <line num="100" count="0" type="stmt"/>
        <line num="101" count="1" type="stmt"/>
        <line num="104" count="53" type="stmt"/>
        <line num="105" count="0" type="stmt"/>
        <line num="106" count="0" type="stmt"/>
        <line num="107" count="0" type="stmt"/>
        <line num="108" count="0" type="stmt"/>
        <line num="109" count="0" type="stmt"/>
        <line num="110" count="0" type="stmt"/>
        <line num="111" count="0" type="stmt"/>
        <line num="114" count="53" type="cond" truecount="1" falsecount="0"/>
        <line num="115" count="2" type="stmt"/>
        <line num="116" count="2" type="stmt"/>
        <line num="117" count="2" type="stmt"/>
        <line num="118" count="2" type="stmt"/>
        <line num="119" count="2" type="stmt"/>
        <line num="121" count="53" type="cond" truecount="1" falsecount="0"/>
        <line num="122" count="11" type="stmt"/>
        <line num="123" count="11" type="stmt"/>
        <line num="124" count="11" type="stmt"/>
        <line num="125" count="11" type="stmt"/>
        <line num="127" count="11" type="cond" truecount="1" falsecount="0"/>
        <line num="129" count="41" type="stmt"/>
        <line num="130" count="41" type="stmt"/>
        <line num="131" count="41" type="stmt"/>
        <line num="132" count="41" type="stmt"/>
        <line num="133" count="41" type="stmt"/>
        <line num="134" count="41" type="stmt"/>
        <line num="135" count="41" type="cond" truecount="1" falsecount="0"/>
        <line num="136" count="41" type="stmt"/>
        <line num="137" count="41" type="stmt"/>
        <line num="139" count="41" type="stmt"/>
        <line num="140" count="41" type="stmt"/>
        <line num="142" count="41" type="cond" truecount="0" falsecount="1"/>
        <line num="143" count="0" type="stmt"/>
        <line num="144" count="0" type="stmt"/>
        <line num="145" count="0" type="stmt"/>
        <line num="148" count="53" type="cond" truecount="1" falsecount="0"/>
        <line num="149" count="22" type="stmt"/>
        <line num="150" count="22" type="stmt"/>
        <line num="151" count="22" type="cond" truecount="0" falsecount="1"/>
        <line num="153" count="22" type="stmt"/>
        <line num="154" count="22" type="stmt"/>
        <line num="155" count="22" type="stmt"/>
        <line num="156" count="22" type="stmt"/>
        <line num="157" count="22" type="stmt"/>
        <line num="158" count="22" type="stmt"/>
        <line num="159" count="22" type="cond" truecount="1" falsecount="0"/>
        <line num="160" count="22" type="stmt"/>
        <line num="161" count="22" type="stmt"/>
        <line num="162" count="22" type="stmt"/>
        <line num="163" count="22" type="stmt"/>
        <line num="165" count="22" type="stmt"/>
        <line num="166" count="22" type="stmt"/>
        <line num="167" count="22" type="stmt"/>
        <line num="168" count="22" type="stmt"/>
        <line num="169" count="22" type="stmt"/>
        <line num="170" count="22" type="stmt"/>
        <line num="171" count="22" type="stmt"/>
        <line num="172" count="22" type="stmt"/>
        <line num="173" count="22" type="stmt"/>
        <line num="174" count="22" type="stmt"/>
        <line num="176" count="22" type="stmt"/>
        <line num="177" count="22" type="stmt"/>
        <line num="178" count="22" type="cond" truecount="0" falsecount="1"/>
        <line num="179" count="22" type="stmt"/>
        <line num="180" count="22" type="stmt"/>
        <line num="182" count="22" type="stmt"/>
        <line num="183" count="22" type="stmt"/>
        <line num="184" count="22" type="stmt"/>
        <line num="185" count="22" type="stmt"/>
        <line num="188" count="53" type="stmt"/>
        <line num="189" count="53" type="cond" truecount="1" falsecount="0"/>
        <line num="190" count="2" type="stmt"/>
        <line num="191" count="2" type="stmt"/>
        <line num="192" count="2" type="cond" truecount="1" falsecount="0"/>
        <line num="194" count="39" type="cond" truecount="1" falsecount="0"/>
        <line num="195" count="78" type="stmt"/>
        <line num="196" count="78" type="stmt"/>
        <line num="197" count="78" type="cond" truecount="0" falsecount="1"/>
        <line num="198" count="0" type="stmt"/>
        <line num="199" count="0" type="stmt"/>
        <line num="200" count="0" type="stmt"/>
        <line num="201" count="0" type="stmt"/>
        <line num="202" count="0" type="stmt"/>
        <line num="203" count="0" type="stmt"/>
        <line num="204" count="0" type="stmt"/>
        <line num="205" count="0" type="stmt"/>
        <line num="207" count="78" type="stmt"/>
        <line num="208" count="78" type="stmt"/>
        <line num="210" count="78" type="stmt"/>
        <line num="211" count="78" type="stmt"/>
        <line num="212" count="78" type="stmt"/>
        <line num="213" count="78" type="stmt"/>
        <line num="214" count="78" type="stmt"/>
        <line num="216" count="78" type="stmt"/>
        <line num="217" count="78" type="stmt"/>
        <line num="218" count="78" type="stmt"/>
        <line num="219" count="78" type="stmt"/>
        <line num="220" count="78" type="stmt"/>
        <line num="222" count="78" type="stmt"/>
        <line num="223" count="78" type="stmt"/>
        <line num="224" count="78" type="stmt"/>
        <line num="225" count="78" type="cond" truecount="1" falsecount="0"/>
        <line num="226" count="78" type="stmt"/>
        <line num="228" count="78" type="stmt"/>
        <line num="229" count="78" type="stmt"/>
        <line num="230" count="78" type="stmt"/>
        <line num="231" count="39" type="stmt"/>
        <line num="233" count="53" type="stmt"/>
        <line num="234" count="53" type="stmt"/>
        <line num="236" count="53" type="stmt"/>
        <line num="238" count="1" type="stmt"/>
      </file>
    </package>
    <package name="src.contexts">
      <metrics statements="39" coveredstatements="31" conditionals="6" coveredconditionals="4" methods="2" coveredmethods="1"/>
      <file name="SupabaseContext.tsx" path="C:\Git\derby-stat-tracker\src\contexts\SupabaseContext.tsx">
        <metrics statements="39" coveredstatements="31" conditionals="6" coveredconditionals="4" methods="2" coveredmethods="1"/>
        <line num="1" count="1" type="stmt"/>
        <line num="12" count="1" type="stmt"/>
        <line num="20" count="1" type="cond" truecount="1" falsecount="0"/>
        <line num="21" count="4" type="stmt"/>
        <line num="22" count="4" type="stmt"/>
        <line num="23" count="4" type="stmt"/>
        <line num="25" count="4" type="cond" truecount="1" falsecount="0"/>
        <line num="27" count="3" type="cond" truecount="0" falsecount="1"/>
        <line num="28" count="0" type="stmt"/>
        <line num="29" count="0" type="stmt"/>
        <line num="30" count="0" type="stmt"/>
        <line num="33" count="3" type="cond" truecount="1" falsecount="0"/>
        <line num="34" count="3" type="stmt"/>
        <line num="35" count="3" type="cond" truecount="0" falsecount="1"/>
        <line num="36" count="3" type="stmt"/>
        <line num="37" count="3" type="stmt"/>
        <line num="40" count="3" type="stmt"/>
        <line num="41" count="3" type="stmt"/>
        <line num="42" count="3" type="stmt"/>
        <line num="43" count="0" type="stmt"/>
        <line num="44" count="0" type="stmt"/>
        <line num="45" count="0" type="stmt"/>
        <line num="46" count="3" type="stmt"/>
        <line num="48" count="3" type="cond" truecount="1" falsecount="0"/>
        <line num="49" count="4" type="stmt"/>
        <line num="51" count="4" type="stmt"/>
        <line num="52" count="0" type="stmt"/>
        <line num="53" count="0" type="stmt"/>
        <line num="55" count="4" type="stmt"/>
        <line num="56" count="4" type="stmt"/>
        <line num="57" count="4" type="stmt"/>
        <line num="58" count="4" type="stmt"/>
        <line num="59" count="4" type="stmt"/>
        <line num="60" count="4" type="stmt"/>
        <line num="62" count="4" type="stmt"/>
        <line num="63" count="4" type="stmt"/>
        <line num="64" count="4" type="stmt"/>
        <line num="65" count="4" type="stmt"/>
        <line num="67" count="4" type="stmt"/>
      </file>
    </package>
    <package name="src.hooks">
      <metrics statements="36" coveredstatements="30" conditionals="7" coveredconditionals="5" methods="2" coveredmethods="2"/>
      <file name="useAuth.ts" path="C:\Git\derby-stat-tracker\src\hooks\useAuth.ts">
        <metrics statements="36" coveredstatements="30" conditionals="7" coveredconditionals="5" methods="2" coveredmethods="2"/>
        <line num="1" count="1" type="stmt"/>
        <line num="5" count="1" type="cond" truecount="1" falsecount="0"/>
        <line num="6" count="4" type="stmt"/>
        <line num="7" count="4" type="stmt"/>
        <line num="8" count="4" type="stmt"/>
        <line num="10" count="4" type="cond" truecount="1" falsecount="0"/>
        <line num="12" count="4" type="cond" truecount="0" falsecount="1"/>
        <line num="13" count="0" type="stmt"/>
        <line num="14" count="0" type="stmt"/>
        <line num="15" count="0" type="stmt"/>
        <line num="18" count="4" type="cond" truecount="1" falsecount="0"/>
        <line num="19" count="4" type="stmt"/>
        <line num="20" count="4" type="cond" truecount="0" falsecount="1"/>
        <line num="21" count="4" type="stmt"/>
        <line num="22" count="4" type="stmt"/>
        <line num="25" count="4" type="stmt"/>
        <line num="26" count="4" type="stmt"/>
        <line num="27" count="4" type="stmt"/>
        <line num="28" count="0" type="stmt"/>
        <line num="29" count="0" type="stmt"/>
        <line num="30" count="0" type="stmt"/>
        <line num="31" count="4" type="stmt"/>
        <line num="33" count="4" type="cond" truecount="1" falsecount="0"/>
        <line num="34" count="4" type="stmt"/>
        <line num="36" count="4" type="cond" truecount="1" falsecount="0"/>
        <line num="37" count="1" type="stmt"/>
        <line num="38" count="1" type="stmt"/>
        <line num="39" count="1" type="stmt"/>
        <line num="40" count="1" type="stmt"/>
        <line num="42" count="4" type="stmt"/>
        <line num="43" count="4" type="stmt"/>
        <line num="44" count="4" type="stmt"/>
        <line num="45" count="4" type="stmt"/>
        <line num="46" count="4" type="stmt"/>
        <line num="47" count="4" type="stmt"/>
        <line num="48" count="4" type="stmt"/>
      </file>
    </package>
    <package name="src.lib">
      <metrics statements="19" coveredstatements="0" conditionals="1" coveredconditionals="0" methods="1" coveredmethods="0"/>
      <file name="supabase.ts" path="C:\Git\derby-stat-tracker\src\lib\supabase.ts">
        <metrics statements="19" coveredstatements="0" conditionals="1" coveredconditionals="0" methods="1" coveredmethods="0"/>
        <line num="1" count="0" type="cond" truecount="0" falsecount="1"/>
        <line num="3" count="0" type="stmt"/>
        <line num="4" count="0" type="stmt"/>
        <line num="7" count="0" type="stmt"/>
        <line num="9" count="0" type="stmt"/>
        <line num="10" count="0" type="stmt"/>
        <line num="11" count="0" type="stmt"/>
        <line num="12" count="0" type="stmt"/>
        <line num="13" count="0" type="stmt"/>
        <line num="14" count="0" type="stmt"/>
        <line num="17" count="0" type="stmt"/>
        <line num="18" count="0" type="stmt"/>
        <line num="19" count="0" type="stmt"/>
        <line num="22" count="0" type="stmt"/>
        <line num="23" count="0" type="stmt"/>
        <line num="24" count="0" type="stmt"/>
        <line num="25" count="0" type="stmt"/>
        <line num="26" count="0" type="stmt"/>
        <line num="27" count="0" type="stmt"/>
      </file>
    </package>
    <package name="src.utils">
      <metrics statements="56" coveredstatements="56" conditionals="6" coveredconditionals="6" methods="6" coveredmethods="6"/>
      <file name="emojis.ts" path="C:\Git\derby-stat-tracker\src\utils\emojis.ts">
        <metrics statements="56" coveredstatements="56" conditionals="6" coveredconditionals="6" methods="6" coveredmethods="6"/>
        <line num="9" count="1" type="stmt"/>
        <line num="11" count="1" type="stmt"/>
        <line num="12" count="1" type="stmt"/>
        <line num="13" count="1" type="stmt"/>
        <line num="14" count="1" type="stmt"/>
        <line num="15" count="1" type="stmt"/>
        <line num="16" count="1" type="stmt"/>
        <line num="17" count="1" type="stmt"/>
        <line num="20" count="1" type="stmt"/>
        <line num="21" count="1" type="stmt"/>
        <line num="22" count="1" type="stmt"/>
        <line num="23" count="1" type="stmt"/>
        <line num="24" count="1" type="stmt"/>
        <line num="25" count="1" type="stmt"/>
        <line num="26" count="1" type="stmt"/>
        <line num="29" count="1" type="stmt"/>
        <line num="30" count="1" type="stmt"/>
        <line num="31" count="1" type="stmt"/>
        <line num="32" count="1" type="stmt"/>
        <line num="33" count="1" type="stmt"/>
        <line num="36" count="1" type="stmt"/>
        <line num="37" count="1" type="stmt"/>
        <line num="38" count="1" type="stmt"/>
        <line num="39" count="1" type="stmt"/>
        <line num="40" count="1" type="stmt"/>
        <line num="41" count="1" type="stmt"/>
        <line num="44" count="1" type="stmt"/>
        <line num="45" count="1" type="stmt"/>
        <line num="46" count="1" type="stmt"/>
        <line num="47" count="1" type="stmt"/>
        <line num="48" count="1" type="stmt"/>
        <line num="49" count="1" type="stmt"/>
        <line num="52" count="1" type="stmt"/>
        <line num="53" count="1" type="stmt"/>
        <line num="54" count="1" type="stmt"/>
        <line num="55" count="1" type="stmt"/>
        <line num="56" count="1" type="stmt"/>
        <line num="70" count="1" type="cond" truecount="1" falsecount="0"/>
        <line num="71" count="50" type="stmt"/>
        <line num="72" count="50" type="stmt"/>
        <line num="77" count="1" type="cond" truecount="1" falsecount="0"/>
        <line num="78" count="20" type="stmt"/>
        <line num="79" count="20" type="stmt"/>
        <line num="84" count="1" type="cond" truecount="1" falsecount="0"/>
        <line num="85" count="12" type="stmt"/>
        <line num="86" count="12" type="stmt"/>
        <line num="91" count="1" type="cond" truecount="1" falsecount="0"/>
        <line num="92" count="115" type="stmt"/>
        <line num="93" count="115" type="stmt"/>
        <line num="98" count="1" type="cond" truecount="1" falsecount="0"/>
        <line num="99" count="4" type="stmt"/>
        <line num="100" count="4" type="stmt"/>
        <line num="105" count="1" type="cond" truecount="1" falsecount="0"/>
        <line num="106" count="2" type="stmt"/>
        <line num="107" count="2" type="stmt"/>
        <line num="112" count="1" type="stmt"/>
      </file>
    </package>
  </project>
</coverage>
