{"C:\\Git\\derby-stat-tracker\\src\\App.tsx": {"path":"C:\\Git\\derby-stat-tracker\\src\\App.tsx","all":false,"statementMap":{"0":{"start":{"line":1,"column":0},"end":{"line":1,"column":32}},"1":{"start":{"line":2,"column":0},"end":{"line":2,"column":18}},"2":{"start":{"line":3,"column":0},"end":{"line":3,"column":40}},"3":{"start":{"line":4,"column":0},"end":{"line":4,"column":48}},"4":{"start":{"line":5,"column":0},"end":{"line":5,"column":46}},"5":{"start":{"line":6,"column":0},"end":{"line":6,"column":38}},"6":{"start":{"line":7,"column":0},"end":{"line":7,"column":42}},"7":{"start":{"line":8,"column":0},"end":{"line":8,"column":38}},"8":{"start":{"line":9,"column":0},"end":{"line":9,"column":40}},"9":{"start":{"line":10,"column":0},"end":{"line":10,"column":68}},"10":{"start":{"line":11,"column":0},"end":{"line":11,"column":41}},"11":{"start":{"line":12,"column":0},"end":{"line":12,"column":53}},"12":{"start":{"line":13,"column":0},"end":{"line":13,"column":51}},"17":{"start":{"line":18,"column":0},"end":{"line":18,"column":16}},"18":{"start":{"line":19,"column":0},"end":{"line":19,"column":71}},"21":{"start":{"line":22,"column":0},"end":{"line":22,"column":37}},"24":{"start":{"line":25,"column":0},"end":{"line":25,"column":30}},"25":{"start":{"line":26,"column":0},"end":{"line":26,"column":80}},"26":{"start":{"line":27,"column":0},"end":{"line":27,"column":3}},"28":{"start":{"line":29,"column":0},"end":{"line":29,"column":16}},"29":{"start":{"line":30,"column":0},"end":{"line":30,"column":12}},"30":{"start":{"line":31,"column":0},"end":{"line":31,"column":41}},"31":{"start":{"line":32,"column":0},"end":{"line":32,"column":41}},"32":{"start":{"line":33,"column":0},"end":{"line":33,"column":48}},"33":{"start":{"line":34,"column":0},"end":{"line":34,"column":14}},"34":{"start":{"line":35,"column":0},"end":{"line":35,"column":12}},"36":{"start":{"line":37,"column":0},"end":{"line":37,"column":3}},"38":{"start":{"line":39,"column":0},"end":{"line":39,"column":14}},"39":{"start":{"line":40,"column":0},"end":{"line":40,"column":45}},"40":{"start":{"line":41,"column":0},"end":{"line":41,"column":3}},"42":{"start":{"line":43,"column":0},"end":{"line":43,"column":10}},"43":{"start":{"line":44,"column":0},"end":{"line":44,"column":25}},"44":{"start":{"line":45,"column":0},"end":{"line":45,"column":16}},"45":{"start":{"line":46,"column":0},"end":{"line":46,"column":37}},"46":{"start":{"line":47,"column":0},"end":{"line":47,"column":75}},"47":{"start":{"line":48,"column":0},"end":{"line":48,"column":39}},"48":{"start":{"line":49,"column":0},"end":{"line":49,"column":55}},"49":{"start":{"line":50,"column":0},"end":{"line":50,"column":51}},"50":{"start":{"line":51,"column":0},"end":{"line":51,"column":47}},"51":{"start":{"line":52,"column":0},"end":{"line":52,"column":47}},"52":{"start":{"line":53,"column":0},"end":{"line":53,"column":103}},"53":{"start":{"line":54,"column":0},"end":{"line":54,"column":23}},"54":{"start":{"line":55,"column":0},"end":{"line":55,"column":15}},"55":{"start":{"line":56,"column":0},"end":{"line":56,"column":12}},"56":{"start":{"line":57,"column":0},"end":{"line":57,"column":10}},"58":{"start":{"line":59,"column":0},"end":{"line":59,"column":1}},"60":{"start":{"line":61,"column":0},"end":{"line":61,"column":18}}},"s":{"0":1,"1":1,"2":1,"3":1,"4":1,"5":1,"6":1,"7":1,"8":1,"9":1,"10":1,"11":1,"12":1,"17":9,"18":9,"21":9,"24":9,"25":0,"26":0,"28":9,"29":1,"30":1,"31":1,"32":1,"33":1,"34":1,"36":1,"38":9,"39":2,"40":2,"42":5,"43":5,"44":5,"45":5,"46":5,"47":5,"48":9,"49":9,"50":9,"51":9,"52":9,"53":9,"54":9,"55":9,"56":9,"58":9,"60":1},"branchMap":{"0":{"type":"branch","line":18,"loc":{"start":{"line":18,"column":0},"end":{"line":59,"column":1}},"locations":[{"start":{"line":18,"column":0},"end":{"line":59,"column":1}}]},"1":{"type":"branch","line":25,"loc":{"start":{"line":25,"column":29},"end":{"line":27,"column":3}},"locations":[{"start":{"line":25,"column":29},"end":{"line":27,"column":3}}]},"2":{"type":"branch","line":27,"loc":{"start":{"line":27,"column":2},"end":{"line":29,"column":15}},"locations":[{"start":{"line":27,"column":2},"end":{"line":29,"column":15}}]},"3":{"type":"branch","line":29,"loc":{"start":{"line":29,"column":15},"end":{"line":37,"column":3}},"locations":[{"start":{"line":29,"column":15},"end":{"line":37,"column":3}}]},"4":{"type":"branch","line":37,"loc":{"start":{"line":37,"column":2},"end":{"line":39,"column":13}},"locations":[{"start":{"line":37,"column":2},"end":{"line":39,"column":13}}]},"5":{"type":"branch","line":39,"loc":{"start":{"line":39,"column":13},"end":{"line":41,"column":3}},"locations":[{"start":{"line":39,"column":13},"end":{"line":41,"column":3}}]},"6":{"type":"branch","line":41,"loc":{"start":{"line":41,"column":2},"end":{"line":49,"column":41}},"locations":[{"start":{"line":41,"column":2},"end":{"line":49,"column":41}}]},"7":{"type":"branch","line":49,"loc":{"start":{"line":49,"column":26},"end":{"line":49,"column":55}},"locations":[{"start":{"line":49,"column":26},"end":{"line":49,"column":55}}]},"8":{"type":"branch","line":50,"loc":{"start":{"line":50,"column":26},"end":{"line":50,"column":51}},"locations":[{"start":{"line":50,"column":26},"end":{"line":50,"column":51}}]},"9":{"type":"branch","line":51,"loc":{"start":{"line":51,"column":26},"end":{"line":51,"column":47}},"locations":[{"start":{"line":51,"column":26},"end":{"line":51,"column":47}}]},"10":{"type":"branch","line":52,"loc":{"start":{"line":52,"column":26},"end":{"line":52,"column":47}},"locations":[{"start":{"line":52,"column":26},"end":{"line":52,"column":47}}]},"11":{"type":"branch","line":53,"loc":{"start":{"line":53,"column":26},"end":{"line":53,"column":103}},"locations":[{"start":{"line":53,"column":26},"end":{"line":53,"column":103}}]}},"b":{"0":[9],"1":[0],"2":[8],"3":[1],"4":[7],"5":[2],"6":[5],"7":[2],"8":[1],"9":[1],"10":[1],"11":[0]},"fnMap":{"0":{"name":"App","decl":{"start":{"line":18,"column":0},"end":{"line":59,"column":1}},"loc":{"start":{"line":18,"column":0},"end":{"line":59,"column":1}},"line":18},"1":{"name":"onAuthSuccess","decl":{"start":{"line":40,"column":32},"end":{"line":40,"column":43}},"loc":{"start":{"line":40,"column":32},"end":{"line":40,"column":43}},"line":40}},"f":{"0":9,"1":0}}
,"C:\\Git\\derby-stat-tracker\\src\\main.tsx": {"path":"C:\\Git\\derby-stat-tracker\\src\\main.tsx","all":false,"statementMap":{"0":{"start":{"line":1,"column":0},"end":{"line":1,"column":34}},"1":{"start":{"line":2,"column":0},"end":{"line":2,"column":45}},"2":{"start":{"line":3,"column":0},"end":{"line":3,"column":27}},"3":{"start":{"line":4,"column":0},"end":{"line":4,"column":58}},"4":{"start":{"line":5,"column":0},"end":{"line":5,"column":20}},"6":{"start":{"line":7,"column":0},"end":{"line":7,"column":52}},"7":{"start":{"line":8,"column":0},"end":{"line":8,"column":14}},"8":{"start":{"line":9,"column":0},"end":{"line":9,"column":19}},"9":{"start":{"line":10,"column":0},"end":{"line":10,"column":13}},"10":{"start":{"line":11,"column":0},"end":{"line":11,"column":20}},"11":{"start":{"line":12,"column":0},"end":{"line":12,"column":16}},"12":{"start":{"line":13,"column":0},"end":{"line":13,"column":1}}},"s":{"0":1,"1":1,"2":1,"3":1,"4":1,"6":1,"7":1,"8":1,"9":1,"10":1,"11":1,"12":1},"branchMap":{},"b":{},"fnMap":{},"f":{}}
,"C:\\Git\\derby-stat-tracker\\src\\components\\Auth.tsx": {"path":"C:\\Git\\derby-stat-tracker\\src\\components\\Auth.tsx","all":false,"statementMap":{"0":{"start":{"line":1,"column":0},"end":{"line":1,"column":39}},"8":{"start":{"line":9,"column":0},"end":{"line":9,"column":65}},"9":{"start":{"line":10,"column":0},"end":{"line":10,"column":47}},"10":{"start":{"line":11,"column":0},"end":{"line":11,"column":40}},"11":{"start":{"line":12,"column":0},"end":{"line":12,"column":46}},"12":{"start":{"line":13,"column":0},"end":{"line":13,"column":49}},"13":{"start":{"line":14,"column":0},"end":{"line":14,"column":44}},"15":{"start":{"line":16,"column":0},"end":{"line":16,"column":52}},"16":{"start":{"line":17,"column":0},"end":{"line":17,"column":22}},"17":{"start":{"line":18,"column":0},"end":{"line":18,"column":20}},"18":{"start":{"line":19,"column":0},"end":{"line":19,"column":18}},"20":{"start":{"line":21,"column":0},"end":{"line":21,"column":9}},"21":{"start":{"line":22,"column":0},"end":{"line":22,"column":40}},"22":{"start":{"line":23,"column":0},"end":{"line":23,"column":21}},"23":{"start":{"line":24,"column":0},"end":{"line":24,"column":54}},"24":{"start":{"line":25,"column":0},"end":{"line":25,"column":16}},"25":{"start":{"line":26,"column":0},"end":{"line":26,"column":19}},"26":{"start":{"line":27,"column":0},"end":{"line":27,"column":10}},"27":{"start":{"line":28,"column":0},"end":{"line":28,"column":30}},"28":{"start":{"line":29,"column":0},"end":{"line":29,"column":65}},"29":{"start":{"line":30,"column":0},"end":{"line":30,"column":14}},"30":{"start":{"line":31,"column":0},"end":{"line":31,"column":66}},"31":{"start":{"line":32,"column":0},"end":{"line":32,"column":16}},"32":{"start":{"line":33,"column":0},"end":{"line":33,"column":19}},"33":{"start":{"line":34,"column":0},"end":{"line":34,"column":10}},"34":{"start":{"line":35,"column":0},"end":{"line":35,"column":30}},"35":{"start":{"line":36,"column":0},"end":{"line":36,"column":23}},"36":{"start":{"line":37,"column":0},"end":{"line":37,"column":7}},"37":{"start":{"line":38,"column":0},"end":{"line":38,"column":21}},"38":{"start":{"line":39,"column":0},"end":{"line":39,"column":78}},"39":{"start":{"line":40,"column":0},"end":{"line":40,"column":15}},"40":{"start":{"line":41,"column":0},"end":{"line":41,"column":23}},"41":{"start":{"line":42,"column":0},"end":{"line":42,"column":5}},"42":{"start":{"line":43,"column":0},"end":{"line":43,"column":3}},"44":{"start":{"line":45,"column":0},"end":{"line":45,"column":10}},"45":{"start":{"line":46,"column":0},"end":{"line":46,"column":36}},"46":{"start":{"line":47,"column":0},"end":{"line":47,"column":33}},"47":{"start":{"line":48,"column":0},"end":{"line":48,"column":73}},"49":{"start":{"line":50,"column":0},"end":{"line":50,"column":36}},"50":{"start":{"line":51,"column":0},"end":{"line":51,"column":38}},"51":{"start":{"line":52,"column":0},"end":{"line":52,"column":48}},"52":{"start":{"line":53,"column":0},"end":{"line":53,"column":18}},"53":{"start":{"line":54,"column":0},"end":{"line":54,"column":24}},"54":{"start":{"line":55,"column":0},"end":{"line":55,"column":26}},"55":{"start":{"line":56,"column":0},"end":{"line":56,"column":38}},"56":{"start":{"line":57,"column":0},"end":{"line":57,"column":27}},"57":{"start":{"line":58,"column":0},"end":{"line":58,"column":56}},"58":{"start":{"line":59,"column":0},"end":{"line":59,"column":22}},"59":{"start":{"line":60,"column":0},"end":{"line":60,"column":14}},"60":{"start":{"line":61,"column":0},"end":{"line":61,"column":16}},"62":{"start":{"line":63,"column":0},"end":{"line":63,"column":38}},"63":{"start":{"line":64,"column":0},"end":{"line":64,"column":54}},"64":{"start":{"line":65,"column":0},"end":{"line":65,"column":18}},"65":{"start":{"line":66,"column":0},"end":{"line":66,"column":27}},"66":{"start":{"line":67,"column":0},"end":{"line":67,"column":29}},"67":{"start":{"line":68,"column":0},"end":{"line":68,"column":41}},"68":{"start":{"line":69,"column":0},"end":{"line":69,"column":30}},"69":{"start":{"line":70,"column":0},"end":{"line":70,"column":59}},"70":{"start":{"line":71,"column":0},"end":{"line":71,"column":22}},"71":{"start":{"line":72,"column":0},"end":{"line":72,"column":14}},"72":{"start":{"line":73,"column":0},"end":{"line":73,"column":16}},"74":{"start":{"line":75,"column":0},"end":{"line":75,"column":75}},"75":{"start":{"line":76,"column":0},"end":{"line":76,"column":73}},"76":{"start":{"line":77,"column":0},"end":{"line":77,"column":19}},"77":{"start":{"line":78,"column":0},"end":{"line":78,"column":15}},"79":{"start":{"line":80,"column":0},"end":{"line":80,"column":62}},"81":{"start":{"line":82,"column":0},"end":{"line":82,"column":35}},"82":{"start":{"line":83,"column":0},"end":{"line":83,"column":81}},"83":{"start":{"line":84,"column":0},"end":{"line":84,"column":17}},"84":{"start":{"line":85,"column":0},"end":{"line":85,"column":25}},"85":{"start":{"line":86,"column":0},"end":{"line":86,"column":50}},"86":{"start":{"line":87,"column":0},"end":{"line":87,"column":37}},"88":{"start":{"line":89,"column":0},"end":{"line":89,"column":46}},"89":{"start":{"line":90,"column":0},"end":{"line":90,"column":19}},"90":{"start":{"line":91,"column":0},"end":{"line":91,"column":12}},"91":{"start":{"line":92,"column":0},"end":{"line":92,"column":12}},"92":{"start":{"line":93,"column":0},"end":{"line":93,"column":10}},"94":{"start":{"line":95,"column":0},"end":{"line":95,"column":1}}},"s":{"0":1,"8":1,"9":134,"10":134,"11":134,"12":134,"13":134,"15":134,"16":4,"17":4,"18":4,"20":4,"21":4,"22":4,"23":1,"24":1,"25":1,"26":1,"27":1,"28":1,"29":4,"30":3,"31":3,"32":3,"33":3,"34":3,"35":2,"36":2,"37":4,"38":1,"39":4,"40":4,"41":4,"42":4,"44":134,"45":134,"46":134,"47":134,"49":134,"50":134,"51":134,"52":134,"53":134,"54":134,"55":134,"56":134,"57":134,"58":134,"59":134,"60":134,"62":134,"63":134,"64":134,"65":134,"66":134,"67":134,"68":134,"69":134,"70":134,"71":134,"72":134,"74":134,"75":134,"76":134,"77":134,"79":134,"81":134,"82":134,"83":134,"84":134,"85":134,"86":134,"88":134,"89":134,"90":134,"91":134,"92":134,"94":134},"branchMap":{"0":{"type":"branch","line":9,"loc":{"start":{"line":9,"column":41},"end":{"line":95,"column":1}},"locations":[{"start":{"line":9,"column":41},"end":{"line":95,"column":1}}]},"1":{"type":"branch","line":48,"loc":{"start":{"line":48,"column":13},"end":{"line":48,"column":36}},"locations":[{"start":{"line":48,"column":13},"end":{"line":48,"column":36}}]},"2":{"type":"branch","line":48,"loc":{"start":{"line":48,"column":24},"end":{"line":48,"column":46}},"locations":[{"start":{"line":48,"column":24},"end":{"line":48,"column":46}}]},"3":{"type":"branch","line":76,"loc":{"start":{"line":76,"column":13},"end":{"line":76,"column":39}},"locations":[{"start":{"line":76,"column":13},"end":{"line":76,"column":39}}]},"4":{"type":"branch","line":76,"loc":{"start":{"line":76,"column":23},"end":{"line":76,"column":73}},"locations":[{"start":{"line":76,"column":23},"end":{"line":76,"column":73}}]},"5":{"type":"branch","line":76,"loc":{"start":{"line":76,"column":39},"end":{"line":76,"column":62}},"locations":[{"start":{"line":76,"column":39},"end":{"line":76,"column":62}}]},"6":{"type":"branch","line":76,"loc":{"start":{"line":76,"column":50},"end":{"line":76,"column":73}},"locations":[{"start":{"line":76,"column":50},"end":{"line":76,"column":73}}]},"7":{"type":"branch","line":80,"loc":{"start":{"line":80,"column":9},"end":{"line":80,"column":62}},"locations":[{"start":{"line":80,"column":9},"end":{"line":80,"column":62}}]},"8":{"type":"branch","line":83,"loc":{"start":{"line":83,"column":11},"end":{"line":83,"column":51}},"locations":[{"start":{"line":83,"column":11},"end":{"line":83,"column":51}}]},"9":{"type":"branch","line":83,"loc":{"start":{"line":83,"column":22},"end":{"line":83,"column":77}},"locations":[{"start":{"line":83,"column":22},"end":{"line":83,"column":77}}]},"10":{"type":"branch","line":89,"loc":{"start":{"line":89,"column":13},"end":{"line":89,"column":36}},"locations":[{"start":{"line":89,"column":13},"end":{"line":89,"column":36}}]},"11":{"type":"branch","line":89,"loc":{"start":{"line":89,"column":24},"end":{"line":89,"column":46}},"locations":[{"start":{"line":89,"column":24},"end":{"line":89,"column":46}}]},"12":{"type":"branch","line":16,"loc":{"start":{"line":16,"column":21},"end":{"line":43,"column":3}},"locations":[{"start":{"line":16,"column":21},"end":{"line":43,"column":3}}]},"13":{"type":"branch","line":23,"loc":{"start":{"line":23,"column":20},"end":{"line":30,"column":13}},"locations":[{"start":{"line":23,"column":20},"end":{"line":30,"column":13}}]},"14":{"type":"branch","line":28,"loc":{"start":{"line":28,"column":19},"end":{"line":28,"column":30}},"locations":[{"start":{"line":28,"column":19},"end":{"line":28,"column":30}}]},"15":{"type":"branch","line":30,"loc":{"start":{"line":30,"column":6},"end":{"line":37,"column":7}},"locations":[{"start":{"line":30,"column":6},"end":{"line":37,"column":7}}]},"16":{"type":"branch","line":35,"loc":{"start":{"line":35,"column":19},"end":{"line":35,"column":30}},"locations":[{"start":{"line":35,"column":19},"end":{"line":35,"column":30}}]},"17":{"type":"branch","line":35,"loc":{"start":{"line":35,"column":25},"end":{"line":37,"column":7}},"locations":[{"start":{"line":35,"column":25},"end":{"line":37,"column":7}}]},"18":{"type":"branch","line":38,"loc":{"start":{"line":38,"column":4},"end":{"line":40,"column":6}},"locations":[{"start":{"line":38,"column":4},"end":{"line":40,"column":6}}]},"19":{"type":"branch","line":39,"loc":{"start":{"line":39,"column":48},"end":{"line":39,"column":77}},"locations":[{"start":{"line":39,"column":48},"end":{"line":39,"column":77}}]},"20":{"type":"branch","line":58,"loc":{"start":{"line":58,"column":24},"end":{"line":58,"column":56}},"locations":[{"start":{"line":58,"column":24},"end":{"line":58,"column":56}}]},"21":{"type":"branch","line":70,"loc":{"start":{"line":70,"column":24},"end":{"line":70,"column":59}},"locations":[{"start":{"line":70,"column":24},"end":{"line":70,"column":59}}]},"22":{"type":"branch","line":86,"loc":{"start":{"line":86,"column":21},"end":{"line":86,"column":50}},"locations":[{"start":{"line":86,"column":21},"end":{"line":86,"column":50}}]}},"b":{"0":[134],"1":[37],"2":[97],"3":[4],"4":[130],"5":[36],"6":[94],"7":[2],"8":[37],"9":[97],"10":[37],"11":[97],"12":[4],"13":[1],"14":[0],"15":[3],"16":[1],"17":[2],"18":[1],"19":[0],"20":[67],"21":[49],"22":[2]},"fnMap":{"0":{"name":"Auth","decl":{"start":{"line":9,"column":41},"end":{"line":95,"column":1}},"loc":{"start":{"line":9,"column":41},"end":{"line":95,"column":1}},"line":9},"1":{"name":"handleAuth","decl":{"start":{"line":16,"column":21},"end":{"line":43,"column":3}},"loc":{"start":{"line":16,"column":21},"end":{"line":43,"column":3}},"line":16},"2":{"name":"onChange","decl":{"start":{"line":58,"column":24},"end":{"line":58,"column":56}},"loc":{"start":{"line":58,"column":24},"end":{"line":58,"column":56}},"line":58},"3":{"name":"onChange","decl":{"start":{"line":70,"column":24},"end":{"line":70,"column":59}},"loc":{"start":{"line":70,"column":24},"end":{"line":70,"column":59}},"line":70},"4":{"name":"onClick","decl":{"start":{"line":86,"column":21},"end":{"line":86,"column":50}},"loc":{"start":{"line":86,"column":21},"end":{"line":86,"column":50}},"line":86}},"f":{"0":134,"1":4,"2":67,"3":49,"4":2}}
,"C:\\Git\\derby-stat-tracker\\src\\components\\Bouts.tsx": {"path":"C:\\Git\\derby-stat-tracker\\src\\components\\Bouts.tsx","all":false,"statementMap":{"0":{"start":{"line":1,"column":0},"end":{"line":1,"column":50}},"1":{"start":{"line":2,"column":0},"end":{"line":2,"column":49}},"3":{"start":{"line":4,"column":0},"end":{"line":4,"column":46}},"4":{"start":{"line":5,"column":0},"end":{"line":5,"column":20}},"36":{"start":{"line":37,"column":0},"end":{"line":37,"column":31}},"37":{"start":{"line":38,"column":0},"end":{"line":38,"column":59}},"38":{"start":{"line":39,"column":0},"end":{"line":39,"column":50}},"39":{"start":{"line":40,"column":0},"end":{"line":40,"column":48}},"40":{"start":{"line":41,"column":0},"end":{"line":41,"column":50}},"41":{"start":{"line":42,"column":0},"end":{"line":42,"column":51}},"42":{"start":{"line":43,"column":0},"end":{"line":43,"column":78}},"43":{"start":{"line":44,"column":0},"end":{"line":44,"column":60}},"44":{"start":{"line":45,"column":0},"end":{"line":45,"column":25}},"45":{"start":{"line":46,"column":0},"end":{"line":46,"column":25}},"46":{"start":{"line":47,"column":0},"end":{"line":47,"column":22}},"47":{"start":{"line":48,"column":0},"end":{"line":48,"column":18}},"48":{"start":{"line":49,"column":0},"end":{"line":49,"column":23}},"49":{"start":{"line":50,"column":0},"end":{"line":50,"column":23}},"50":{"start":{"line":51,"column":0},"end":{"line":51,"column":28}},"51":{"start":{"line":52,"column":0},"end":{"line":52,"column":17}},"52":{"start":{"line":53,"column":0},"end":{"line":53,"column":6}},"54":{"start":{"line":55,"column":0},"end":{"line":55,"column":36}},"55":{"start":{"line":56,"column":0},"end":{"line":56,"column":13}},"56":{"start":{"line":57,"column":0},"end":{"line":57,"column":59}},"57":{"start":{"line":58,"column":0},"end":{"line":58,"column":30}},"58":{"start":{"line":59,"column":0},"end":{"line":59,"column":25}},"62":{"start":{"line":63,"column":0},"end":{"line":63,"column":10}},"63":{"start":{"line":64,"column":0},"end":{"line":64,"column":57}},"65":{"start":{"line":66,"column":0},"end":{"line":66,"column":34}},"66":{"start":{"line":67,"column":0},"end":{"line":67,"column":32}},"67":{"start":{"line":68,"column":0},"end":{"line":68,"column":23}},"68":{"start":{"line":69,"column":0},"end":{"line":69,"column":82}},"69":{"start":{"line":70,"column":0},"end":{"line":70,"column":9}},"70":{"start":{"line":71,"column":0},"end":{"line":71,"column":5}},"72":{"start":{"line":73,"column":0},"end":{"line":73,"column":36}},"73":{"start":{"line":74,"column":0},"end":{"line":74,"column":13}},"74":{"start":{"line":75,"column":0},"end":{"line":75,"column":59}},"75":{"start":{"line":76,"column":0},"end":{"line":76,"column":30}},"76":{"start":{"line":77,"column":0},"end":{"line":77,"column":28}},"77":{"start":{"line":78,"column":0},"end":{"line":78,"column":30}},"79":{"start":{"line":80,"column":0},"end":{"line":80,"column":34}},"80":{"start":{"line":81,"column":0},"end":{"line":81,"column":32}},"81":{"start":{"line":82,"column":0},"end":{"line":82,"column":23}},"82":{"start":{"line":83,"column":0},"end":{"line":83,"column":82}},"83":{"start":{"line":84,"column":0},"end":{"line":84,"column":9}},"84":{"start":{"line":85,"column":0},"end":{"line":85,"column":5}},"86":{"start":{"line":87,"column":0},"end":{"line":87,"column":21}},"87":{"start":{"line":88,"column":0},"end":{"line":88,"column":39}},"88":{"start":{"line":89,"column":0},"end":{"line":89,"column":28}},"89":{"start":{"line":90,"column":0},"end":{"line":90,"column":59}},"90":{"start":{"line":91,"column":0},"end":{"line":91,"column":29}},"91":{"start":{"line":92,"column":0},"end":{"line":92,"column":9}},"92":{"start":{"line":93,"column":0},"end":{"line":93,"column":19}},"93":{"start":{"line":94,"column":0},"end":{"line":94,"column":10}},"95":{"start":{"line":96,"column":0},"end":{"line":96,"column":29}},"96":{"start":{"line":97,"column":0},"end":{"line":97,"column":21}},"97":{"start":{"line":98,"column":0},"end":{"line":98,"column":29}},"98":{"start":{"line":99,"column":0},"end":{"line":99,"column":29}},"99":{"start":{"line":100,"column":0},"end":{"line":100,"column":26}},"100":{"start":{"line":101,"column":0},"end":{"line":101,"column":22}},"101":{"start":{"line":102,"column":0},"end":{"line":102,"column":27}},"102":{"start":{"line":103,"column":0},"end":{"line":103,"column":27}},"103":{"start":{"line":104,"column":0},"end":{"line":104,"column":32}},"104":{"start":{"line":105,"column":0},"end":{"line":105,"column":21}},"105":{"start":{"line":106,"column":0},"end":{"line":106,"column":10}},"106":{"start":{"line":107,"column":0},"end":{"line":107,"column":28}},"107":{"start":{"line":108,"column":0},"end":{"line":108,"column":26}},"108":{"start":{"line":109,"column":0},"end":{"line":109,"column":5}},"110":{"start":{"line":111,"column":0},"end":{"line":111,"column":56}},"111":{"start":{"line":112,"column":0},"end":{"line":112,"column":26}},"113":{"start":{"line":114,"column":0},"end":{"line":114,"column":105}},"114":{"start":{"line":115,"column":0},"end":{"line":115,"column":58}},"115":{"start":{"line":116,"column":0},"end":{"line":116,"column":18}},"116":{"start":{"line":117,"column":0},"end":{"line":117,"column":9}},"118":{"start":{"line":119,"column":0},"end":{"line":119,"column":62}},"119":{"start":{"line":120,"column":0},"end":{"line":120,"column":61}},"120":{"start":{"line":121,"column":0},"end":{"line":121,"column":18}},"121":{"start":{"line":122,"column":0},"end":{"line":122,"column":9}},"123":{"start":{"line":124,"column":0},"end":{"line":124,"column":13}},"124":{"start":{"line":125,"column":0},"end":{"line":125,"column":30}},"125":{"start":{"line":126,"column":0},"end":{"line":126,"column":52}},"126":{"start":{"line":127,"column":0},"end":{"line":127,"column":52}},"127":{"start":{"line":128,"column":0},"end":{"line":128,"column":46}},"128":{"start":{"line":129,"column":0},"end":{"line":129,"column":38}},"129":{"start":{"line":130,"column":0},"end":{"line":130,"column":92}},"130":{"start":{"line":131,"column":0},"end":{"line":131,"column":92}},"131":{"start":{"line":132,"column":0},"end":{"line":132,"column":40}},"132":{"start":{"line":133,"column":0},"end":{"line":133,"column":45}},"133":{"start":{"line":134,"column":0},"end":{"line":134,"column":13}},"135":{"start":{"line":136,"column":0},"end":{"line":136,"column":30}},"136":{"start":{"line":137,"column":0},"end":{"line":137,"column":57}},"137":{"start":{"line":138,"column":0},"end":{"line":138,"column":34}},"138":{"start":{"line":139,"column":0},"end":{"line":139,"column":37}},"139":{"start":{"line":140,"column":0},"end":{"line":140,"column":45}},"141":{"start":{"line":142,"column":0},"end":{"line":142,"column":38}},"142":{"start":{"line":143,"column":0},"end":{"line":143,"column":20}},"143":{"start":{"line":144,"column":0},"end":{"line":144,"column":57}},"144":{"start":{"line":145,"column":0},"end":{"line":145,"column":34}},"145":{"start":{"line":146,"column":0},"end":{"line":146,"column":39}},"147":{"start":{"line":148,"column":0},"end":{"line":148,"column":38}},"148":{"start":{"line":149,"column":0},"end":{"line":149,"column":13}},"150":{"start":{"line":151,"column":0},"end":{"line":151,"column":30}},"151":{"start":{"line":152,"column":0},"end":{"line":152,"column":23}},"152":{"start":{"line":153,"column":0},"end":{"line":153,"column":24}},"153":{"start":{"line":154,"column":0},"end":{"line":154,"column":23}},"154":{"start":{"line":155,"column":0},"end":{"line":155,"column":80}},"155":{"start":{"line":156,"column":0},"end":{"line":156,"column":9}},"156":{"start":{"line":157,"column":0},"end":{"line":157,"column":5}},"158":{"start":{"line":159,"column":0},"end":{"line":159,"column":49}},"159":{"start":{"line":160,"column":0},"end":{"line":160,"column":21}},"160":{"start":{"line":161,"column":0},"end":{"line":161,"column":44}},"161":{"start":{"line":162,"column":0},"end":{"line":162,"column":44}},"162":{"start":{"line":163,"column":0},"end":{"line":163,"column":84}},"163":{"start":{"line":164,"column":0},"end":{"line":164,"column":30}},"164":{"start":{"line":165,"column":0},"end":{"line":165,"column":46}},"165":{"start":{"line":166,"column":0},"end":{"line":166,"column":46}},"166":{"start":{"line":167,"column":0},"end":{"line":167,"column":32}},"167":{"start":{"line":168,"column":0},"end":{"line":168,"column":35}},"168":{"start":{"line":169,"column":0},"end":{"line":169,"column":10}},"169":{"start":{"line":170,"column":0},"end":{"line":170,"column":28}},"170":{"start":{"line":171,"column":0},"end":{"line":171,"column":25}},"171":{"start":{"line":172,"column":0},"end":{"line":172,"column":5}},"173":{"start":{"line":174,"column":0},"end":{"line":174,"column":52}},"174":{"start":{"line":175,"column":0},"end":{"line":175,"column":74}},"176":{"start":{"line":177,"column":0},"end":{"line":177,"column":13}},"177":{"start":{"line":178,"column":0},"end":{"line":178,"column":53}},"178":{"start":{"line":179,"column":0},"end":{"line":179,"column":30}},"179":{"start":{"line":180,"column":0},"end":{"line":180,"column":25}},"180":{"start":{"line":181,"column":0},"end":{"line":181,"column":33}},"182":{"start":{"line":183,"column":0},"end":{"line":183,"column":34}},"183":{"start":{"line":184,"column":0},"end":{"line":184,"column":30}},"184":{"start":{"line":185,"column":0},"end":{"line":185,"column":23}},"185":{"start":{"line":186,"column":0},"end":{"line":186,"column":82}},"186":{"start":{"line":187,"column":0},"end":{"line":187,"column":9}},"187":{"start":{"line":188,"column":0},"end":{"line":188,"column":5}},"189":{"start":{"line":190,"column":0},"end":{"line":190,"column":56}},"190":{"start":{"line":191,"column":0},"end":{"line":191,"column":25}},"191":{"start":{"line":192,"column":0},"end":{"line":192,"column":55}},"192":{"start":{"line":193,"column":0},"end":{"line":193,"column":59}},"193":{"start":{"line":194,"column":0},"end":{"line":194,"column":55}},"194":{"start":{"line":195,"column":0},"end":{"line":195,"column":55}},"195":{"start":{"line":196,"column":0},"end":{"line":196,"column":46}},"196":{"start":{"line":197,"column":0},"end":{"line":197,"column":9}},"197":{"start":{"line":198,"column":0},"end":{"line":198,"column":5}},"199":{"start":{"line":200,"column":0},"end":{"line":200,"column":48}},"200":{"start":{"line":201,"column":0},"end":{"line":201,"column":65}},"201":{"start":{"line":202,"column":0},"end":{"line":202,"column":29}},"202":{"start":{"line":203,"column":0},"end":{"line":203,"column":28}},"203":{"start":{"line":204,"column":0},"end":{"line":204,"column":27}},"204":{"start":{"line":205,"column":0},"end":{"line":205,"column":27}},"205":{"start":{"line":206,"column":0},"end":{"line":206,"column":28}},"206":{"start":{"line":207,"column":0},"end":{"line":207,"column":29}},"207":{"start":{"line":208,"column":0},"end":{"line":208,"column":10}},"208":{"start":{"line":209,"column":0},"end":{"line":209,"column":5}},"210":{"start":{"line":211,"column":0},"end":{"line":211,"column":18}},"211":{"start":{"line":212,"column":0},"end":{"line":212,"column":16}},"212":{"start":{"line":213,"column":0},"end":{"line":213,"column":45}},"213":{"start":{"line":214,"column":0},"end":{"line":214,"column":63}},"214":{"start":{"line":215,"column":0},"end":{"line":215,"column":18}},"216":{"start":{"line":217,"column":0},"end":{"line":217,"column":5}},"218":{"start":{"line":219,"column":0},"end":{"line":219,"column":12}},"219":{"start":{"line":220,"column":0},"end":{"line":220,"column":41}},"220":{"start":{"line":221,"column":0},"end":{"line":221,"column":42}},"221":{"start":{"line":222,"column":0},"end":{"line":222,"column":48}},"222":{"start":{"line":223,"column":0},"end":{"line":223,"column":44}},"223":{"start":{"line":224,"column":0},"end":{"line":224,"column":92}},"224":{"start":{"line":225,"column":0},"end":{"line":225,"column":22}},"225":{"start":{"line":226,"column":0},"end":{"line":226,"column":23}},"226":{"start":{"line":227,"column":0},"end":{"line":227,"column":47}},"227":{"start":{"line":228,"column":0},"end":{"line":228,"column":58}},"229":{"start":{"line":230,"column":0},"end":{"line":230,"column":63}},"230":{"start":{"line":231,"column":0},"end":{"line":231,"column":25}},"231":{"start":{"line":232,"column":0},"end":{"line":232,"column":18}},"233":{"start":{"line":234,"column":0},"end":{"line":234,"column":23}},"234":{"start":{"line":235,"column":0},"end":{"line":235,"column":47}},"235":{"start":{"line":236,"column":0},"end":{"line":236,"column":27}},"236":{"start":{"line":237,"column":0},"end":{"line":237,"column":27}},"237":{"start":{"line":238,"column":0},"end":{"line":238,"column":47}},"238":{"start":{"line":239,"column":0},"end":{"line":239,"column":52}},"239":{"start":{"line":240,"column":0},"end":{"line":240,"column":21}},"241":{"start":{"line":242,"column":0},"end":{"line":242,"column":29}},"242":{"start":{"line":243,"column":0},"end":{"line":243,"column":22}},"245":{"start":{"line":246,"column":0},"end":{"line":246,"column":26}},"246":{"start":{"line":247,"column":0},"end":{"line":247,"column":53}},"247":{"start":{"line":248,"column":0},"end":{"line":248,"column":78}},"248":{"start":{"line":249,"column":0},"end":{"line":249,"column":72}},"249":{"start":{"line":250,"column":0},"end":{"line":250,"column":50}},"250":{"start":{"line":251,"column":0},"end":{"line":251,"column":56}},"251":{"start":{"line":252,"column":0},"end":{"line":252,"column":81}},"252":{"start":{"line":253,"column":0},"end":{"line":253,"column":39}},"253":{"start":{"line":254,"column":0},"end":{"line":254,"column":53}},"254":{"start":{"line":255,"column":0},"end":{"line":255,"column":65}},"255":{"start":{"line":256,"column":0},"end":{"line":256,"column":112}},"256":{"start":{"line":257,"column":0},"end":{"line":257,"column":44}},"258":{"start":{"line":259,"column":0},"end":{"line":259,"column":78}},"259":{"start":{"line":260,"column":0},"end":{"line":260,"column":56}},"260":{"start":{"line":261,"column":0},"end":{"line":261,"column":78}},"261":{"start":{"line":262,"column":0},"end":{"line":262,"column":55}},"262":{"start":{"line":263,"column":0},"end":{"line":263,"column":49}},"263":{"start":{"line":264,"column":0},"end":{"line":264,"column":39}},"264":{"start":{"line":265,"column":0},"end":{"line":265,"column":41}},"265":{"start":{"line":266,"column":0},"end":{"line":266,"column":34}},"267":{"start":{"line":268,"column":0},"end":{"line":268,"column":56}},"268":{"start":{"line":269,"column":0},"end":{"line":269,"column":81}},"269":{"start":{"line":270,"column":0},"end":{"line":270,"column":39}},"270":{"start":{"line":271,"column":0},"end":{"line":271,"column":53}},"271":{"start":{"line":272,"column":0},"end":{"line":272,"column":65}},"272":{"start":{"line":273,"column":0},"end":{"line":273,"column":112}},"273":{"start":{"line":274,"column":0},"end":{"line":274,"column":44}},"275":{"start":{"line":276,"column":0},"end":{"line":276,"column":78}},"276":{"start":{"line":277,"column":0},"end":{"line":277,"column":56}},"277":{"start":{"line":278,"column":0},"end":{"line":278,"column":78}},"278":{"start":{"line":279,"column":0},"end":{"line":279,"column":55}},"279":{"start":{"line":280,"column":0},"end":{"line":280,"column":49}},"280":{"start":{"line":281,"column":0},"end":{"line":281,"column":39}},"281":{"start":{"line":282,"column":0},"end":{"line":282,"column":41}},"282":{"start":{"line":283,"column":0},"end":{"line":283,"column":34}},"283":{"start":{"line":284,"column":0},"end":{"line":284,"column":30}},"285":{"start":{"line":286,"column":0},"end":{"line":286,"column":50}},"286":{"start":{"line":287,"column":0},"end":{"line":287,"column":56}},"287":{"start":{"line":288,"column":0},"end":{"line":288,"column":80}},"288":{"start":{"line":289,"column":0},"end":{"line":289,"column":38}},"289":{"start":{"line":290,"column":0},"end":{"line":290,"column":57}},"290":{"start":{"line":291,"column":0},"end":{"line":291,"column":50}},"291":{"start":{"line":292,"column":0},"end":{"line":292,"column":62}},"292":{"start":{"line":293,"column":0},"end":{"line":293,"column":109}},"293":{"start":{"line":294,"column":0},"end":{"line":294,"column":44}},"294":{"start":{"line":295,"column":0},"end":{"line":295,"column":34}},"295":{"start":{"line":296,"column":0},"end":{"line":296,"column":34}},"297":{"start":{"line":298,"column":0},"end":{"line":298,"column":56}},"298":{"start":{"line":299,"column":0},"end":{"line":299,"column":70}},"299":{"start":{"line":300,"column":0},"end":{"line":300,"column":38}},"300":{"start":{"line":301,"column":0},"end":{"line":301,"column":47}},"301":{"start":{"line":302,"column":0},"end":{"line":302,"column":46}},"302":{"start":{"line":303,"column":0},"end":{"line":303,"column":58}},"303":{"start":{"line":304,"column":0},"end":{"line":304,"column":105}},"304":{"start":{"line":305,"column":0},"end":{"line":305,"column":66}},"305":{"start":{"line":306,"column":0},"end":{"line":306,"column":44}},"306":{"start":{"line":307,"column":0},"end":{"line":307,"column":34}},"307":{"start":{"line":308,"column":0},"end":{"line":308,"column":34}},"308":{"start":{"line":309,"column":0},"end":{"line":309,"column":30}},"310":{"start":{"line":311,"column":0},"end":{"line":311,"column":50}},"311":{"start":{"line":312,"column":0},"end":{"line":312,"column":56}},"312":{"start":{"line":313,"column":0},"end":{"line":313,"column":78}},"313":{"start":{"line":314,"column":0},"end":{"line":314,"column":38}},"314":{"start":{"line":315,"column":0},"end":{"line":315,"column":49}},"315":{"start":{"line":316,"column":0},"end":{"line":316,"column":51}},"316":{"start":{"line":317,"column":0},"end":{"line":317,"column":63}},"317":{"start":{"line":318,"column":0},"end":{"line":318,"column":147}},"318":{"start":{"line":319,"column":0},"end":{"line":319,"column":51}},"319":{"start":{"line":320,"column":0},"end":{"line":320,"column":43}},"320":{"start":{"line":321,"column":0},"end":{"line":321,"column":34}},"321":{"start":{"line":322,"column":0},"end":{"line":322,"column":34}},"323":{"start":{"line":324,"column":0},"end":{"line":324,"column":56}},"324":{"start":{"line":325,"column":0},"end":{"line":325,"column":78}},"325":{"start":{"line":326,"column":0},"end":{"line":326,"column":38}},"326":{"start":{"line":327,"column":0},"end":{"line":327,"column":49}},"327":{"start":{"line":328,"column":0},"end":{"line":328,"column":51}},"328":{"start":{"line":329,"column":0},"end":{"line":329,"column":63}},"329":{"start":{"line":330,"column":0},"end":{"line":330,"column":147}},"330":{"start":{"line":331,"column":0},"end":{"line":331,"column":51}},"331":{"start":{"line":332,"column":0},"end":{"line":332,"column":43}},"332":{"start":{"line":333,"column":0},"end":{"line":333,"column":34}},"333":{"start":{"line":334,"column":0},"end":{"line":334,"column":34}},"335":{"start":{"line":336,"column":0},"end":{"line":336,"column":56}},"336":{"start":{"line":337,"column":0},"end":{"line":337,"column":70}},"337":{"start":{"line":338,"column":0},"end":{"line":338,"column":39}},"338":{"start":{"line":339,"column":0},"end":{"line":339,"column":47}},"339":{"start":{"line":340,"column":0},"end":{"line":340,"column":59}},"340":{"start":{"line":341,"column":0},"end":{"line":341,"column":124}},"342":{"start":{"line":343,"column":0},"end":{"line":343,"column":80}},"343":{"start":{"line":344,"column":0},"end":{"line":344,"column":84}},"344":{"start":{"line":345,"column":0},"end":{"line":345,"column":80}},"345":{"start":{"line":346,"column":0},"end":{"line":346,"column":80}},"346":{"start":{"line":347,"column":0},"end":{"line":347,"column":41}},"347":{"start":{"line":348,"column":0},"end":{"line":348,"column":34}},"348":{"start":{"line":349,"column":0},"end":{"line":349,"column":30}},"350":{"start":{"line":351,"column":0},"end":{"line":351,"column":52}},"351":{"start":{"line":352,"column":0},"end":{"line":352,"column":64}},"352":{"start":{"line":353,"column":0},"end":{"line":353,"column":37}},"353":{"start":{"line":354,"column":0},"end":{"line":354,"column":42}},"354":{"start":{"line":355,"column":0},"end":{"line":355,"column":54}},"355":{"start":{"line":356,"column":0},"end":{"line":356,"column":101}},"356":{"start":{"line":357,"column":0},"end":{"line":357,"column":80}},"357":{"start":{"line":358,"column":0},"end":{"line":358,"column":40}},"358":{"start":{"line":359,"column":0},"end":{"line":359,"column":30}},"359":{"start":{"line":360,"column":0},"end":{"line":360,"column":30}},"361":{"start":{"line":362,"column":0},"end":{"line":362,"column":54}},"362":{"start":{"line":363,"column":0},"end":{"line":363,"column":100}},"364":{"start":{"line":365,"column":0},"end":{"line":365,"column":37}},"365":{"start":{"line":366,"column":0},"end":{"line":366,"column":78}},"366":{"start":{"line":367,"column":0},"end":{"line":367,"column":79}},"367":{"start":{"line":368,"column":0},"end":{"line":368,"column":37}},"368":{"start":{"line":369,"column":0},"end":{"line":369,"column":30}},"369":{"start":{"line":370,"column":0},"end":{"line":370,"column":27}},"370":{"start":{"line":371,"column":0},"end":{"line":371,"column":22}},"373":{"start":{"line":374,"column":0},"end":{"line":374,"column":35}},"374":{"start":{"line":375,"column":0},"end":{"line":375,"column":45}},"375":{"start":{"line":376,"column":0},"end":{"line":376,"column":77}},"376":{"start":{"line":377,"column":0},"end":{"line":377,"column":47}},"377":{"start":{"line":378,"column":0},"end":{"line":378,"column":83}},"378":{"start":{"line":379,"column":0},"end":{"line":379,"column":27}},"379":{"start":{"line":380,"column":0},"end":{"line":380,"column":51}},"380":{"start":{"line":381,"column":0},"end":{"line":381,"column":57}},"381":{"start":{"line":382,"column":0},"end":{"line":382,"column":21}},"383":{"start":{"line":384,"column":0},"end":{"line":384,"column":29}},"384":{"start":{"line":385,"column":0},"end":{"line":385,"column":22}},"386":{"start":{"line":387,"column":0},"end":{"line":387,"column":44}},"387":{"start":{"line":388,"column":0},"end":{"line":388,"column":40}},"388":{"start":{"line":389,"column":0},"end":{"line":389,"column":65}},"389":{"start":{"line":390,"column":0},"end":{"line":390,"column":57}},"390":{"start":{"line":391,"column":0},"end":{"line":391,"column":94}},"391":{"start":{"line":392,"column":0},"end":{"line":392,"column":81}},"392":{"start":{"line":393,"column":0},"end":{"line":393,"column":38}},"393":{"start":{"line":394,"column":0},"end":{"line":394,"column":62}},"394":{"start":{"line":395,"column":0},"end":{"line":395,"column":43}},"395":{"start":{"line":396,"column":0},"end":{"line":396,"column":72}},"396":{"start":{"line":397,"column":0},"end":{"line":397,"column":76}},"397":{"start":{"line":398,"column":0},"end":{"line":398,"column":37}},"399":{"start":{"line":400,"column":0},"end":{"line":400,"column":45}},"400":{"start":{"line":401,"column":0},"end":{"line":401,"column":43}},"401":{"start":{"line":402,"column":0},"end":{"line":402,"column":77}},"402":{"start":{"line":403,"column":0},"end":{"line":403,"column":73}},"403":{"start":{"line":404,"column":0},"end":{"line":404,"column":37}},"405":{"start":{"line":406,"column":0},"end":{"line":406,"column":45}},"406":{"start":{"line":407,"column":0},"end":{"line":407,"column":38}},"407":{"start":{"line":408,"column":0},"end":{"line":408,"column":34}},"409":{"start":{"line":410,"column":0},"end":{"line":410,"column":58}},"410":{"start":{"line":411,"column":0},"end":{"line":411,"column":64}},"411":{"start":{"line":412,"column":0},"end":{"line":412,"column":65}},"412":{"start":{"line":413,"column":0},"end":{"line":413,"column":44}},"413":{"start":{"line":414,"column":0},"end":{"line":414,"column":73}},"414":{"start":{"line":415,"column":0},"end":{"line":415,"column":79}},"415":{"start":{"line":416,"column":0},"end":{"line":416,"column":65}},"416":{"start":{"line":417,"column":0},"end":{"line":417,"column":61}},"417":{"start":{"line":418,"column":0},"end":{"line":418,"column":86}},"418":{"start":{"line":419,"column":0},"end":{"line":419,"column":46}},"419":{"start":{"line":420,"column":0},"end":{"line":420,"column":42}},"421":{"start":{"line":422,"column":0},"end":{"line":422,"column":63}},"422":{"start":{"line":423,"column":0},"end":{"line":423,"column":94}},"423":{"start":{"line":424,"column":0},"end":{"line":424,"column":78}},"424":{"start":{"line":425,"column":0},"end":{"line":425,"column":42}},"425":{"start":{"line":426,"column":0},"end":{"line":426,"column":99}},"426":{"start":{"line":427,"column":0},"end":{"line":427,"column":91}},"428":{"start":{"line":429,"column":0},"end":{"line":429,"column":38}},"430":{"start":{"line":431,"column":0},"end":{"line":431,"column":68}},"432":{"start":{"line":433,"column":0},"end":{"line":433,"column":64}},"433":{"start":{"line":434,"column":0},"end":{"line":434,"column":99}},"434":{"start":{"line":435,"column":0},"end":{"line":435,"column":91}},"436":{"start":{"line":437,"column":0},"end":{"line":437,"column":63}},"437":{"start":{"line":438,"column":0},"end":{"line":438,"column":94}},"438":{"start":{"line":439,"column":0},"end":{"line":439,"column":78}},"439":{"start":{"line":440,"column":0},"end":{"line":440,"column":42}},"440":{"start":{"line":441,"column":0},"end":{"line":441,"column":65}},"441":{"start":{"line":442,"column":0},"end":{"line":442,"column":44}},"442":{"start":{"line":443,"column":0},"end":{"line":443,"column":73}},"443":{"start":{"line":444,"column":0},"end":{"line":444,"column":79}},"444":{"start":{"line":445,"column":0},"end":{"line":445,"column":65}},"445":{"start":{"line":446,"column":0},"end":{"line":446,"column":61}},"446":{"start":{"line":447,"column":0},"end":{"line":447,"column":86}},"447":{"start":{"line":448,"column":0},"end":{"line":448,"column":46}},"448":{"start":{"line":449,"column":0},"end":{"line":449,"column":42}},"450":{"start":{"line":451,"column":0},"end":{"line":451,"column":38}},"451":{"start":{"line":452,"column":0},"end":{"line":452,"column":34}},"453":{"start":{"line":454,"column":0},"end":{"line":454,"column":58}},"454":{"start":{"line":455,"column":0},"end":{"line":455,"column":59}},"455":{"start":{"line":456,"column":0},"end":{"line":456,"column":87}},"456":{"start":{"line":457,"column":0},"end":{"line":457,"column":38}},"457":{"start":{"line":458,"column":0},"end":{"line":458,"column":60}},"458":{"start":{"line":459,"column":0},"end":{"line":459,"column":72}},"459":{"start":{"line":460,"column":0},"end":{"line":460,"column":38}},"460":{"start":{"line":461,"column":0},"end":{"line":461,"column":48}},"461":{"start":{"line":462,"column":0},"end":{"line":462,"column":64}},"462":{"start":{"line":463,"column":0},"end":{"line":463,"column":76}},"463":{"start":{"line":464,"column":0},"end":{"line":464,"column":42}},"465":{"start":{"line":466,"column":0},"end":{"line":466,"column":34}},"466":{"start":{"line":467,"column":0},"end":{"line":467,"column":30}},"467":{"start":{"line":468,"column":0},"end":{"line":468,"column":23}},"468":{"start":{"line":469,"column":0},"end":{"line":469,"column":22}},"470":{"start":{"line":471,"column":0},"end":{"line":471,"column":14}},"472":{"start":{"line":473,"column":0},"end":{"line":473,"column":1}},"474":{"start":{"line":475,"column":0},"end":{"line":475,"column":20}}},"s":{"0":1,"1":1,"3":1,"4":1,"36":1,"37":96,"38":96,"39":96,"40":96,"41":96,"42":96,"43":96,"44":96,"45":96,"46":96,"47":96,"48":96,"49":96,"50":96,"51":96,"52":96,"54":96,"55":20,"56":20,"57":20,"58":20,"62":20,"63":20,"65":20,"66":20,"67":20,"68":0,"69":0,"70":20,"72":96,"73":19,"74":19,"75":19,"76":19,"77":19,"79":19,"80":19,"81":19,"82":0,"83":0,"84":19,"86":96,"87":19,"88":19,"89":19,"90":19,"91":19,"92":19,"93":96,"95":96,"96":1,"97":1,"98":1,"99":1,"100":1,"101":1,"102":1,"103":1,"104":1,"105":1,"106":1,"107":1,"108":1,"110":96,"111":1,"113":1,"114":0,"115":0,"116":0,"118":1,"119":1,"120":1,"121":1,"123":0,"124":0,"125":0,"126":0,"127":0,"128":0,"129":1,"130":1,"131":1,"132":1,"133":1,"135":1,"136":0,"137":0,"138":0,"139":0,"141":0,"142":0,"143":0,"144":0,"145":0,"147":0,"148":0,"150":0,"151":0,"152":0,"153":0,"154":0,"155":0,"156":1,"158":96,"159":0,"160":0,"161":0,"162":0,"163":0,"164":0,"165":0,"166":0,"167":0,"168":0,"169":0,"170":0,"171":0,"173":96,"174":1,"176":1,"177":1,"178":1,"179":1,"180":1,"182":1,"183":1,"184":1,"185":0,"186":0,"187":1,"189":96,"190":57,"191":57,"192":57,"193":57,"194":57,"195":57,"196":57,"197":57,"199":96,"200":57,"201":57,"202":57,"203":57,"204":57,"205":57,"206":57,"207":57,"208":57,"210":96,"211":36,"212":36,"213":36,"214":36,"216":36,"218":59,"219":59,"220":59,"221":59,"222":59,"223":59,"224":59,"225":59,"226":59,"227":59,"229":96,"230":96,"231":96,"233":96,"234":1,"235":1,"236":1,"237":1,"238":1,"239":1,"241":1,"242":1,"245":96,"246":23,"247":23,"248":23,"249":23,"250":23,"251":23,"252":23,"253":23,"254":23,"255":23,"256":23,"258":23,"259":23,"260":46,"261":46,"262":46,"263":23,"264":23,"265":23,"267":23,"268":23,"269":23,"270":23,"271":23,"272":23,"273":23,"275":23,"276":23,"277":46,"278":46,"279":46,"280":23,"281":23,"282":23,"283":23,"285":23,"286":23,"287":23,"288":23,"289":23,"290":23,"291":23,"292":23,"293":23,"294":23,"295":23,"297":23,"298":23,"299":23,"300":23,"301":23,"302":23,"303":23,"304":23,"305":23,"306":23,"307":23,"308":23,"310":23,"311":23,"312":23,"313":23,"314":23,"315":23,"316":23,"317":23,"318":23,"319":23,"320":23,"321":23,"323":23,"324":23,"325":23,"326":23,"327":23,"328":23,"329":23,"330":23,"331":23,"332":23,"333":23,"335":23,"336":23,"337":23,"338":23,"339":23,"340":23,"342":23,"343":23,"344":23,"345":23,"346":23,"347":23,"348":23,"350":23,"351":23,"352":23,"353":23,"354":23,"355":23,"356":23,"357":23,"358":23,"359":23,"361":23,"362":23,"364":23,"365":23,"366":23,"367":23,"368":23,"369":23,"370":23,"373":96,"374":2,"375":2,"376":2,"377":2,"378":2,"379":2,"380":2,"381":2,"383":2,"384":2,"386":57,"387":57,"388":57,"389":57,"390":57,"391":57,"392":57,"393":57,"394":57,"395":57,"396":57,"397":57,"399":57,"400":57,"401":57,"402":57,"403":57,"405":57,"406":57,"407":57,"409":57,"410":57,"411":57,"412":0,"413":0,"414":0,"415":0,"416":0,"417":0,"418":0,"419":0,"421":57,"422":57,"423":57,"424":57,"425":57,"426":57,"428":57,"430":57,"432":57,"433":57,"434":57,"436":57,"437":57,"438":57,"439":57,"440":57,"441":0,"442":0,"443":0,"444":0,"445":0,"446":0,"447":0,"448":0,"450":57,"451":57,"453":57,"454":57,"455":57,"456":57,"457":57,"458":57,"459":57,"460":57,"461":0,"462":0,"463":0,"465":57,"466":57,"467":57,"468":57,"470":96,"472":96,"474":1},"branchMap":{"0":{"type":"branch","line":37,"loc":{"start":{"line":37,"column":24},"end":{"line":473,"column":1}},"locations":[{"start":{"line":37,"column":24},"end":{"line":473,"column":1}}]},"1":{"type":"branch","line":211,"loc":{"start":{"line":211,"column":17},"end":{"line":230,"column":32}},"locations":[{"start":{"line":211,"column":17},"end":{"line":230,"column":32}}]},"2":{"type":"branch","line":211,"loc":{"start":{"line":211,"column":17},"end":{"line":217,"column":5}},"locations":[{"start":{"line":211,"column":17},"end":{"line":217,"column":5}}]},"3":{"type":"branch","line":217,"loc":{"start":{"line":217,"column":4},"end":{"line":230,"column":32}},"locations":[{"start":{"line":217,"column":4},"end":{"line":230,"column":32}}]},"4":{"type":"branch","line":230,"loc":{"start":{"line":230,"column":21},"end":{"line":230,"column":43}},"locations":[{"start":{"line":230,"column":21},"end":{"line":230,"column":43}}]},"5":{"type":"branch","line":230,"loc":{"start":{"line":230,"column":32},"end":{"line":230,"column":63}},"locations":[{"start":{"line":230,"column":32},"end":{"line":230,"column":63}}]},"6":{"type":"branch","line":234,"loc":{"start":{"line":234,"column":13},"end":{"line":243,"column":22}},"locations":[{"start":{"line":234,"column":13},"end":{"line":243,"column":22}}]},"7":{"type":"branch","line":246,"loc":{"start":{"line":246,"column":13},"end":{"line":371,"column":22}},"locations":[{"start":{"line":246,"column":13},"end":{"line":371,"column":22}}]},"8":{"type":"branch","line":248,"loc":{"start":{"line":248,"column":25},"end":{"line":248,"column":53}},"locations":[{"start":{"line":248,"column":25},"end":{"line":248,"column":53}}]},"9":{"type":"branch","line":367,"loc":{"start":{"line":367,"column":33},"end":{"line":367,"column":63}},"locations":[{"start":{"line":367,"column":33},"end":{"line":367,"column":63}}]},"10":{"type":"branch","line":374,"loc":{"start":{"line":374,"column":30},"end":{"line":385,"column":22}},"locations":[{"start":{"line":374,"column":30},"end":{"line":385,"column":22}}]},"11":{"type":"branch","line":385,"loc":{"start":{"line":385,"column":16},"end":{"line":469,"column":22}},"locations":[{"start":{"line":385,"column":16},"end":{"line":469,"column":22}}]},"12":{"type":"branch","line":55,"loc":{"start":{"line":55,"column":23},"end":{"line":71,"column":5}},"locations":[{"start":{"line":55,"column":23},"end":{"line":71,"column":5}}]},"13":{"type":"branch","line":66,"loc":{"start":{"line":66,"column":23},"end":{"line":66,"column":34}},"locations":[{"start":{"line":66,"column":23},"end":{"line":66,"column":34}}]},"14":{"type":"branch","line":67,"loc":{"start":{"line":67,"column":21},"end":{"line":67,"column":31}},"locations":[{"start":{"line":67,"column":21},"end":{"line":67,"column":31}}]},"15":{"type":"branch","line":68,"loc":{"start":{"line":68,"column":8},"end":{"line":70,"column":9}},"locations":[{"start":{"line":68,"column":8},"end":{"line":70,"column":9}}]},"16":{"type":"branch","line":73,"loc":{"start":{"line":73,"column":23},"end":{"line":85,"column":5}},"locations":[{"start":{"line":73,"column":23},"end":{"line":85,"column":5}}]},"17":{"type":"branch","line":80,"loc":{"start":{"line":80,"column":23},"end":{"line":80,"column":34}},"locations":[{"start":{"line":80,"column":23},"end":{"line":80,"column":34}}]},"18":{"type":"branch","line":81,"loc":{"start":{"line":81,"column":21},"end":{"line":81,"column":31}},"locations":[{"start":{"line":81,"column":21},"end":{"line":81,"column":31}}]},"19":{"type":"branch","line":82,"loc":{"start":{"line":82,"column":8},"end":{"line":84,"column":9}},"locations":[{"start":{"line":82,"column":8},"end":{"line":84,"column":9}}]},"20":{"type":"branch","line":87,"loc":{"start":{"line":87,"column":14},"end":{"line":94,"column":7}},"locations":[{"start":{"line":87,"column":14},"end":{"line":94,"column":7}}]},"21":{"type":"branch","line":88,"loc":{"start":{"line":88,"column":26},"end":{"line":92,"column":9}},"locations":[{"start":{"line":88,"column":26},"end":{"line":92,"column":9}}]},"22":{"type":"branch","line":96,"loc":{"start":{"line":96,"column":22},"end":{"line":109,"column":5}},"locations":[{"start":{"line":96,"column":22},"end":{"line":109,"column":5}}]},"23":{"type":"branch","line":111,"loc":{"start":{"line":111,"column":25},"end":{"line":157,"column":5}},"locations":[{"start":{"line":111,"column":25},"end":{"line":157,"column":5}}]},"24":{"type":"branch","line":114,"loc":{"start":{"line":114,"column":104},"end":{"line":117,"column":9}},"locations":[{"start":{"line":114,"column":104},"end":{"line":117,"column":9}}]},"25":{"type":"branch","line":122,"loc":{"start":{"line":122,"column":8},"end":{"line":130,"column":64}},"locations":[{"start":{"line":122,"column":8},"end":{"line":130,"column":64}}]},"26":{"type":"branch","line":130,"loc":{"start":{"line":130,"column":57},"end":{"line":130,"column":92}},"locations":[{"start":{"line":130,"column":57},"end":{"line":130,"column":92}}]},"27":{"type":"branch","line":131,"loc":{"start":{"line":131,"column":52},"end":{"line":131,"column":64}},"locations":[{"start":{"line":131,"column":52},"end":{"line":131,"column":64}}]},"28":{"type":"branch","line":131,"loc":{"start":{"line":131,"column":57},"end":{"line":131,"column":92}},"locations":[{"start":{"line":131,"column":57},"end":{"line":131,"column":92}}]},"29":{"type":"branch","line":133,"loc":{"start":{"line":133,"column":32},"end":{"line":133,"column":45}},"locations":[{"start":{"line":133,"column":32},"end":{"line":133,"column":45}}]},"30":{"type":"branch","line":136,"loc":{"start":{"line":136,"column":29},"end":{"line":156,"column":9}},"locations":[{"start":{"line":136,"column":29},"end":{"line":156,"column":9}}]},"31":{"type":"branch","line":174,"loc":{"start":{"line":174,"column":25},"end":{"line":188,"column":5}},"locations":[{"start":{"line":174,"column":25},"end":{"line":188,"column":5}}]},"32":{"type":"branch","line":175,"loc":{"start":{"line":175,"column":68},"end":{"line":175,"column":74}},"locations":[{"start":{"line":175,"column":68},"end":{"line":175,"column":74}}]},"33":{"type":"branch","line":183,"loc":{"start":{"line":183,"column":23},"end":{"line":183,"column":34}},"locations":[{"start":{"line":183,"column":23},"end":{"line":183,"column":34}}]},"34":{"type":"branch","line":185,"loc":{"start":{"line":185,"column":8},"end":{"line":187,"column":9}},"locations":[{"start":{"line":185,"column":8},"end":{"line":187,"column":9}}]},"35":{"type":"branch","line":190,"loc":{"start":{"line":190,"column":27},"end":{"line":198,"column":5}},"locations":[{"start":{"line":190,"column":27},"end":{"line":198,"column":5}}]},"36":{"type":"branch","line":192,"loc":{"start":{"line":192,"column":12},"end":{"line":192,"column":55}},"locations":[{"start":{"line":192,"column":12},"end":{"line":192,"column":55}}]},"37":{"type":"branch","line":193,"loc":{"start":{"line":193,"column":12},"end":{"line":193,"column":59}},"locations":[{"start":{"line":193,"column":12},"end":{"line":193,"column":59}}]},"38":{"type":"branch","line":195,"loc":{"start":{"line":195,"column":12},"end":{"line":195,"column":55}},"locations":[{"start":{"line":195,"column":12},"end":{"line":195,"column":55}}]},"39":{"type":"branch","line":196,"loc":{"start":{"line":196,"column":12},"end":{"line":196,"column":46}},"locations":[{"start":{"line":196,"column":12},"end":{"line":196,"column":46}}]},"40":{"type":"branch","line":200,"loc":{"start":{"line":200,"column":23},"end":{"line":209,"column":5}},"locations":[{"start":{"line":200,"column":23},"end":{"line":209,"column":5}}]},"41":{"type":"branch","line":228,"loc":{"start":{"line":228,"column":29},"end":{"line":228,"column":58}},"locations":[{"start":{"line":228,"column":29},"end":{"line":228,"column":58}}]},"42":{"type":"branch","line":256,"loc":{"start":{"line":256,"column":46},"end":{"line":256,"column":112}},"locations":[{"start":{"line":256,"column":46},"end":{"line":256,"column":112}}]},"43":{"type":"branch","line":260,"loc":{"start":{"line":260,"column":47},"end":{"line":263,"column":49}},"locations":[{"start":{"line":260,"column":47},"end":{"line":263,"column":49}}]},"44":{"type":"branch","line":273,"loc":{"start":{"line":273,"column":46},"end":{"line":273,"column":112}},"locations":[{"start":{"line":273,"column":46},"end":{"line":273,"column":112}}]},"45":{"type":"branch","line":277,"loc":{"start":{"line":277,"column":47},"end":{"line":280,"column":49}},"locations":[{"start":{"line":277,"column":47},"end":{"line":280,"column":49}}]},"46":{"type":"branch","line":293,"loc":{"start":{"line":293,"column":46},"end":{"line":293,"column":109}},"locations":[{"start":{"line":293,"column":46},"end":{"line":293,"column":109}}]},"47":{"type":"branch","line":304,"loc":{"start":{"line":304,"column":46},"end":{"line":304,"column":105}},"locations":[{"start":{"line":304,"column":46},"end":{"line":304,"column":105}}]},"48":{"type":"branch","line":388,"loc":{"start":{"line":388,"column":31},"end":{"line":467,"column":30}},"locations":[{"start":{"line":388,"column":31},"end":{"line":467,"column":30}}]},"49":{"type":"branch","line":412,"loc":{"start":{"line":412,"column":52},"end":{"line":420,"column":42}},"locations":[{"start":{"line":412,"column":52},"end":{"line":420,"column":42}}]},"50":{"type":"branch","line":441,"loc":{"start":{"line":441,"column":52},"end":{"line":449,"column":42}},"locations":[{"start":{"line":441,"column":52},"end":{"line":449,"column":42}}]},"51":{"type":"branch","line":461,"loc":{"start":{"line":461,"column":38},"end":{"line":464,"column":42}},"locations":[{"start":{"line":461,"column":38},"end":{"line":464,"column":42}}]},"52":{"type":"branch","line":402,"loc":{"start":{"line":402,"column":49},"end":{"line":402,"column":77}},"locations":[{"start":{"line":402,"column":49},"end":{"line":402,"column":77}}]}},"b":{"0":[96],"1":[94],"2":[36],"3":[59],"4":[23],"5":[36],"6":[1],"7":[23],"8":[0],"9":[0],"10":[2],"11":[57],"12":[20],"13":[0],"14":[0],"15":[0],"16":[19],"17":[0],"18":[0],"19":[0],"20":[19],"21":[19],"22":[1],"23":[1],"24":[0],"25":[0],"26":[0],"27":[0],"28":[0],"29":[0],"30":[0],"31":[1],"32":[0],"33":[0],"34":[0],"35":[57],"36":[0],"37":[0],"38":[0],"39":[0],"40":[57],"41":[6],"42":[2],"43":[46],"44":[2],"45":[46],"46":[2],"47":[10],"48":[57],"49":[0],"50":[0],"51":[0],"52":[1]},"fnMap":{"0":{"name":"Bouts","decl":{"start":{"line":37,"column":24},"end":{"line":473,"column":1}},"loc":{"start":{"line":37,"column":24},"end":{"line":473,"column":1}},"line":37},"1":{"name":"fetchBouts","decl":{"start":{"line":55,"column":23},"end":{"line":71,"column":5}},"loc":{"start":{"line":55,"column":23},"end":{"line":71,"column":5}},"line":55},"2":{"name":"fetchTeams","decl":{"start":{"line":73,"column":23},"end":{"line":85,"column":5}},"loc":{"start":{"line":73,"column":23},"end":{"line":85,"column":5}},"line":73},"3":{"name":"fetchData","decl":{"start":{"line":88,"column":26},"end":{"line":92,"column":9}},"loc":{"start":{"line":88,"column":26},"end":{"line":92,"column":9}},"line":88},"4":{"name":"resetForm","decl":{"start":{"line":96,"column":22},"end":{"line":109,"column":5}},"loc":{"start":{"line":96,"column":22},"end":{"line":109,"column":5}},"line":96},"5":{"name":"handleSubmit","decl":{"start":{"line":111,"column":25},"end":{"line":157,"column":5}},"loc":{"start":{"line":111,"column":25},"end":{"line":157,"column":5}},"line":111},"6":{"name":"handleEdit","decl":{"start":{"line":159,"column":23},"end":{"line":172,"column":5}},"loc":{"start":{"line":159,"column":23},"end":{"line":172,"column":5}},"line":159},"7":{"name":"handleDelete","decl":{"start":{"line":174,"column":25},"end":{"line":188,"column":5}},"loc":{"start":{"line":174,"column":25},"end":{"line":188,"column":5}},"line":174},"8":{"name":"getStatusColor","decl":{"start":{"line":190,"column":27},"end":{"line":198,"column":5}},"loc":{"start":{"line":190,"column":27},"end":{"line":198,"column":5}},"line":190},"9":{"name":"formatDate","decl":{"start":{"line":200,"column":23},"end":{"line":209,"column":5}},"loc":{"start":{"line":200,"column":23},"end":{"line":209,"column":5}},"line":200},"10":{"name":"onClick","decl":{"start":{"line":228,"column":29},"end":{"line":228,"column":58}},"loc":{"start":{"line":228,"column":29},"end":{"line":228,"column":58}},"line":228},"11":{"name":"onClick","decl":{"start":{"line":239,"column":33},"end":{"line":239,"column":52}},"loc":{"start":{"line":239,"column":33},"end":{"line":239,"column":52}},"line":239},"12":{"name":"onChange","decl":{"start":{"line":256,"column":46},"end":{"line":256,"column":112}},"loc":{"start":{"line":256,"column":46},"end":{"line":256,"column":112}},"line":256},"13":{"name":"onChange","decl":{"start":{"line":273,"column":46},"end":{"line":273,"column":112}},"loc":{"start":{"line":273,"column":46},"end":{"line":273,"column":112}},"line":273},"14":{"name":"onChange","decl":{"start":{"line":293,"column":46},"end":{"line":293,"column":109}},"loc":{"start":{"line":293,"column":46},"end":{"line":293,"column":109}},"line":293},"15":{"name":"onChange","decl":{"start":{"line":304,"column":46},"end":{"line":304,"column":105}},"loc":{"start":{"line":304,"column":46},"end":{"line":304,"column":105}},"line":304},"16":{"name":"onChange","decl":{"start":{"line":318,"column":46},"end":{"line":318,"column":147}},"loc":{"start":{"line":318,"column":46},"end":{"line":318,"column":147}},"line":318},"17":{"name":"onChange","decl":{"start":{"line":330,"column":46},"end":{"line":330,"column":147}},"loc":{"start":{"line":330,"column":46},"end":{"line":330,"column":147}},"line":330},"18":{"name":"onChange","decl":{"start":{"line":341,"column":46},"end":{"line":341,"column":124}},"loc":{"start":{"line":341,"column":46},"end":{"line":341,"column":124}},"line":341},"19":{"name":"onChange","decl":{"start":{"line":356,"column":42},"end":{"line":356,"column":101}},"loc":{"start":{"line":356,"column":42},"end":{"line":356,"column":101}},"line":356},"20":{"name":"onClick","decl":{"start":{"line":381,"column":33},"end":{"line":381,"column":57}},"loc":{"start":{"line":381,"column":33},"end":{"line":381,"column":57}},"line":381},"21":{"name":"onClick","decl":{"start":{"line":396,"column":49},"end":{"line":396,"column":72}},"loc":{"start":{"line":396,"column":49},"end":{"line":396,"column":72}},"line":396},"22":{"name":"onClick","decl":{"start":{"line":402,"column":49},"end":{"line":402,"column":77}},"loc":{"start":{"line":402,"column":49},"end":{"line":402,"column":77}},"line":402},"23":{"name":"onError","decl":{"start":{"line":417,"column":53},"end":{"line":419,"column":46}},"loc":{"start":{"line":417,"column":53},"end":{"line":419,"column":46}},"line":417},"24":{"name":"onError","decl":{"start":{"line":446,"column":53},"end":{"line":448,"column":46}},"loc":{"start":{"line":446,"column":53},"end":{"line":448,"column":46}},"line":446}},"f":{"0":96,"1":20,"2":19,"3":19,"4":1,"5":1,"6":0,"7":1,"8":57,"9":57,"10":6,"11":0,"12":2,"13":2,"14":2,"15":10,"16":0,"17":0,"18":0,"19":0,"20":0,"21":0,"22":1,"23":0,"24":0}}
,"C:\\Git\\derby-stat-tracker\\src\\components\\ConfigurationError.tsx": {"path":"C:\\Git\\derby-stat-tracker\\src\\components\\ConfigurationError.tsx","all":false,"statementMap":{"0":{"start":{"line":1,"column":0},"end":{"line":1,"column":28}},"6":{"start":{"line":7,"column":0},"end":{"line":7,"column":72}},"7":{"start":{"line":8,"column":0},"end":{"line":8,"column":12}},"8":{"start":{"line":9,"column":0},"end":{"line":9,"column":41}},"9":{"start":{"line":10,"column":0},"end":{"line":10,"column":43}},"10":{"start":{"line":11,"column":0},"end":{"line":11,"column":47}},"11":{"start":{"line":12,"column":0},"end":{"line":12,"column":19}},"13":{"start":{"line":14,"column":0},"end":{"line":14,"column":20}},"14":{"start":{"line":15,"column":0},"end":{"line":15,"column":25}},"15":{"start":{"line":16,"column":0},"end":{"line":16,"column":56}},"16":{"start":{"line":17,"column":0},"end":{"line":17,"column":90}},"17":{"start":{"line":18,"column":0},"end":{"line":18,"column":93}},"18":{"start":{"line":19,"column":0},"end":{"line":19,"column":50}},"19":{"start":{"line":20,"column":0},"end":{"line":20,"column":55}},"20":{"start":{"line":21,"column":0},"end":{"line":21,"column":25}},"21":{"start":{"line":22,"column":0},"end":{"line":22,"column":31}},"22":{"start":{"line":23,"column":0},"end":{"line":23,"column":75}},"23":{"start":{"line":24,"column":0},"end":{"line":24,"column":42}},"24":{"start":{"line":25,"column":0},"end":{"line":25,"column":28}},"26":{"start":{"line":27,"column":0},"end":{"line":27,"column":26}},"27":{"start":{"line":28,"column":0},"end":{"line":28,"column":51}},"28":{"start":{"line":29,"column":0},"end":{"line":29,"column":69}},"29":{"start":{"line":30,"column":0},"end":{"line":30,"column":97}},"31":{"start":{"line":32,"column":0},"end":{"line":32,"column":24}},"32":{"start":{"line":33,"column":0},"end":{"line":33,"column":22}},"33":{"start":{"line":34,"column":0},"end":{"line":34,"column":23}},"34":{"start":{"line":35,"column":0},"end":{"line":35,"column":60}},"35":{"start":{"line":36,"column":0},"end":{"line":36,"column":44}},"36":{"start":{"line":37,"column":0},"end":{"line":37,"column":49}},"37":{"start":{"line":38,"column":0},"end":{"line":38,"column":17}},"39":{"start":{"line":40,"column":0},"end":{"line":40,"column":25}},"40":{"start":{"line":41,"column":0},"end":{"line":41,"column":18}},"41":{"start":{"line":42,"column":0},"end":{"line":42,"column":14}},"43":{"start":{"line":44,"column":0},"end":{"line":44,"column":1}}},"s":{"0":1,"6":1,"7":4,"8":4,"9":4,"10":4,"11":4,"13":4,"14":4,"15":4,"16":4,"17":4,"18":4,"19":4,"20":4,"21":4,"22":4,"23":4,"24":4,"26":4,"27":4,"28":4,"29":4,"31":4,"32":4,"33":4,"34":4,"35":4,"36":4,"37":4,"39":4,"40":4,"41":4,"43":4},"branchMap":{"0":{"type":"branch","line":7,"loc":{"start":{"line":7,"column":7},"end":{"line":44,"column":1}},"locations":[{"start":{"line":7,"column":7},"end":{"line":44,"column":1}}]},"1":{"type":"branch","line":35,"loc":{"start":{"line":35,"column":29},"end":{"line":35,"column":60}},"locations":[{"start":{"line":35,"column":29},"end":{"line":35,"column":60}}]}},"b":{"0":[4],"1":[1]},"fnMap":{"0":{"name":"ConfigurationError","decl":{"start":{"line":7,"column":7},"end":{"line":44,"column":1}},"loc":{"start":{"line":7,"column":7},"end":{"line":44,"column":1}},"line":7},"1":{"name":"onClick","decl":{"start":{"line":35,"column":29},"end":{"line":35,"column":60}},"loc":{"start":{"line":35,"column":29},"end":{"line":35,"column":60}},"line":35}},"f":{"0":4,"1":1}}
,"C:\\Git\\derby-stat-tracker\\src\\components\\Dashboard.tsx": {"path":"C:\\Git\\derby-stat-tracker\\src\\components\\Dashboard.tsx","all":false,"statementMap":{"0":{"start":{"line":1,"column":0},"end":{"line":1,"column":50}},"1":{"start":{"line":2,"column":0},"end":{"line":2,"column":49}},"3":{"start":{"line":4,"column":0},"end":{"line":4,"column":65}},"4":{"start":{"line":5,"column":0},"end":{"line":5,"column":24}},"38":{"start":{"line":39,"column":0},"end":{"line":39,"column":35}},"39":{"start":{"line":40,"column":0},"end":{"line":40,"column":57}},"40":{"start":{"line":41,"column":0},"end":{"line":41,"column":54}},"41":{"start":{"line":42,"column":0},"end":{"line":42,"column":19}},"42":{"start":{"line":43,"column":0},"end":{"line":43,"column":21}},"43":{"start":{"line":44,"column":0},"end":{"line":44,"column":19}},"44":{"start":{"line":45,"column":0},"end":{"line":45,"column":29}},"45":{"start":{"line":46,"column":0},"end":{"line":46,"column":23}},"46":{"start":{"line":47,"column":0},"end":{"line":47,"column":4}},"47":{"start":{"line":48,"column":0},"end":{"line":48,"column":46}},"48":{"start":{"line":49,"column":0},"end":{"line":49,"column":48}},"50":{"start":{"line":51,"column":0},"end":{"line":51,"column":42}},"51":{"start":{"line":52,"column":0},"end":{"line":52,"column":9}},"52":{"start":{"line":53,"column":0},"end":{"line":53,"column":22}},"55":{"start":{"line":56,"column":0},"end":{"line":56,"column":76}},"56":{"start":{"line":57,"column":0},"end":{"line":57,"column":22}},"57":{"start":{"line":58,"column":0},"end":{"line":58,"column":17}},"68":{"start":{"line":69,"column":0},"end":{"line":69,"column":10}},"69":{"start":{"line":70,"column":0},"end":{"line":70,"column":22}},"71":{"start":{"line":72,"column":0},"end":{"line":72,"column":38}},"74":{"start":{"line":75,"column":0},"end":{"line":75,"column":79}},"75":{"start":{"line":76,"column":0},"end":{"line":76,"column":51}},"76":{"start":{"line":77,"column":0},"end":{"line":77,"column":86}},"78":{"start":{"line":79,"column":0},"end":{"line":79,"column":16}},"79":{"start":{"line":80,"column":0},"end":{"line":80,"column":18}},"80":{"start":{"line":81,"column":0},"end":{"line":81,"column":43}},"81":{"start":{"line":82,"column":0},"end":{"line":82,"column":51}},"82":{"start":{"line":83,"column":0},"end":{"line":83,"column":82}},"83":{"start":{"line":84,"column":0},"end":{"line":84,"column":46}},"84":{"start":{"line":85,"column":0},"end":{"line":85,"column":34}},"85":{"start":{"line":86,"column":0},"end":{"line":86,"column":29}},"86":{"start":{"line":87,"column":0},"end":{"line":87,"column":13}},"87":{"start":{"line":88,"column":0},"end":{"line":88,"column":9}},"88":{"start":{"line":89,"column":0},"end":{"line":89,"column":8}},"90":{"start":{"line":91,"column":0},"end":{"line":91,"column":32}},"93":{"start":{"line":94,"column":0},"end":{"line":94,"column":62}},"94":{"start":{"line":95,"column":0},"end":{"line":95,"column":87}},"95":{"start":{"line":96,"column":0},"end":{"line":96,"column":84}},"96":{"start":{"line":97,"column":0},"end":{"line":97,"column":8}},"99":{"start":{"line":100,"column":0},"end":{"line":100,"column":50}},"100":{"start":{"line":101,"column":0},"end":{"line":101,"column":34}},"101":{"start":{"line":102,"column":0},"end":{"line":102,"column":51}},"102":{"start":{"line":103,"column":0},"end":{"line":103,"column":49}},"103":{"start":{"line":104,"column":0},"end":{"line":104,"column":29}},"104":{"start":{"line":105,"column":0},"end":{"line":105,"column":48}},"105":{"start":{"line":106,"column":0},"end":{"line":106,"column":11}},"106":{"start":{"line":107,"column":0},"end":{"line":107,"column":10}},"107":{"start":{"line":108,"column":0},"end":{"line":108,"column":8}},"110":{"start":{"line":111,"column":0},"end":{"line":111,"column":61}},"111":{"start":{"line":112,"column":0},"end":{"line":112,"column":24}},"112":{"start":{"line":113,"column":0},"end":{"line":113,"column":41}},"113":{"start":{"line":114,"column":0},"end":{"line":114,"column":50}},"114":{"start":{"line":115,"column":0},"end":{"line":115,"column":17}},"116":{"start":{"line":117,"column":0},"end":{"line":117,"column":59}},"117":{"start":{"line":118,"column":0},"end":{"line":118,"column":22}},"118":{"start":{"line":119,"column":0},"end":{"line":119,"column":35}},"119":{"start":{"line":120,"column":0},"end":{"line":120,"column":50}},"120":{"start":{"line":121,"column":0},"end":{"line":121,"column":17}},"123":{"start":{"line":124,"column":0},"end":{"line":124,"column":30}},"124":{"start":{"line":125,"column":0},"end":{"line":125,"column":49}},"125":{"start":{"line":126,"column":0},"end":{"line":126,"column":40}},"126":{"start":{"line":127,"column":0},"end":{"line":127,"column":61}},"127":{"start":{"line":128,"column":0},"end":{"line":128,"column":33}},"128":{"start":{"line":129,"column":0},"end":{"line":129,"column":12}},"129":{"start":{"line":130,"column":0},"end":{"line":130,"column":45}},"130":{"start":{"line":131,"column":0},"end":{"line":131,"column":38}},"131":{"start":{"line":132,"column":0},"end":{"line":132,"column":53}},"132":{"start":{"line":133,"column":0},"end":{"line":133,"column":31}},"133":{"start":{"line":134,"column":0},"end":{"line":134,"column":11}},"134":{"start":{"line":135,"column":0},"end":{"line":135,"column":91}},"136":{"start":{"line":137,"column":0},"end":{"line":137,"column":16}},"137":{"start":{"line":138,"column":0},"end":{"line":138,"column":45}},"138":{"start":{"line":139,"column":0},"end":{"line":139,"column":48}},"139":{"start":{"line":140,"column":0},"end":{"line":140,"column":44}},"140":{"start":{"line":141,"column":0},"end":{"line":141,"column":55}},"141":{"start":{"line":142,"column":0},"end":{"line":142,"column":39}},"142":{"start":{"line":143,"column":0},"end":{"line":143,"column":8}},"144":{"start":{"line":145,"column":0},"end":{"line":145,"column":19}},"145":{"start":{"line":146,"column":0},"end":{"line":146,"column":85}},"146":{"start":{"line":147,"column":0},"end":{"line":147,"column":15}},"147":{"start":{"line":148,"column":0},"end":{"line":148,"column":23}},"148":{"start":{"line":149,"column":0},"end":{"line":149,"column":5}},"149":{"start":{"line":150,"column":0},"end":{"line":150,"column":3}},"151":{"start":{"line":152,"column":0},"end":{"line":152,"column":19}},"152":{"start":{"line":153,"column":0},"end":{"line":153,"column":24}},"153":{"start":{"line":154,"column":0},"end":{"line":154,"column":8}},"155":{"start":{"line":156,"column":0},"end":{"line":156,"column":16}},"156":{"start":{"line":157,"column":0},"end":{"line":157,"column":12}},"157":{"start":{"line":158,"column":0},"end":{"line":158,"column":43}},"158":{"start":{"line":159,"column":0},"end":{"line":159,"column":59}},"159":{"start":{"line":160,"column":0},"end":{"line":160,"column":12}},"161":{"start":{"line":162,"column":0},"end":{"line":162,"column":3}},"163":{"start":{"line":164,"column":0},"end":{"line":164,"column":14}},"164":{"start":{"line":165,"column":0},"end":{"line":165,"column":12}},"165":{"start":{"line":166,"column":0},"end":{"line":166,"column":43}},"166":{"start":{"line":167,"column":0},"end":{"line":167,"column":52}},"167":{"start":{"line":168,"column":0},"end":{"line":168,"column":12}},"169":{"start":{"line":170,"column":0},"end":{"line":170,"column":3}},"171":{"start":{"line":172,"column":0},"end":{"line":172,"column":10}},"172":{"start":{"line":173,"column":0},"end":{"line":173,"column":41}},"173":{"start":{"line":174,"column":0},"end":{"line":174,"column":40}},"174":{"start":{"line":175,"column":0},"end":{"line":175,"column":45}},"175":{"start":{"line":176,"column":0},"end":{"line":176,"column":107}},"176":{"start":{"line":177,"column":0},"end":{"line":177,"column":12}},"179":{"start":{"line":180,"column":0},"end":{"line":180,"column":34}},"180":{"start":{"line":181,"column":0},"end":{"line":181,"column":35}},"181":{"start":{"line":182,"column":0},"end":{"line":182,"column":78}},"182":{"start":{"line":183,"column":0},"end":{"line":183,"column":40}},"183":{"start":{"line":184,"column":0},"end":{"line":184,"column":66}},"184":{"start":{"line":185,"column":0},"end":{"line":185,"column":51}},"185":{"start":{"line":186,"column":0},"end":{"line":186,"column":16}},"186":{"start":{"line":187,"column":0},"end":{"line":187,"column":14}},"188":{"start":{"line":189,"column":0},"end":{"line":189,"column":35}},"189":{"start":{"line":190,"column":0},"end":{"line":190,"column":82}},"190":{"start":{"line":191,"column":0},"end":{"line":191,"column":40}},"191":{"start":{"line":192,"column":0},"end":{"line":192,"column":68}},"192":{"start":{"line":193,"column":0},"end":{"line":193,"column":53}},"193":{"start":{"line":194,"column":0},"end":{"line":194,"column":16}},"194":{"start":{"line":195,"column":0},"end":{"line":195,"column":14}},"196":{"start":{"line":197,"column":0},"end":{"line":197,"column":35}},"197":{"start":{"line":198,"column":0},"end":{"line":198,"column":78}},"198":{"start":{"line":199,"column":0},"end":{"line":199,"column":40}},"199":{"start":{"line":200,"column":0},"end":{"line":200,"column":66}},"200":{"start":{"line":201,"column":0},"end":{"line":201,"column":51}},"201":{"start":{"line":202,"column":0},"end":{"line":202,"column":16}},"202":{"start":{"line":203,"column":0},"end":{"line":203,"column":14}},"204":{"start":{"line":205,"column":0},"end":{"line":205,"column":35}},"205":{"start":{"line":206,"column":0},"end":{"line":206,"column":85}},"206":{"start":{"line":207,"column":0},"end":{"line":207,"column":40}},"207":{"start":{"line":208,"column":0},"end":{"line":208,"column":41}},"208":{"start":{"line":209,"column":0},"end":{"line":209,"column":43}},"209":{"start":{"line":210,"column":0},"end":{"line":210,"column":18}},"210":{"start":{"line":211,"column":0},"end":{"line":211,"column":60}},"211":{"start":{"line":212,"column":0},"end":{"line":212,"column":16}},"212":{"start":{"line":213,"column":0},"end":{"line":213,"column":14}},"213":{"start":{"line":214,"column":0},"end":{"line":214,"column":12}},"216":{"start":{"line":217,"column":0},"end":{"line":217,"column":37}},"217":{"start":{"line":218,"column":0},"end":{"line":218,"column":30}},"218":{"start":{"line":219,"column":0},"end":{"line":219,"column":38}},"219":{"start":{"line":220,"column":0},"end":{"line":220,"column":54}},"220":{"start":{"line":221,"column":0},"end":{"line":221,"column":73}},"221":{"start":{"line":222,"column":0},"end":{"line":222,"column":61}},"222":{"start":{"line":223,"column":0},"end":{"line":223,"column":19}},"224":{"start":{"line":225,"column":0},"end":{"line":225,"column":56}},"225":{"start":{"line":226,"column":0},"end":{"line":226,"column":75}},"226":{"start":{"line":227,"column":0},"end":{"line":227,"column":63}},"227":{"start":{"line":228,"column":0},"end":{"line":228,"column":19}},"229":{"start":{"line":230,"column":0},"end":{"line":230,"column":54}},"230":{"start":{"line":231,"column":0},"end":{"line":231,"column":73}},"231":{"start":{"line":232,"column":0},"end":{"line":232,"column":62}},"232":{"start":{"line":233,"column":0},"end":{"line":233,"column":19}},"234":{"start":{"line":235,"column":0},"end":{"line":235,"column":54}},"235":{"start":{"line":236,"column":0},"end":{"line":236,"column":77}},"236":{"start":{"line":237,"column":0},"end":{"line":237,"column":59}},"237":{"start":{"line":238,"column":0},"end":{"line":238,"column":19}},"238":{"start":{"line":239,"column":0},"end":{"line":239,"column":14}},"239":{"start":{"line":240,"column":0},"end":{"line":240,"column":12}},"241":{"start":{"line":242,"column":0},"end":{"line":242,"column":41}},"243":{"start":{"line":244,"column":0},"end":{"line":244,"column":40}},"244":{"start":{"line":245,"column":0},"end":{"line":245,"column":33}},"245":{"start":{"line":246,"column":0},"end":{"line":246,"column":33}},"246":{"start":{"line":247,"column":0},"end":{"line":247,"column":41}},"247":{"start":{"line":248,"column":0},"end":{"line":248,"column":75}},"248":{"start":{"line":249,"column":0},"end":{"line":249,"column":18}},"250":{"start":{"line":251,"column":0},"end":{"line":251,"column":48}},"251":{"start":{"line":252,"column":0},"end":{"line":252,"column":34}},"252":{"start":{"line":253,"column":0},"end":{"line":253,"column":65}},"253":{"start":{"line":254,"column":0},"end":{"line":254,"column":55}},"254":{"start":{"line":255,"column":0},"end":{"line":255,"column":39}},"255":{"start":{"line":256,"column":0},"end":{"line":256,"column":26}},"256":{"start":{"line":257,"column":0},"end":{"line":257,"column":43}},"257":{"start":{"line":258,"column":0},"end":{"line":258,"column":49}},"258":{"start":{"line":259,"column":0
[...]
n":23},"end":{"line":119,"column":5}},"locations":[{"start":{"line":114,"column":23},"end":{"line":119,"column":5}}]},"24":{"type":"branch","line":135,"loc":{"start":{"line":135,"column":29},"end":{"line":135,"column":56}},"locations":[{"start":{"line":135,"column":29},"end":{"line":135,"column":56}}]},"25":{"type":"branch","line":159,"loc":{"start":{"line":159,"column":42},"end":{"line":159,"column":100}},"locations":[{"start":{"line":159,"column":42},"end":{"line":159,"column":100}}]},"26":{"type":"branch","line":194,"loc":{"start":{"line":194,"column":30},"end":{"line":230,"column":30}},"locations":[{"start":{"line":194,"column":30},"end":{"line":230,"column":30}}]},"27":{"type":"branch","line":197,"loc":{"start":{"line":197,"column":38},"end":{"line":205,"column":38}},"locations":[{"start":{"line":197,"column":38},"end":{"line":205,"column":38}}]},"28":{"type":"branch","line":225,"loc":{"start":{"line":225,"column":45},"end":{"line":225,"column":70}},"locations":[{"start":{"line":225,"column":45},"end":{"line":225,"column":70}}]}},"b":{"0":[53],"1":[11],"2":[41],"3":[0],"4":[22],"5":[0],"6":[0],"7":[2],"8":[39],"9":[11],"10":[0],"11":[0],"12":[0],"13":[9],"14":[1],"15":[0],"16":[0],"17":[0],"18":[0],"19":[1],"20":[0],"21":[0],"22":[0],"23":[2],"24":[5],"25":[16],"26":[78],"27":[0],"28":[1]},"fnMap":{"0":{"name":"Teams","decl":{"start":{"line":6,"column":24},"end":{"line":236,"column":1}},"loc":{"start":{"line":6,"column":24},"end":{"line":236,"column":1}},"line":6},"1":{"name":"fetchTeams","decl":{"start":{"line":18,"column":23},"end":{"line":33,"column":5}},"loc":{"start":{"line":18,"column":23},"end":{"line":33,"column":5}},"line":18},"2":{"name":"handleSubmit","decl":{"start":{"line":41,"column":25},"end":{"line":82,"column":5}},"loc":{"start":{"line":41,"column":25},"end":{"line":82,"column":5}},"line":41},"3":{"name":"handleDelete","decl":{"start":{"line":85,"column":25},"end":{"line":101,"column":5}},"loc":{"start":{"line":85,"column":25},"end":{"line":101,"column":5}},"line":85},"4":{"name":"startEdit","decl":{"start":{"line":104,"column":22},"end":{"line":111,"column":5}},"loc":{"start":{"line":104,"column":22},"end":{"line":111,"column":5}},"line":104},"5":{"name":"cancelForm","decl":{"start":{"line":114,"column":23},"end":{"line":119,"column":5}},"loc":{"start":{"line":114,"column":23},"end":{"line":119,"column":5}},"line":114},"6":{"name":"onClick","decl":{"start":{"line":135,"column":29},"end":{"line":135,"column":56}},"loc":{"start":{"line":135,"column":29},"end":{"line":135,"column":56}},"line":135},"7":{"name":"onChange","decl":{"start":{"line":159,"column":42},"end":{"line":159,"column":100}},"loc":{"start":{"line":159,"column":42},"end":{"line":159,"column":100}},"line":159},"8":{"name":"onChange","decl":{"start":{"line":171,"column":42},"end":{"line":171,"column":104}},"loc":{"start":{"line":171,"column":42},"end":{"line":171,"column":104}},"line":171},"9":{"name":"onError","decl":{"start":{"line":202,"column":49},"end":{"line":204,"column":42}},"loc":{"start":{"line":202,"column":49},"end":{"line":204,"column":42}},"line":202},"10":{"name":"onClick","decl":{"start":{"line":219,"column":45},"end":{"line":219,"column":67}},"loc":{"start":{"line":219,"column":45},"end":{"line":219,"column":67}},"line":219},"11":{"name":"onClick","decl":{"start":{"line":225,"column":45},"end":{"line":225,"column":70}},"loc":{"start":{"line":225,"column":45},"end":{"line":225,"column":70}},"line":225}},"f":{"0":53,"1":11,"2":1,"3":1,"4":0,"5":2,"6":5,"7":16,"8":0,"9":0,"10":0,"11":1}}
,"C:\\Git\\derby-stat-tracker\\src\\contexts\\SupabaseContext.tsx": {"path":"C:\\Git\\derby-stat-tracker\\src\\contexts\\SupabaseContext.tsx","all":false,"statementMap":{"0":{"start":{"line":1,"column":0},"end":{"line":1,"column":65}},"11":{"start":{"line":12,"column":0},"end":{"line":12,"column":81}},"19":{"start":{"line":20,"column":0},"end":{"line":20,"column":84}},"20":{"start":{"line":21,"column":0},"end":{"line":21,"column":53}},"21":{"start":{"line":22,"column":0},"end":{"line":22,"column":62}},"22":{"start":{"line":23,"column":0},"end":{"line":23,"column":46}},"24":{"start":{"line":25,"column":0},"end":{"line":25,"column":19}},"26":{"start":{"line":27,"column":0},"end":{"line":27,"column":32}},"27":{"start":{"line":28,"column":0},"end":{"line":28,"column":23}},"28":{"start":{"line":29,"column":0},"end":{"line":29,"column":12}},"29":{"start":{"line":30,"column":0},"end":{"line":30,"column":5}},"32":{"start":{"line":33,"column":0},"end":{"line":33,"column":73}},"33":{"start":{"line":34,"column":0},"end":{"line":34,"column":25}},"34":{"start":{"line":35,"column":0},"end":{"line":35,"column":36}},"35":{"start":{"line":36,"column":0},"end":{"line":36,"column":23}},"36":{"start":{"line":37,"column":0},"end":{"line":37,"column":6}},"39":{"start":{"line":40,"column":0},"end":{"line":40,"column":11}},"40":{"start":{"line":41,"column":0},"end":{"line":41,"column":29}},"41":{"start":{"line":42,"column":0},"end":{"line":42,"column":71}},"42":{"start":{"line":43,"column":0},"end":{"line":43,"column":25}},"43":{"start":{"line":44,"column":0},"end":{"line":44,"column":36}},"44":{"start":{"line":45,"column":0},"end":{"line":45,"column":23}},"45":{"start":{"line":46,"column":0},"end":{"line":46,"column":6}},"47":{"start":{"line":48,"column":0},"end":{"line":48,"column":43}},"48":{"start":{"line":49,"column":0},"end":{"line":49,"column":8}},"50":{"start":{"line":51,"column":0},"end":{"line":51,"column":31}},"51":{"start":{"line":52,"column":0},"end":{"line":52,"column":42}},"52":{"start":{"line":53,"column":0},"end":{"line":53,"column":3}},"54":{"start":{"line":55,"column":0},"end":{"line":55,"column":17}},"55":{"start":{"line":56,"column":0},"end":{"line":56,"column":9}},"56":{"start":{"line":57,"column":0},"end":{"line":57,"column":12}},"57":{"start":{"line":58,"column":0},"end":{"line":58,"column":12}},"58":{"start":{"line":59,"column":0},"end":{"line":59,"column":12}},"59":{"start":{"line":60,"column":0},"end":{"line":60,"column":3}},"61":{"start":{"line":62,"column":0},"end":{"line":62,"column":10}},"62":{"start":{"line":63,"column":0},"end":{"line":63,"column":44}},"63":{"start":{"line":64,"column":0},"end":{"line":64,"column":16}},"64":{"start":{"line":65,"column":0},"end":{"line":65,"column":31}},"66":{"start":{"line":67,"column":0},"end":{"line":67,"column":1}}},"s":{"0":1,"11":1,"19":1,"20":4,"21":4,"22":4,"24":4,"26":3,"27":0,"28":0,"29":0,"32":3,"33":3,"34":3,"35":3,"36":3,"39":3,"40":3,"41":3,"42":0,"43":0,"44":0,"45":3,"47":3,"48":4,"50":4,"51":0,"52":0,"54":4,"55":4,"56":4,"57":4,"58":4,"59":4,"61":4,"62":4,"63":4,"64":4,"66":4},"branchMap":{"0":{"type":"branch","line":20,"loc":{"start":{"line":20,"column":65},"end":{"line":67,"column":1}},"locations":[{"start":{"line":20,"column":65},"end":{"line":67,"column":1}}]},"1":{"type":"branch","line":25,"loc":{"start":{"line":25,"column":12},"end":{"line":49,"column":5}},"locations":[{"start":{"line":25,"column":12},"end":{"line":49,"column":5}}]},"2":{"type":"branch","line":27,"loc":{"start":{"line":27,"column":31},"end":{"line":30,"column":5}},"locations":[{"start":{"line":27,"column":31},"end":{"line":30,"column":5}}]},"3":{"type":"branch","line":33,"loc":{"start":{"line":33,"column":45},"end":{"line":37,"column":5}},"locations":[{"start":{"line":33,"column":45},"end":{"line":37,"column":5}}]},"4":{"type":"branch","line":35,"loc":{"start":{"line":35,"column":14},"end":{"line":35,"column":31}},"locations":[{"start":{"line":35,"column":14},"end":{"line":35,"column":31}}]},"5":{"type":"branch","line":48,"loc":{"start":{"line":48,"column":11},"end":{"line":48,"column":43}},"locations":[{"start":{"line":48,"column":11},"end":{"line":48,"column":43}}]}},"b":{"0":[4],"1":[3],"2":[0],"3":[3],"4":[0],"5":[3]},"fnMap":{"0":{"name":"SupabaseProvider","decl":{"start":{"line":20,"column":65},"end":{"line":67,"column":1}},"loc":{"start":{"line":20,"column":65},"end":{"line":67,"column":1}},"line":20},"1":{"name":"signOut","decl":{"start":{"line":51,"column":18},"end":{"line":53,"column":3}},"loc":{"start":{"line":51,"column":18},"end":{"line":53,"column":3}},"line":51}},"f":{"0":4,"1":0}}
,"C:\\Git\\derby-stat-tracker\\src\\hooks\\useAuth.ts": {"path":"C:\\Git\\derby-stat-tracker\\src\\hooks\\useAuth.ts","all":true,"statementMap":{"0":{"start":{"line":1,"column":0},"end":{"line":1,"column":43}},"4":{"start":{"line":5,"column":0},"end":{"line":5,"column":30}},"5":{"start":{"line":6,"column":0},"end":{"line":6,"column":53}},"6":{"start":{"line":7,"column":0},"end":{"line":7,"column":62}},"7":{"start":{"line":8,"column":0},"end":{"line":8,"column":46}},"9":{"start":{"line":10,"column":0},"end":{"line":10,"column":19}},"11":{"start":{"line":12,"column":0},"end":{"line":12,"column":45}},"12":{"start":{"line":13,"column":0},"end":{"line":13,"column":23}},"13":{"start":{"line":14,"column":0},"end":{"line":14,"column":12}},"14":{"start":{"line":15,"column":0},"end":{"line":15,"column":5}},"17":{"start":{"line":18,"column":0},"end":{"line":18,"column":64}},"18":{"start":{"line":19,"column":0},"end":{"line":19,"column":25}},"19":{"start":{"line":20,"column":0},"end":{"line":20,"column":36}},"20":{"start":{"line":21,"column":0},"end":{"line":21,"column":23}},"21":{"start":{"line":22,"column":0},"end":{"line":22,"column":6}},"24":{"start":{"line":25,"column":0},"end":{"line":25,"column":11}},"25":{"start":{"line":26,"column":0},"end":{"line":26,"column":29}},"26":{"start":{"line":27,"column":0},"end":{"line":27,"column":62}},"27":{"start":{"line":28,"column":0},"end":{"line":28,"column":25}},"28":{"start":{"line":29,"column":0},"end":{"line":29,"column":36}},"29":{"start":{"line":30,"column":0},"end":{"line":30,"column":23}},"30":{"start":{"line":31,"column":0},"end":{"line":31,"column":6}},"32":{"start":{"line":33,"column":0},"end":{"line":33,"column":43}},"33":{"start":{"line":34,"column":0},"end":{"line":34,"column":8}},"35":{"start":{"line":36,"column":0},"end":{"line":36,"column":31}},"36":{"start":{"line":37,"column":0},"end":{"line":37,"column":19}},"37":{"start":{"line":38,"column":0},"end":{"line":38,"column":35}},"38":{"start":{"line":39,"column":0},"end":{"line":39,"column":5}},"39":{"start":{"line":40,"column":0},"end":{"line":40,"column":3}},"41":{"start":{"line":42,"column":0},"end":{"line":42,"column":10}},"42":{"start":{"line":43,"column":0},"end":{"line":43,"column":9}},"43":{"start":{"line":44,"column":0},"end":{"line":44,"column":12}},"44":{"start":{"line":45,"column":0},"end":{"line":45,"column":12}},"45":{"start":{"line":46,"column":0},"end":{"line":46,"column":12}},"46":{"start":{"line":47,"column":0},"end":{"line":47,"column":3}},"47":{"start":{"line":48,"column":0},"end":{"line":48,"column":1}}},"s":{"0":0,"4":0,"5":0,"6":0,"7":0,"9":0,"11":0,"12":0,"13":0,"14":0,"17":0,"18":0,"19":0,"20":0,"21":0,"24":0,"25":0,"26":0,"27":0,"28":0,"29":0,"30":0,"32":0,"33":0,"35":0,"36":0,"37":0,"38":0,"39":0,"41":0,"42":0,"43":0,"44":0,"45":0,"46":0,"47":0},"branchMap":{"0":{"type":"branch","line":1,"loc":{"start":{"line":1,"column":0},"end":{"line":48,"column":-123}},"locations":[{"start":{"line":1,"column":0},"end":{"line":48,"column":-123}}]}},"b":{"0":[0]},"fnMap":{"0":{"name":"(empty-report)","decl":{"start":{"line":1,"column":0},"end":{"line":48,"column":-123}},"loc":{"start":{"line":1,"column":0},"end":{"line":48,"column":-123}},"line":1}},"f":{"0":0}}
,"C:\\Git\\derby-stat-tracker\\src\\lib\\supabase.ts": {"path":"C:\\Git\\derby-stat-tracker\\src\\lib\\supabase.ts","all":true,"statementMap":{"0":{"start":{"line":1,"column":0},"end":{"line":1,"column":52}},"2":{"start":{"line":3,"column":0},"end":{"line":3,"column":53}},"3":{"start":{"line":4,"column":0},"end":{"line":4,"column":62}},"6":{"start":{"line":7,"column":0},"end":{"line":7,"column":70}},"8":{"start":{"line":9,"column":0},"end":{"line":9,"column":28}},"9":{"start":{"line":10,"column":0},"end":{"line":10,"column":81}},"10":{"start":{"line":11,"column":0},"end":{"line":11,"column":46}},"11":{"start":{"line":12,"column":0},"end":{"line":12,"column":54}},"12":{"start":{"line":13,"column":0},"end":{"line":13,"column":4}},"13":{"start":{"line":14,"column":0},"end":{"line":14,"column":1}},"16":{"start":{"line":17,"column":0},"end":{"line":17,"column":45}},"17":{"start":{"line":18,"column":0},"end":{"line":18,"column":46}},"18":{"start":{"line":19,"column":0},"end":{"line":19,"column":8}},"21":{"start":{"line":22,"column":0},"end":{"line":22,"column":35}},"22":{"start":{"line":23,"column":0},"end":{"line":23,"column":18}},"23":{"start":{"line":24,"column":0},"end":{"line":24,"column":91}},"24":{"start":{"line":25,"column":0},"end":{"line":25,"column":3}},"25":{"start":{"line":26,"column":0},"end":{"line":26,"column":17}},"26":{"start":{"line":27,"column":0},"end":{"line":27,"column":1}}},"s":{"0":0,"2":0,"3":0,"6":0,"8":0,"9":0,"10":0,"11":0,"12":0,"13":0,"16":0,"17":0,"18":0,"21":0,"22":0,"23":0,"24":0,"25":0,"26":0},"branchMap":{"0":{"type":"branch","line":1,"loc":{"start":{"line":1,"column":2087},"end":{"line":84,"column":1}},"locations":[{"start":{"line":1,"column":2087},"end":{"line":84,"column":1}}]}},"b":{"0":[0]},"fnMap":{"0":{"name":"(empty-report)","decl":{"start":{"line":1,"column":2087},"end":{"line":84,"column":1}},"loc":{"start":{"line":1,"column":2087},"end":{"line":84,"column":1}},"line":1}},"f":{"0":0}}
,"C:\\Git\\derby-stat-tracker\\src\\utils\\emojis.ts": {"path":"C:\\Git\\derby-stat-tracker\\src\\utils\\emojis.ts","all":false,"statementMap":{"8":{"start":{"line":9,"column":0},"end":{"line":9,"column":23}},"10":{"start":{"line":11,"column":0},"end":{"line":11,"column":15}},"11":{"start":{"line":12,"column":0},"end":{"line":12,"column":20}},"12":{"start":{"line":13,"column":0},"end":{"line":13,"column":25}},"13":{"start":{"line":14,"column":0},"end":{"line":14,"column":15}},"14":{"start":{"line":15,"column":0},"end":{"line":15,"column":17}},"15":{"start":{"line":16,"column":0},"end":{"line":16,"column":19}},"16":{"start":{"line":17,"column":0},"end":{"line":17,"column":4}},"19":{"start":{"line":20,"column":0},"end":{"line":20,"column":10}},"20":{"start":{"line":21,"column":0},"end":{"line":21,"column":43}},"21":{"start":{"line":22,"column":0},"end":{"line":22,"column":55}},"22":{"start":{"line":23,"column":0},"end":{"line":23,"column":49}},"23":{"start":{"line":24,"column":0},"end":{"line":24,"column":53}},"24":{"start":{"line":25,"column":0},"end":{"line":25,"column":49}},"25":{"start":{"line":26,"column":0},"end":{"line":26,"column":4}},"28":{"start":{"line":29,"column":0},"end":{"line":29,"column":13}},"29":{"start":{"line":30,"column":0},"end":{"line":30,"column":74}},"30":{"start":{"line":31,"column":0},"end":{"line":31,"column":48}},"31":{"start":{"line":32,"column":0},"end":{"line":32,"column":55}},"32":{"start":{"line":33,"column":0},"end":{"line":33,"column":4}},"35":{"start":{"line":36,"column":0},"end":{"line":36,"column":9}},"36":{"start":{"line":37,"column":0},"end":{"line":37,"column":49}},"37":{"start":{"line":38,"column":0},"end":{"line":38,"column":41}},"38":{"start":{"line":39,"column":0},"end":{"line":39,"column":46}},"39":{"start":{"line":40,"column":0},"end":{"line":40,"column":38}},"40":{"start":{"line":41,"column":0},"end":{"line":41,"column":4}},"43":{"start":{"line":44,"column":0},"end":{"line":44,"column":7}},"44":{"start":{"line":45,"column":0},"end":{"line":45,"column":52}},"45":{"start":{"line":46,"column":0},"end":{"line":46,"column":56}},"46":{"start":{"line":47,"column":0},"end":{"line":47,"column":52}},"47":{"start":{"line":48,"column":0},"end":{"line":48,"column":52}},"48":{"start":{"line":49,"column":0},"end":{"line":49,"column":4}},"51":{"start":{"line":52,"column":0},"end":{"line":52,"column":10}},"52":{"start":{"line":53,"column":0},"end":{"line":53,"column":52}},"53":{"start":{"line":54,"column":0},"end":{"line":54,"column":37}},"54":{"start":{"line":55,"column":0},"end":{"line":55,"column":3}},"55":{"start":{"line":56,"column":0},"end":{"line":56,"column":10}},"69":{"start":{"line":70,"column":0},"end":{"line":70,"column":72}},"70":{"start":{"line":71,"column":0},"end":{"line":71,"column":31}},"71":{"start":{"line":72,"column":0},"end":{"line":72,"column":1}},"76":{"start":{"line":77,"column":0},"end":{"line":77,"column":62}},"77":{"start":{"line":78,"column":0},"end":{"line":78,"column":26}},"78":{"start":{"line":79,"column":0},"end":{"line":79,"column":1}},"83":{"start":{"line":84,"column":0},"end":{"line":84,"column":68}},"84":{"start":{"line":85,"column":0},"end":{"line":85,"column":29}},"85":{"start":{"line":86,"column":0},"end":{"line":86,"column":1}},"90":{"start":{"line":91,"column":0},"end":{"line":91,"column":60}},"91":{"start":{"line":92,"column":0},"end":{"line":92,"column":25}},"92":{"start":{"line":93,"column":0},"end":{"line":93,"column":1}},"97":{"start":{"line":98,"column":0},"end":{"line":98,"column":56}},"98":{"start":{"line":99,"column":0},"end":{"line":99,"column":23}},"99":{"start":{"line":100,"column":0},"end":{"line":100,"column":1}},"104":{"start":{"line":105,"column":0},"end":{"line":105,"column":62}},"105":{"start":{"line":106,"column":0},"end":{"line":106,"column":26}},"106":{"start":{"line":107,"column":0},"end":{"line":107,"column":1}},"111":{"start":{"line":112,"column":0},"end":{"line":112,"column":21}}},"s":{"8":1,"10":1,"11":1,"12":1,"13":1,"14":1,"15":1,"16":1,"19":1,"20":1,"21":1,"22":1,"23":1,"24":1,"25":1,"28":1,"29":1,"30":1,"31":1,"32":1,"35":1,"36":1,"37":1,"38":1,"39":1,"40":1,"43":1,"44":1,"45":1,"46":1,"47":1,"48":1,"51":1,"52":1,"53":1,"54":1,"55":1,"69":1,"70":55,"71":55,"76":1,"77":20,"78":20,"83":1,"84":12,"85":12,"90":1,"91":119,"92":119,"97":1,"98":4,"99":4,"104":1,"105":2,"106":2,"111":1},"branchMap":{"0":{"type":"branch","line":70,"loc":{"start":{"line":70,"column":34},"end":{"line":72,"column":1}},"locations":[{"start":{"line":70,"column":34},"end":{"line":72,"column":1}}]},"1":{"type":"branch","line":77,"loc":{"start":{"line":77,"column":29},"end":{"line":79,"column":1}},"locations":[{"start":{"line":77,"column":29},"end":{"line":79,"column":1}}]},"2":{"type":"branch","line":84,"loc":{"start":{"line":84,"column":32},"end":{"line":86,"column":1}},"locations":[{"start":{"line":84,"column":32},"end":{"line":86,"column":1}}]},"3":{"type":"branch","line":91,"loc":{"start":{"line":91,"column":28},"end":{"line":93,"column":1}},"locations":[{"start":{"line":91,"column":28},"end":{"line":93,"column":1}}]},"4":{"type":"branch","line":98,"loc":{"start":{"line":98,"column":26},"end":{"line":100,"column":1}},"locations":[{"start":{"line":98,"column":26},"end":{"line":100,"column":1}}]},"5":{"type":"branch","line":105,"loc":{"start":{"line":105,"column":29},"end":{"line":107,"column":1}},"locations":[{"start":{"line":105,"column":29},"end":{"line":107,"column":1}}]}},"b":{"0":[55],"1":[20],"2":[12],"3":[119],"4":[4],"5":[2]},"fnMap":{"0":{"name":"getNavigationEmoji","decl":{"start":{"line":70,"column":34},"end":{"line":72,"column":1}},"loc":{"start":{"line":70,"column":34},"end":{"line":72,"column":1}},"line":70},"1":{"name":"getStatsEmoji","decl":{"start":{"line":77,"column":29},"end":{"line":79,"column":1}},"loc":{"start":{"line":77,"column":29},"end":{"line":79,"column":1}},"line":77},"2":{"name":"getActivityEmoji","decl":{"start":{"line":84,"column":32},"end":{"line":86,"column":1}},"loc":{"start":{"line":84,"column":32},"end":{"line":86,"column":1}},"line":84},"3":{"name":"getBoutEmoji","decl":{"start":{"line":91,"column":28},"end":{"line":93,"column":1}},"loc":{"start":{"line":91,"column":28},"end":{"line":93,"column":1}},"line":91},"4":{"name":"getUIEmoji","decl":{"start":{"line":98,"column":26},"end":{"line":100,"column":1}},"loc":{"start":{"line":98,"column":26},"end":{"line":100,"column":1}},"line":98},"5":{"name":"getBrandEmoji","decl":{"start":{"line":105,"column":29},"end":{"line":107,"column":1}},"loc":{"start":{"line":105,"column":29},"end":{"line":107,"column":1}},"line":105}},"f":{"0":55,"1":20,"2":12,"3":119,"4":4,"5":2}}
}
