TN:
SF:eslint.config.js
FN:1,(empty-report)
FNF:1
FNH:0
FNDA:0,(empty-report)
DA:1,0
DA:2,0
DA:3,0
DA:4,0
DA:5,0
DA:6,0
DA:7,0
DA:8,0
DA:9,0
DA:10,0
DA:11,0
DA:12,0
DA:13,0
DA:14,0
DA:15,0
DA:16,0
DA:17,0
DA:18,0
DA:19,0
DA:20,0
DA:21,0
DA:22,0
DA:23,0
DA:24,0
DA:25,0
DA:26,0
DA:27,0
DA:28,0
LF:28
LH:0
BRDA:1,0,0,0
BRF:1
BRH:0
end_of_record
TN:
SF:test-supabase.js
FN:1,(empty-report)
FNF:1
FNH:0
FNDA:0,(empty-report)
DA:1,0
DA:2,0
DA:6,0
DA:7,0
DA:8,0
DA:9,0
DA:10,0
DA:11,0
DA:12,0
DA:13,0
DA:14,0
DA:15,0
DA:16,0
DA:17,0
DA:18,0
DA:19,0
DA:20,0
DA:21,0
DA:22,0
DA:23,0
DA:24,0
DA:25,0
DA:27,0
DA:28,0
DA:29,0
DA:30,0
DA:31,0
DA:32,0
DA:33,0
DA:34,0
DA:35,0
DA:36,0
DA:37,0
DA:38,0
DA:39,0
DA:41,0
DA:42,0
DA:43,0
DA:44,0
DA:45,0
DA:46,0
LF:41
LH:0
BRDA:1,0,0,0
BRF:1
BRH:0
end_of_record
TN:
SF:vite.config.ts
FN:1,(empty-report)
FNF:1
FNH:0
FNDA:0,(empty-report)
DA:1,0
DA:2,0
DA:5,0
DA:6,0
DA:7,0
LF:5
LH:0
BRDA:1,0,0,0
BRF:1
BRH:0
end_of_record
TN:
SF:vitest.config.ts
FN:1,(empty-report)
FNF:1
FNH:0
FNDA:0,(empty-report)
DA:1,0
DA:2,0
DA:3,0
DA:4,0
DA:5,0
DA:7,0
DA:10,0
DA:11,0
DA:12,0
DA:13,0
DA:15,0
DA:16,0
DA:17,0
DA:19,0
DA:21,0
DA:23,0
DA:24,0
DA:25,0
DA:26,0
DA:27,0
DA:28,0
DA:29,0
DA:30,0
DA:31,0
DA:32,0
DA:33,0
DA:34,0
DA:35,0
DA:36,0
DA:37,0
DA:38,0
DA:39,0
LF:32
LH:0
BRDA:1,0,0,0
BRF:1
BRH:0
end_of_record
TN:
SF:src\App.tsx
FN:19,App
FN:41,onAuthSuccess
FNF:2
FNH:1
FNDA:9,App
FNDA:0,onAuthSuccess
DA:1,1
DA:2,1
DA:3,1
DA:4,1
DA:5,1
DA:6,1
DA:7,1
DA:8,1
DA:9,1
DA:10,1
DA:11,1
DA:12,1
DA:13,1
DA:14,1
DA:19,9
DA:20,9
DA:23,9
DA:26,9
DA:27,0
DA:28,0
DA:30,9
DA:31,1
DA:32,1
DA:33,1
DA:34,1
DA:35,1
DA:36,1
DA:38,1
DA:40,9
DA:41,2
DA:42,2
DA:44,5
DA:45,5
DA:46,5
DA:47,5
DA:48,5
DA:49,5
DA:50,9
DA:51,9
DA:52,9
DA:53,9
DA:54,9
DA:55,9
DA:56,9
DA:57,9
DA:58,9
DA:59,9
DA:61,9
DA:63,1
LF:49
LH:47
BRDA:19,0,0,9
BRDA:26,1,0,0
BRDA:28,2,0,8
BRDA:30,3,0,1
BRDA:38,4,0,7
BRDA:40,5,0,2
BRDA:42,6,0,5
BRDA:50,7,0,2
BRDA:51,8,0,1
BRDA:52,9,0,1
BRDA:53,10,0,1
BRDA:54,11,0,0
BRF:12
BRH:10
end_of_record
TN:
SF:src\main.tsx
FNF:0
FNH:0
DA:1,1
DA:2,1
DA:3,1
DA:4,1
DA:5,1
DA:7,1
DA:8,1
DA:9,1
DA:10,1
DA:11,1
DA:12,1
DA:13,1
LF:12
LH:12
BRF:0
BRH:0
end_of_record
TN:
SF:src\components\Auth.tsx
FN:9,Auth
FN:16,handleAuth
FN:58,onChange
FN:70,onChange
FN:86,onClick
FNF:5
FNH:5
FNDA:134,Auth
FNDA:4,handleAuth
FNDA:67,onChange
FNDA:49,onChange
FNDA:2,onClick
DA:1,1
DA:9,1
DA:10,134
DA:11,134
DA:12,134
DA:13,134
DA:14,134
DA:16,134
DA:17,4
DA:18,4
DA:19,4
DA:21,4
DA:22,4
DA:23,4
DA:24,1
DA:25,1
DA:26,1
DA:27,1
DA:28,1
DA:29,1
DA:30,4
DA:31,3
DA:32,3
DA:33,3
DA:34,3
DA:35,3
DA:36,2
DA:37,2
DA:38,4
DA:39,1
DA:40,4
DA:41,4
DA:42,4
DA:43,4
DA:45,134
DA:46,134
DA:47,134
DA:48,134
DA:50,134
DA:51,134
DA:52,134
DA:53,134
DA:54,134
DA:55,134
DA:56,134
DA:57,134
DA:58,134
DA:59,134
DA:60,134
DA:61,134
DA:63,134
DA:64,134
DA:65,134
DA:66,134
DA:67,134
DA:68,134
DA:69,134
DA:70,134
DA:71,134
DA:72,134
DA:73,134
DA:75,134
DA:76,134
DA:77,134
DA:78,134
DA:80,134
DA:82,134
DA:83,134
DA:84,134
DA:85,134
DA:86,134
DA:87,134
DA:89,134
DA:90,134
DA:91,134
DA:92,134
DA:93,134
DA:95,134
LF:78
LH:78
BRDA:9,0,0,134
BRDA:48,1,0,37
BRDA:48,2,0,97
BRDA:76,3,0,4
BRDA:76,4,0,130
BRDA:76,5,0,36
BRDA:76,6,0,94
BRDA:80,7,0,2
BRDA:83,8,0,37
BRDA:83,9,0,97
BRDA:89,10,0,37
BRDA:89,11,0,97
BRDA:16,12,0,4
BRDA:23,13,0,1
BRDA:28,14,0,0
BRDA:30,15,0,3
BRDA:35,16,0,1
BRDA:35,17,0,2
BRDA:38,18,0,1
BRDA:39,19,0,0
BRDA:58,20,0,67
BRDA:70,21,0,49
BRDA:86,22,0,2
BRF:23
BRH:21
end_of_record
TN:
SF:src\components\Bouts.tsx
FN:37,Bouts
FN:55,fetchBouts
FN:73,fetchTeams
FN:88,fetchData
FN:96,resetForm
FN:111,handleSubmit
FN:159,handleEdit
FN:174,handleDelete
FN:190,getStatusColor
FN:200,formatDate
FN:228,onClick
FN:239,onClick
FN:256,onChange
FN:273,onChange
FN:293,onChange
FN:304,onChange
FN:318,onChange
FN:330,onChange
FN:341,onChange
FN:356,onChange
FN:381,onClick
FN:396,onClick
FN:402,onClick
FN:417,onError
FN:446,onError
FNF:25
FNH:15
FNDA:60,Bouts
FNDA:19,fetchBouts
FNDA:18,fetchTeams
FNDA:18,fetchData
FNDA:1,resetForm
FNDA:1,handleSubmit
FNDA:0,handleEdit
FNDA:1,handleDelete
FNDA:40,getStatusColor
FNDA:40,formatDate
FNDA:5,onClick
FNDA:0,onClick
FNDA:2,onChange
FNDA:2,onChange
FNDA:2,onChange
FNDA:10,onChange
FNDA:0,onChange
FNDA:0,onChange
FNDA:0,onChange
FNDA:0,onChange
FNDA:0,onClick
FNDA:0,onClick
FNDA:1,onClick
FNDA:0,onError
FNDA:0,onError
DA:1,1
DA:2,1
DA:4,1
DA:5,1
DA:37,1
DA:38,60
DA:39,60
DA:40,60
DA:41,60
DA:42,60
DA:43,60
DA:44,60
DA:45,60
DA:46,60
DA:47,60
DA:48,60
DA:49,60
DA:50,60
DA:51,60
DA:52,60
DA:53,60
DA:55,60
DA:56,19
DA:57,19
DA:58,19
DA:59,19
DA:63,19
DA:64,19
DA:66,19
DA:67,19
DA:68,19
DA:69,0
DA:70,0
DA:71,19
DA:73,60
DA:74,18
DA:75,18
DA:76,18
DA:77,18
DA:78,18
DA:80,18
DA:81,18
DA:82,18
DA:83,0
DA:84,0
DA:85,18
DA:87,60
DA:88,18
DA:89,18
DA:90,18
DA:91,18
DA:92,18
DA:93,18
DA:94,60
DA:96,60
DA:97,1
DA:98,1
DA:99,1
DA:100,1
DA:101,1
DA:102,1
DA:103,1
DA:104,1
DA:105,1
DA:106,1
DA:107,1
DA:108,1
DA:109,1
DA:111,60
DA:112,1
DA:114,1
DA:115,0
DA:116,0
DA:117,0
DA:119,1
DA:120,1
DA:121,1
DA:122,1
DA:124,0
DA:125,0
DA:126,0
DA:127,0
DA:128,0
DA:129,0
DA:130,1
DA:131,1
DA:132,1
DA:133,1
DA:134,1
DA:136,1
DA:137,0
DA:138,0
DA:139,0
DA:140,0
DA:142,0
DA:143,0
DA:144,0
DA:145,0
DA:146,0
DA:148,0
DA:149,0
DA:151,0
DA:152,0
DA:153,0
DA:154,0
DA:155,0
DA:156,0
DA:157,1
DA:159,60
DA:160,0
DA:161,0
DA:162,0
DA:163,0
DA:164,0
DA:165,0
DA:166,0
DA:167,0
DA:168,0
DA:169,0
DA:170,0
DA:171,0
DA:172,0
DA:174,60
DA:175,1
DA:177,1
DA:178,1
DA:179,1
DA:180,1
DA:181,1
DA:183,1
DA:184,1
DA:185,1
DA:186,0
DA:187,0
DA:188,1
DA:190,60
DA:191,40
DA:192,40
DA:193,40
DA:194,40
DA:195,40
DA:196,40
DA:197,40
DA:198,40
DA:200,60
DA:201,40
DA:202,40
DA:203,40
DA:204,40
DA:205,40
DA:206,40
DA:207,40
DA:208,40
DA:209,40
DA:211,60
DA:212,18
DA:213,18
DA:214,18
DA:215,18
DA:217,18
DA:219,41
DA:220,41
DA:221,41
DA:222,41
DA:223,41
DA:224,41
DA:225,41
DA:226,41
DA:227,41
DA:228,41
DA:230,60
DA:231,60
DA:232,60
DA:234,60
DA:235,1
DA:236,1
DA:237,1
DA:238,1
DA:239,1
DA:240,1
DA:242,1
DA:243,1
DA:246,60
DA:247,22
DA:248,22
DA:249,22
DA:250,22
DA:251,22
DA:252,22
DA:253,22
DA:254,22
DA:255,22
DA:256,22
DA:257,22
DA:259,22
DA:260,22
DA:261,44
DA:262,44
DA:263,44
DA:264,22
DA:265,22
DA:266,22
DA:268,22
DA:269,22
DA:270,22
DA:271,22
DA:272,22
DA:273,22
DA:274,22
DA:276,22
DA:277,22
DA:278,44
DA:279,44
DA:280,44
DA:281,22
DA:282,22
DA:283,22
DA:284,22
DA:286,22
DA:287,22
DA:288,22
DA:289,22
DA:290,22
DA:291,22
DA:292,22
DA:293,22
DA:294,22
DA:295,22
DA:296,22
DA:298,22
DA:299,22
DA:300,22
DA:301,22
DA:302,22
DA:303,22
DA:304,22
DA:305,22
DA:306,22
DA:307,22
DA:308,22
DA:309,22
DA:311,22
DA:312,22
DA:313,22
DA:314,22
DA:315,22
DA:316,22
DA:317,22
DA:318,22
DA:319,22
DA:320,22
DA:321,22
DA:322,22
DA:324,22
DA:325,22
DA:326,22
DA:327,22
DA:328,22
DA:329,22
DA:330,22
DA:331,22
DA:332,22
DA:333,22
DA:334,22
DA:336,22
DA:337,22
DA:338,22
DA:339,22
DA:340,22
DA:341,22
DA:343,22
DA:344,22
DA:345,22
DA:346,22
DA:347,22
DA:348,22
DA:349,22
DA:351,22
DA:352,22
DA:353,22
DA:354,22
DA:355,22
DA:356,22
DA:357,22
DA:358,22
DA:359,22
DA:360,22
DA:362,22
DA:363,22
DA:365,22
DA:366,22
DA:367,22
DA:368,22
DA:369,22
DA:370,22
DA:371,22
DA:374,60
DA:375,1
DA:376,1
DA:377,1
DA:378,1
DA:379,1
DA:380,1
DA:381,1
DA:382,1
DA:384,1
DA:385,1
DA:387,40
DA:388,40
DA:389,40
DA:390,40
DA:391,40
DA:392,40
DA:393,40
DA:394,40
DA:395,40
DA:396,40
DA:397,40
DA:398,40
DA:400,40
DA:401,40
DA:402,40
DA:403,40
DA:404,40
DA:406,40
DA:407,40
DA:408,40
DA:410,40
DA:411,40
DA:412,40
DA:413,0
DA:414,0
DA:415,0
DA:416,0
DA:417,0
DA:418,0
DA:419,0
DA:420,0
DA:422,40
DA:423,40
DA:424,40
DA:425,40
DA:426,40
DA:427,40
DA:429,40
DA:431,40
DA:433,40
DA:434,40
DA:435,40
DA:437,40
DA:438,40
DA:439,40
DA:440,40
DA:441,40
DA:442,0
DA:443,0
DA:444,0
DA:445,0
DA:446,0
DA:447,0
DA:448,0
DA:449,0
DA:451,40
DA:452,40
DA:454,40
DA:455,40
DA:456,40
DA:457,40
DA:458,40
DA:459,40
DA:460,40
DA:461,40
DA:462,0
DA:463,0
DA:464,0
DA:466,40
DA:467,40
DA:468,40
DA:469,40
DA:471,60
DA:473,60
DA:475,1
LF:382
LH:318
BRDA:37,0,0,60
BRDA:211,1,0,59
BRDA:211,2,0,18
BRDA:217,3,0,41
BRDA:230,4,0,22
BRDA:230,5,0,19
BRDA:234,6,0,1
BRDA:246,7,0,22
BRDA:248,8,0,0
BRDA:367,9,0,0
BRDA:374,10,0,1
BRDA:385,11,0,40
BRDA:55,12,0,19
BRDA:66,13,0,0
BRDA:67,14,0,0
BRDA:68,15,0,0
BRDA:73,16,0,18
BRDA:80,17,0,0
BRDA:81,18,0,0
BRDA:82,19,0,0
BRDA:87,20,0,18
BRDA:88,21,0,18
BRDA:96,22,0,1
BRDA:111,23,0,1
BRDA:114,24,0,0
BRDA:122,25,0,0
BRDA:130,26,0,0
BRDA:131,27,0,0
BRDA:131,28,0,0
BRDA:133,29,0,0
BRDA:136,30,0,0
BRDA:174,31,0,1
BRDA:175,32,0,0
BRDA:183,33,0,0
BRDA:185,34,0,0
BRDA:190,35,0,40
BRDA:192,36,0,0
BRDA:193,37,0,0
BRDA:195,38,0,0
BRDA:196,39,0,0
BRDA:200,40,0,40
BRDA:228,41,0,5
BRDA:256,42,0,2
BRDA:260,43,0,44
BRDA:273,44,0,2
BRDA:277,45,0,44
BRDA:293,46,0,2
BRDA:304,47,0,10
BRDA:388,48,0,40
BRDA:412,49,0,0
BRDA:441,50,0,0
BRDA:461,51,0,0
BRDA:402,52,0,1
BRF:53
BRH:28
end_of_record
TN:
SF:src\components\ConfigurationError.tsx
FN:7,ConfigurationError
FN:35,onClick
FNF:2
FNH:2
FNDA:4,ConfigurationError
FNDA:1,onClick
DA:1,1
DA:7,1
DA:8,4
DA:9,4
DA:10,4
DA:11,4
DA:12,4
DA:14,4
DA:15,4
DA:16,4
DA:17,4
DA:18,4
DA:19,4
DA:20,4
DA:21,4
DA:22,4
DA:23,4
DA:24,4
DA:25,4
DA:27,4
DA:28,4
DA:29,4
DA:30,4
DA:32,4
DA:33,4
DA:34,4
DA:35,4
DA:36,4
DA:37,4
DA:38,4
DA:40,4
DA:41,4
DA:42,4
DA:44,4
LF:34
LH:34
BRDA:7,0,0,4
BRDA:35,1,0,1
BRF:2
BRH:2
end_of_record
TN:
SF:src\components\Dashboard.tsx
FN:39,Dashboard
FN:51,fetchDashboardData
FN:260,onError
FNF:3
FNH:2
FNDA:14,Dashboard
FNDA:9,fetchDashboardData
FNDA:0,onError
DA:1,1
DA:2,1
DA:4,1
DA:5,1
DA:39,1
DA:40,14
DA:41,14
DA:42,14
DA:43,14
DA:44,14
DA:45,14
DA:46,14
DA:47,14
DA:48,14
DA:49,14
DA:51,14
DA:52,9
DA:53,9
DA:56,9
DA:57,9
DA:58,9
DA:69,9
DA:70,9
DA:72,9
DA:75,9
DA:76,14
DA:77,14
DA:79,14
DA:80,14
DA:81,14
DA:82,14
DA:83,14
DA:84,0
DA:85,0
DA:86,0
DA:87,14
DA:88,14
DA:89,9
DA:91,9
DA:94,9
DA:95,9
DA:96,9
DA:97,9
DA:100,9
DA:101,9
DA:102,14
DA:103,14
DA:104,0
DA:105,0
DA:106,0
DA:107,14
DA:108,9
DA:111,9
DA:112,9
DA:113,9
DA:114,9
DA:115,9
DA:117,7
DA:118,7
DA:119,7
DA:120,7
DA:121,7
DA:124,7
DA:125,9
DA:126,21
DA:127,21
DA:128,21
DA:129,9
DA:130,9
DA:131,14
DA:132,14
DA:133,14
DA:134,9
DA:135,9
DA:137,9
DA:138,9
DA:139,9
DA:140,9
DA:141,9
DA:142,9
DA:143,9
DA:145,9
DA:146,2
DA:147,9
DA:148,9
DA:149,9
DA:150,9
DA:152,14
DA:153,9
DA:154,14
DA:156,14
DA:157,9
DA:158,9
DA:159,9
DA:160,9
DA:162,9
DA:164,11
DA:165,1
DA:166,1
DA:167,1
DA:168,1
DA:170,1
DA:172,2
DA:173,2
DA:174,2
DA:175,2
DA:176,2
DA:177,2
DA:180,2
DA:181,2
DA:182,2
DA:183,2
DA:184,2
DA:185,2
DA:186,2
DA:187,2
DA:189,2
DA:190,2
DA:191,2
DA:192,2
DA:193,2
DA:194,2
DA:195,2
DA:197,2
DA:198,2
DA:199,2
DA:200,2
DA:201,2
DA:202,2
DA:203,2
DA:205,2
DA:206,2
DA:207,2
DA:208,2
DA:209,2
DA:210,2
DA:211,2
DA:212,2
DA:213,2
DA:214,2
DA:217,2
DA:218,2
DA:219,2
DA:220,2
DA:221,2
DA:222,2
DA:223,2
DA:225,2
DA:226,2
DA:227,2
DA:228,2
DA:230,2
DA:231,2
DA:232,2
DA:233,2
DA:235,2
DA:236,2
DA:237,2
DA:238,2
DA:239,2
DA:240,2
DA:242,2
DA:244,2
DA:245,2
DA:246,2
DA:247,0
DA:248,0
DA:249,0
DA:251,2
DA:252,2
DA:253,4
DA:254,4
DA:255,4
DA:256,0
DA:257,0
DA:258,0
DA:259,0
DA:260,0
DA:261,0
DA:262,0
DA:263,0
DA:265,4
DA:266,4
DA:267,4
DA:268,4
DA:269,4
DA:270,4
DA:271,4
DA:272,4
DA:273,4
DA:274,4
DA:275,4
DA:276,4
DA:278,4
DA:279,0
DA:280,0
DA:281,0
DA:282,0
DA:283,0
DA:284,0
DA:285,0
DA:286,0
DA:287,0
DA:288,0
DA:289,0
DA:290,0
DA:291,0
DA:294,4
DA:295,4
DA:296,4
DA:297,4
DA:299,4
DA:300,2
DA:301,2
DA:303,14
DA:306,14
DA:307,14
DA:308,14
DA:309,0
DA:310,0
DA:311,0
DA:313,2
DA:314,2
DA:315,10
DA:316,10
DA:317,10
DA:318,10
DA:319,10
DA:320,10
DA:321,10
DA:322,10
DA:323,10
DA:324,10
DA:325,10
DA:326,10
DA:327,10
DA:328,10
DA:329,10
DA:330,10
DA:331,10
DA:332,2
DA:333,2
DA:335,14
DA:336,14
DA:337,14
DA:339,14
DA:341,1
LF:247
LH:214
BRDA:39,0,0,14
BRDA:156,1,0,9
BRDA:162,2,0,11
BRDA:162,3,0,3
BRDA:164,4,0,1
BRDA:170,5,0,10
BRDA:170,6,0,2
BRDA:246,7,0,0
BRDA:249,8,0,2
BRDA:308,9,0,0
BRDA:311,10,0,2
BRDA:51,11,0,9
BRDA:72,12,0,0
BRDA:75,13,0,0
BRDA:115,14,0,7
BRDA:125,15,0,0
BRDA:130,16,0,0
BRDA:139,17,0,7
BRDA:140,18,0,7
BRDA:145,19,0,2
BRDA:146,20,0,0
BRDA:75,21,0,14
BRDA:101,22,0,14
BRDA:125,23,0,21
BRDA:130,24,0,14
BRDA:135,25,0,49
BRDA:152,26,0,9
BRDA:252,27,0,4
BRDA:255,28,0,0
BRDA:278,29,0,0
BRDA:314,30,0,10
BRDA:317,31,0,6
BRDA:318,32,0,4
BRDA:319,33,0,0
BRF:34
BRH:24
end_of_record
TN:
SF:src\components\ErrorBoundary.tsx
FN:13,<instance_members_initializer>
FN:18,getDerivedStateFromError
FN:22,componentDidCatch
FN:26,render
FN:41,onClick
FNF:5
FNH:4
FNDA:9,<instance_members_initializer>
FNDA:8,getDerivedStateFromError
FNDA:4,componentDidCatch
FNDA:17,render
FNDA:0,onClick
DA:1,1
DA:2,1
DA:13,1
DA:14,9
DA:15,9
DA:16,9
DA:18,9
DA:19,8
DA:20,8
DA:22,9
DA:23,4
DA:24,4
DA:26,9
DA:27,17
DA:28,8
DA:29,8
DA:30,8
DA:31,8
DA:32,8
DA:34,8
DA:35,8
DA:36,8
DA:37,8
DA:38,8
DA:39,8
DA:40,8
DA:41,8
DA:42,8
DA:43,8
DA:45,8
DA:46,8
DA:47,8
DA:49,8
DA:51,9
DA:52,17
DA:53,9
DA:55,1
LF:37
LH:37
BRDA:13,0,0,9
BRDA:18,1,0,8
BRDA:22,2,0,4
BRDA:26,3,0,17
BRDA:27,4,0,8
BRDA:49,5,0,9
BRF:6
BRH:6
end_of_record
TN:
SF:src\components\Header.tsx
FN:4,Header
FNF:1
FNH:1
FNDA:12,Header
DA:1,1
DA:2,1
DA:4,1
DA:5,12
DA:7,12
DA:8,12
DA:9,12
DA:10,12
DA:11,12
DA:12,12
DA:13,12
DA:14,8
DA:15,8
DA:16,8
DA:18,8
DA:19,8
DA:21,12
DA:22,12
DA:23,12
DA:25,12
DA:27,1
LF:21
LH:21
BRDA:4,0,0,12
BRDA:13,1,0,8
BRF:2
BRH:2
end_of_record
TN:
SF:src\components\Navigation.tsx
FN:11,Navigation
FN:27,onClick
FNF:2
FNH:2
FNDA:9,Navigation
FNDA:4,onClick
DA:1,1
DA:2,1
DA:11,1
DA:12,9
DA:13,9
DA:14,9
DA:15,9
DA:16,9
DA:17,9
DA:18,9
DA:20,9
DA:21,9
DA:22,9
DA:23,9
DA:24,45
DA:25,45
DA:26,45
DA:27,45
DA:29,45
DA:30,45
DA:31,45
DA:32,45
DA:33,9
DA:34,9
DA:36,9
DA:37,9
DA:38,9
DA:39,9
DA:40,9
DA:41,9
DA:42,9
DA:43,9
DA:44,9
DA:45,9
DA:46,9
DA:48,9
DA:50,1
LF:37
LH:37
BRDA:11,0,0,9
BRDA:23,1,0,45
BRDA:26,2,0,9
BRDA:26,3,0,36
BRDA:27,4,0,4
BRF:5
BRH:5
end_of_record
TN:
SF:src\components\Players.tsx
FN:15,Players
FN:34,fetchData
FN:92,handleSubmit
FN:190,handleDelete
FN:209,startEdit
FN:225,addTeamAssignment
FN:241,removeTeamAssignment
FN:249,updateTeamAssignment
FN:256,cancelForm
FN:281,onClick
FN:306,onChange
FN:318,onChange
FN:343,onChange
FN:355,onChange
FN:362,onChange
FN:374,onChange
FN:382,onClick
FN:440,onClick
FN:446,onClick
FNF:19
FNH:14
FNDA:191,Players
FNDA:34,fetchData
FNDA:4,handleSubmit
FNDA:3,handleDelete
FNDA:7,startEdit
FNDA:3,addTeamAssignment
FNDA:1,removeTeamAssignment
FNDA:0,updateTeamAssignment
FNDA:3,cancelForm
FNDA:12,onClick
FNDA:86,onChange
FNDA:10,onChange
FNDA:0,onChange
FNDA:0,onChange
FNDA:0,onChange
FNDA:0,onChange
FNDA:1,onClick
FNDA:7,onClick
FNDA:3,onClick
DA:1,1
DA:2,1
DA:4,1
DA:15,1
DA:16,191
DA:17,191
DA:18,191
DA:19,191
DA:20,191
DA:21,191
DA:22,191
DA:23,191
DA:24,191
DA:30,191
DA:31,191
DA:34,191
DA:35,34
DA:36,34
DA:39,34
DA:40,34
DA:41,34
DA:42,34
DA:44,34
DA:45,34
DA:48,34
DA:49,34
DA:50,34
DA:63,34
DA:64,34
DA:66,34
DA:69,34
DA:70,96
DA:71,96
DA:72,96
DA:73,96
DA:74,96
DA:75,96
DA:76,96
DA:77,34
DA:79,34
DA:80,34
DA:81,1
DA:82,34
DA:83,34
DA:84,34
DA:85,34
DA:87,191
DA:88,31
DA:89,191
DA:92,191
DA:93,4
DA:94,4
DA:96,4
DA:97,0
DA:98,0
DA:99,0
DA:101,4
DA:102,0
DA:103,0
DA:104,0
DA:106,4
DA:107,3
DA:108,3
DA:109,3
DA:111,1
DA:112,1
DA:114,1
DA:115,1
DA:116,1
DA:117,1
DA:118,1
DA:119,1
DA:120,1
DA:122,1
DA:125,1
DA:126,1
DA:127,1
DA:128,1
DA:130,1
DA:133,1
DA:134,1
DA:135,1
DA:136,1
DA:137,1
DA:138,1
DA:139,1
DA:140,1
DA:141,1
DA:142,1
DA:143,1
DA:145,1
DA:146,4
DA:148,0
DA:149,0
DA:150,0
DA:151,0
DA:152,0
DA:153,0
DA:154,0
DA:155,0
DA:157,0
DA:160,0
DA:161,0
DA:162,0
DA:163,0
DA:164,0
DA:165,0
DA:166,0
DA:167,0
DA:168,0
DA:169,0
DA:170,0
DA:172,0
DA:173,0
DA:176,1
DA:177,1
DA:178,1
DA:179,1
DA:180,1
DA:181,1
DA:182,1
DA:183,1
DA:184,4
DA:185,0
DA:186,0
DA:187,4
DA:190,191
DA:191,3
DA:192,1
DA:193,1
DA:195,2
DA:196,2
DA:197,2
DA:198,2
DA:199,2
DA:201,3
DA:202,2
DA:203,3
DA:204,0
DA:205,0
DA:206,3
DA:209,191
DA:210,7
DA:211,7
DA:212,7
DA:213,7
DA:214,7
DA:215,7
DA:216,7
DA:217,7
DA:218,7
DA:219,7
DA:220,7
DA:221,7
DA:222,7
DA:225,191
DA:226,3
DA:227,3
DA:228,3
DA:229,3
DA:230,3
DA:231,3
DA:232,3
DA:233,3
DA:234,3
DA:235,3
DA:236,3
DA:237,3
DA:238,3
DA:241,191
DA:242,1
DA:243,1
DA:244,1
DA:245,1
DA:246,1
DA:249,191
DA:250,0
DA:251,0
DA:252,0
DA:253,0
DA:256,191
DA:257,3
DA:258,3
DA:259,3
DA:260,3
DA:261,3
DA:262,3
DA:263,3
DA:264,3
DA:265,3
DA:267,191
DA:268,31
DA:269,31
DA:270,31
DA:271,31
DA:273,31
DA:275,159
DA:276,159
DA:277,159
DA:278,159
DA:279,159
DA:280,159
DA:281,159
DA:282,159
DA:283,159
DA:285,159
DA:286,159
DA:288,159
DA:289,4
DA:290,4
DA:291,4
DA:294,191
DA:295,123
DA:296,123
DA:297,123
DA:299,123
DA:300,123
DA:301,123
DA:302,123
DA:303,123
DA:304,123
DA:305,123
DA:306,123
DA:307,123
DA:308,123
DA:309,123
DA:310,123
DA:312,123
DA:313,123
DA:314,123
DA:315,123
DA:316,123
DA:317,123
DA:318,123
DA:319,123
DA:320,123
DA:321,123
DA:322,123
DA:323,123
DA:325,123
DA:326,123
DA:327,123
DA:328,123
DA:329,123
DA:330,123
DA:331,123
DA:332,123
DA:333,123
DA:335,123
DA:336,123
DA:338,123
DA:339,33
DA:340,33
DA:341,33
DA:342,33
DA:343,33
DA:344,33
DA:346,33
DA:347,33
DA:348,66
DA:349,33
DA:350,33
DA:352,33
DA:353,33
DA:354,33
DA:355,33
DA:356,33
DA:357,33
DA:358,33
DA:360,33
DA:361,33
DA:362,33
DA:363,33
DA:365,33
DA:366,33
DA:367,33
DA:368,33
DA:370,33
DA:371,33
DA:372,33
DA:373,33
DA:374,33
DA:375,33
DA:377,33
DA:379,33
DA:380,33
DA:381,33
DA:382,33
DA:383,33
DA:385,33
DA:386,33
DA:387,33
DA:388,123
DA:390,123
DA:391,90
DA:393,123
DA:395,123
DA:396,123
DA:397,123
DA:398,123
DA:399,123
DA:401,123
DA:402,123
DA:403,123
DA:404,123
DA:407,191
DA:408,191
DA:409,2
DA:410,2
DA:411,2
DA:413,157
DA:414,471
DA:415,471
DA:416,471
DA:417,471
DA:418,471
DA:420,471
DA:421,471
DA:422,471
DA:423,471
DA:424,471
DA:425,471
DA:426,471
DA:427,471
DA:428,471
DA:429,471
DA:430,471
DA:431,471
DA:432,471
DA:433,471
DA:434,471
DA:435,471
DA:437,471
DA:438,471
DA:439,471
DA:440,471
DA:441,471
DA:443,471
DA:444,471
DA:445,471
DA:446,471
DA:447,471
DA:449,471
DA:450,471
DA:451,471
DA:452,157
DA:454,191
DA:455,191
DA:457,191
DA:459,1
LF:350
LH:314
BRDA:15,0,0,191
BRDA:267,1,0,190
BRDA:267,2,0,31
BRDA:273,3,0,159
BRDA:288,4,0,4
BRDA:294,5,0,123
BRDA:297,6,0,30
BRDA:297,7,0,93
BRDA:390,8,0,90
BRDA:397,9,0,30
BRDA:397,10,0,93
BRDA:408,11,0,2
BRDA:411,12,0,157
BRDA:34,13,0,34
BRDA:42,14,0,33
BRDA:44,15,0,0
BRDA:44,16,0,33
BRDA:45,17,0,0
BRDA:64,18,0,33
BRDA:66,19,0,0
BRDA:66,20,0,33
BRDA:69,21,0,0
BRDA:80,22,0,1
BRDA:81,23,0,0
BRDA:69,24,0,96
BRDA:71,25,0,96
BRDA:87,26,0,31
BRDA:92,27,0,4
BRDA:96,28,0,0
BRDA:101,29,0,0
BRDA:106,30,0,3
BRDA:109,31,0,1
BRDA:122,32,0,0
BRDA:130,33,0,0
BRDA:145,34,0,0
BRDA:146,35,0,0
BRDA:173,36,0,1
BRDA:184,37,0,0
BRDA:136,38,0,1
BRDA:190,39,0,3
BRDA:191,40,0,1
BRDA:193,41,0,2
BRDA:201,42,0,0
BRDA:201,43,0,2
BRDA:203,44,0,0
BRDA:209,45,0,7
BRDA:214,46,0,7
BRDA:225,47,0,3
BRDA:231,48,0,0
BRDA:241,49,0,1
BRDA:244,50,0,1
BRDA:256,51,0,3
BRDA:281,52,0,12
BRDA:306,53,0,86
BRDA:318,54,0,10
BRDA:338,55,0,33
BRDA:347,56,0,66
BRDA:382,57,0,1
BRDA:413,58,0,471
BRDA:421,59,0,471
BRDA:429,60,0,314
BRDA:429,61,0,157
BRDA:430,62,0,314
BRDA:430,63,0,157
BRDA:440,64,0,7
BRDA:446,65,0,3
BRF:66
BRH:51
end_of_record
TN:
SF:src\components\Teams.tsx
FN:6,Teams
FN:18,fetchTeams
FN:41,handleSubmit
FN:85,handleDelete
FN:104,startEdit
FN:114,cancelForm
FN:135,onClick
FN:159,onChange
FN:171,onChange
FN:202,onError
FN:219,onClick
FN:225,onClick
FNF:12
FNH:8
FNDA:44,Teams
FNDA:11,fetchTeams
FNDA:1,handleSubmit
FNDA:1,handleDelete
FNDA:0,startEdit
FNDA:2,cancelForm
FNDA:5,onClick
FNDA:16,onChange
FNDA:0,onChange
FNDA:0,onError
FNDA:0,onClick
FNDA:1,onClick
DA:1,1
DA:2,1
DA:4,1
DA:6,1
DA:7,44
DA:8,44
DA:9,44
DA:10,44
DA:11,44
DA:12,44
DA:13,44
DA:14,44
DA:15,44
DA:18,44
DA:19,11
DA:20,11
DA:21,11
DA:22,11
DA:23,11
DA:24,11
DA:26,11
DA:27,11
DA:28,11
DA:29,0
DA:30,11
DA:31,11
DA:32,11
DA:33,11
DA:36,44
DA:37,9
DA:38,44
DA:41,44
DA:42,1
DA:43,1
DA:45,1
DA:46,0
DA:47,0
DA:48,0
DA:50,1
DA:51,1
DA:53,0
DA:54,0
DA:55,0
DA:56,0
DA:57,0
DA:58,0
DA:59,0
DA:61,0
DA:62,1
DA:64,1
DA:65,1
DA:66,1
DA:67,1
DA:68,1
DA:69,1
DA:71,1
DA:72,1
DA:75,1
DA:76,1
DA:77,1
DA:78,1
DA:79,1
DA:80,0
DA:81,0
DA:82,1
DA:85,44
DA:86,1
DA:87,0
DA:88,0
DA:90,1
DA:91,1
DA:92,1
DA:93,1
DA:94,1
DA:96,1
DA:97,1
DA:98,1
DA:99,0
DA:100,0
DA:101,1
DA:104,44
DA:105,0
DA:106,0
DA:107,0
DA:108,0
DA:109,0
DA:110,0
DA:111,0
DA:114,44
DA:115,2
DA:116,2
DA:117,2
DA:118,2
DA:119,2
DA:121,44
DA:122,9
DA:123,9
DA:124,9
DA:125,9
DA:127,9
DA:129,34
DA:130,34
DA:131,34
DA:132,34
DA:133,34
DA:134,34
DA:135,34
DA:136,34
DA:137,34
DA:139,34
DA:140,34
DA:142,34
DA:143,0
DA:144,0
DA:145,0
DA:148,44
DA:149,22
DA:150,22
DA:151,22
DA:153,22
DA:154,22
DA:155,22
DA:156,22
DA:157,22
DA:158,22
DA:159,22
DA:160,22
DA:161,22
DA:162,22
DA:163,22
DA:165,22
DA:166,22
DA:167,22
DA:168,22
DA:169,22
DA:170,22
DA:171,22
DA:172,22
DA:173,22
DA:174,22
DA:176,22
DA:177,22
DA:178,22
DA:179,22
DA:180,22
DA:182,22
DA:183,22
DA:184,22
DA:185,22
DA:188,44
DA:189,44
DA:190,1
DA:191,1
DA:192,1
DA:194,33
DA:195,66
DA:196,66
DA:197,66
DA:198,0
DA:199,0
DA:200,0
DA:201,0
DA:202,0
DA:203,0
DA:204,0
DA:205,0
DA:207,66
DA:208,66
DA:210,66
DA:211,66
DA:212,66
DA:213,66
DA:214,66
DA:216,66
DA:217,66
DA:218,66
DA:219,66
DA:220,66
DA:222,66
DA:223,66
DA:224,66
DA:225,66
DA:226,66
DA:228,66
DA:229,66
DA:230,66
DA:231,33
DA:233,44
DA:234,44
DA:236,44
DA:238,1
LF:191
LH:155
BRDA:6,0,0,44
BRDA:121,1,0,43
BRDA:121,2,0,9
BRDA:127,3,0,34
BRDA:142,4,0,0
BRDA:148,5,0,22
BRDA:151,6,0,0
BRDA:178,7,0,0
BRDA:189,8,0,1
BRDA:192,9,0,33
BRDA:18,10,0,11
BRDA:26,11,0,0
BRDA:27,12,0,0
BRDA:28,13,0,0
BRDA:36,14,0,9
BRDA:41,15,0,1
BRDA:45,16,0,0
BRDA:51,17,0,0
BRDA:71,18,0,0
BRDA:79,19,0,0
BRDA:85,20,0,1
BRDA:86,21,0,0
BRDA:96,22,0,0
BRDA:98,23,0,0
BRDA:114,24,0,2
BRDA:135,25,0,5
BRDA:159,26,0,16
BRDA:194,27,0,66
BRDA:197,28,0,0
BRDA:225,29,0,1
BRF:30
BRH:16
end_of_record
TN:
SF:src\contexts\SupabaseContext.tsx
FN:20,SupabaseProvider
FN:51,signOut
FNF:2
FNH:1
FNDA:4,SupabaseProvider
FNDA:0,signOut
DA:1,1
DA:12,1
DA:20,1
DA:21,4
DA:22,4
DA:23,4
DA:25,4
DA:27,3
DA:28,0
DA:29,0
DA:30,0
DA:33,3
DA:34,3
DA:35,3
DA:36,3
DA:37,3
DA:40,3
DA:41,3
DA:42,3
DA:43,0
DA:44,0
DA:45,0
DA:46,3
DA:48,3
DA:49,4
DA:51,4
DA:52,0
DA:53,0
DA:55,4
DA:56,4
DA:57,4
DA:58,4
DA:59,4
DA:60,4
DA:62,4
DA:63,4
DA:64,4
DA:65,4
DA:67,4
LF:39
LH:31
BRDA:20,0,0,4
BRDA:25,1,0,3
BRDA:27,2,0,0
BRDA:33,3,0,3
BRDA:35,4,0,0
BRDA:48,5,0,3
BRF:6
BRH:4
end_of_record
TN:
SF:src\hooks\useAuth.ts
FN:5,useAuth
FN:36,signOut
FNF:2
FNH:2
FNDA:4,useAuth
FNDA:1,signOut
DA:1,1
DA:5,1
DA:6,4
DA:7,4
DA:8,4
DA:10,4
DA:12,4
DA:13,0
DA:14,0
DA:15,0
DA:18,4
DA:19,4
DA:20,4
DA:21,4
DA:22,4
DA:25,4
DA:26,4
DA:27,4
DA:28,0
DA:29,0
DA:30,0
DA:31,4
DA:33,4
DA:34,4
DA:36,4
DA:37,1
DA:38,1
DA:39,1
DA:40,1
DA:42,4
DA:43,4
DA:44,4
DA:45,4
DA:46,4
DA:47,4
DA:48,4
LF:36
LH:30
BRDA:5,0,0,4
BRDA:10,1,0,4
BRDA:12,2,0,0
BRDA:18,3,0,4
BRDA:20,4,0,0
BRDA:33,5,0,4
BRDA:36,6,0,1
BRF:7
BRH:5
end_of_record
TN:
SF:src\lib\supabase.ts
FN:1,(empty-report)
FNF:1
FNH:0
FNDA:0,(empty-report)
DA:1,0
DA:3,0
DA:4,0
DA:7,0
DA:9,0
DA:10,0
DA:11,0
DA:12,0
DA:13,0
DA:14,0
DA:17,0
DA:18,0
DA:19,0
DA:22,0
DA:23,0
DA:24,0
DA:25,0
DA:26,0
DA:27,0
LF:19
LH:0
BRDA:1,0,0,0
BRF:1
BRH:0
end_of_record
TN:
SF:src\utils\emojis.ts
FN:70,getNavigationEmoji
FN:77,getStatsEmoji
FN:84,getActivityEmoji
FN:91,getBoutEmoji
FN:98,getUIEmoji
FN:105,getBrandEmoji
FNF:6
FNH:6
FNDA:50,getNavigationEmoji
FNDA:20,getStatsEmoji
FNDA:12,getActivityEmoji
FNDA:84,getBoutEmoji
FNDA:4,getUIEmoji
FNDA:2,getBrandEmoji
DA:9,1
DA:11,1
DA:12,1
DA:13,1
DA:14,1
DA:15,1
DA:16,1
DA:17,1
DA:20,1
DA:21,1
DA:22,1
DA:23,1
DA:24,1
DA:25,1
DA:26,1
DA:29,1
DA:30,1
DA:31,1
DA:32,1
DA:33,1
DA:36,1
DA:37,1
DA:38,1
DA:39,1
DA:40,1
DA:41,1
DA:44,1
DA:45,1
DA:46,1
DA:47,1
DA:48,1
DA:49,1
DA:52,1
DA:53,1
DA:54,1
DA:55,1
DA:56,1
DA:70,1
DA:71,50
DA:72,50
DA:77,1
DA:78,20
DA:79,20
DA:84,1
DA:85,12
DA:86,12
DA:91,1
DA:92,84
DA:93,84
DA:98,1
DA:99,4
DA:100,4
DA:105,1
DA:106,2
DA:107,2
DA:112,1
LF:56
LH:56
BRDA:70,0,0,50
BRDA:77,1,0,20
BRDA:84,2,0,12
BRDA:91,3,0,84
BRDA:98,4,0,4
BRDA:105,5,0,2
BRF:6
BRH:6
end_of_record
